[ 2018-04-20T23:56:31+08:00 ] 127.0.0.1 /mountings/web/index.php/Connecter/Car/get_car
INFO: [ app_init ] --START--
INFO: Run Behavior\BuildLiteBehavior [ RunTime:0.000033s ]
INFO: [ app_init ] --END-- [ RunTime:0.000586s ]
INFO: [ app_begin ] --START--
INFO: Run Behavior\ReadHtmlCacheBehavior [ RunTime:0.002011s ]
INFO: Run Behavior\CheckLangBehavior [ RunTime:0.001313s ]
INFO: [ app_begin ] --END-- [ RunTime:0.003527s ]
SQL: SHOW COLUMNS FROM `car` [ RunTime:0.1091s ]
SQL: SELECT * FROM `car`  [ RunTime:0.0157s ]
INFO: [ app_end ] --START--
INFO: Run Behavior\ShowPageTraceBehavior [ RunTime:0.001088s ]
INFO: [ app_end ] --END-- [ RunTime:0.001187s ]

[ 2018-04-20T23:56:33+08:00 ] 127.0.0.1 /mountings/web/index.php/Connecter/Car/get_levelone
INFO: [ app_init ] --START--
INFO: Run Behavior\BuildLiteBehavior [ RunTime:0.000022s ]
INFO: [ app_init ] --END-- [ RunTime:0.000536s ]
INFO: [ app_begin ] --START--
INFO: Run Behavior\ReadHtmlCacheBehavior [ RunTime:0.001287s ]
INFO: Run Behavior\CheckLangBehavior [ RunTime:0.002468s ]
INFO: [ app_begin ] --END-- [ RunTime:0.003984s ]
SQL: SHOW COLUMNS FROM `car_level1` [ RunTime:0.0545s ]
SQL: SELECT * FROM `car_level1` WHERE `level1_bid` = '6'  [ RunTime:0.0124s ]
INFO: [ app_end ] --START--
INFO: Run Behavior\ShowPageTraceBehavior [ RunTime:0.001027s ]
INFO: [ app_end ] --END-- [ RunTime:0.001124s ]

[ 2018-04-20T23:56:35+08:00 ] 127.0.0.1 /mountings/web/index.php/Connecter/Car/get_leveltwo
INFO: [ app_init ] --START--
INFO: Run Behavior\BuildLiteBehavior [ RunTime:0.000093s ]
INFO: [ app_init ] --END-- [ RunTime:0.001122s ]
INFO: [ app_begin ] --START--
INFO: Run Behavior\ReadHtmlCacheBehavior [ RunTime:0.001343s ]
INFO: Run Behavior\CheckLangBehavior [ RunTime:0.002643s ]
INFO: [ app_begin ] --END-- [ RunTime:0.004248s ]
SQL: SHOW COLUMNS FROM `car_level2` [ RunTime:0.1983s ]
SQL: SELECT * FROM `car_level2` WHERE `level2_m1id` = '1091'  [ RunTime:0.1078s ]
INFO: [ app_end ] --START--
INFO: Run Behavior\ShowPageTraceBehavior [ RunTime:0.000968s ]
INFO: [ app_end ] --END-- [ RunTime:0.001042s ]

[ 2018-04-20T23:56:37+08:00 ] 127.0.0.1 /mountings/web/index.php/Connecter/Car/get_levelthree
INFO: [ app_init ] --START--
INFO: Run Behavior\BuildLiteBehavior [ RunTime:0.000021s ]
INFO: [ app_init ] --END-- [ RunTime:0.000510s ]
INFO: [ app_begin ] --START--
INFO: Run Behavior\ReadHtmlCacheBehavior [ RunTime:0.000838s ]
INFO: Run Behavior\CheckLangBehavior [ RunTime:0.001253s ]
INFO: [ app_begin ] --END-- [ RunTime:0.002205s ]
SQL: SHOW COLUMNS FROM `car_level3` [ RunTime:0.2389s ]
SQL: SELECT * FROM `car_level3` WHERE `level3_m2id` = '2430'  [ RunTime:0.0880s ]
INFO: [ app_end ] --START--
INFO: Run Behavior\ShowPageTraceBehavior [ RunTime:0.000954s ]
INFO: [ app_end ] --END-- [ RunTime:0.001018s ]

[ 2018-04-20T23:56:39+08:00 ] 127.0.0.1 /mountings/web/index.php/Connecter/Car/get_part
INFO: [ app_init ] --START--
INFO: Run Behavior\BuildLiteBehavior [ RunTime:0.000022s ]
INFO: [ app_init ] --END-- [ RunTime:0.000521s ]
INFO: [ app_begin ] --START--
INFO: Run Behavior\ReadHtmlCacheBehavior [ RunTime:0.000887s ]
INFO: Run Behavior\CheckLangBehavior [ RunTime:0.001252s ]
INFO: [ app_begin ] --END-- [ RunTime:0.002246s ]
SQL: SHOW COLUMNS FROM `partid` [ RunTime:0.1358s ]
SQL: SELECT * FROM partid a LEFT JOIN yiparts_items b on a.partid=b.item_partid  WHERE `item_m3id` = '60290' GROUP BY partid  [ RunTime:0.1835s ]
INFO: [ app_end ] --START--
INFO: Run Behavior\ShowPageTraceBehavior [ RunTime:0.001255s ]
INFO: [ app_end ] --END-- [ RunTime:0.001370s ]

[ 2018-04-20T23:56:41+08:00 ] 127.0.0.1 /mountings/web/index.php/Connecter/Car/get_item
INFO: [ app_init ] --START--
INFO: Run Behavior\BuildLiteBehavior [ RunTime:0.000033s ]
INFO: [ app_init ] --END-- [ RunTime:0.000761s ]
INFO: [ app_begin ] --START--
INFO: Run Behavior\ReadHtmlCacheBehavior [ RunTime:0.001310s ]
INFO: Run Behavior\CheckLangBehavior [ RunTime:0.002002s ]
INFO: [ app_begin ] --END-- [ RunTime:0.003464s ]
SQL: SHOW COLUMNS FROM `yiparts_items` [ RunTime:0.0067s ]
SQL: SELECT * FROM `yiparts_items` WHERE `item_m3id` = '60290' AND `item_partid` = '164'  [ RunTime:0.0215s ]
INFO: [ app_end ] --START--
INFO: Run Behavior\ShowPageTraceBehavior [ RunTime:0.000992s ]
INFO: [ app_end ] --END-- [ RunTime:0.001079s ]

[ 2018-04-20T23:57:37+08:00 ] 127.0.0.1 /mountings/web/index.php/Connecter/Car/get_leveltwo
INFO: [ app_init ] --START--
INFO: Run Behavior\BuildLiteBehavior [ RunTime:0.000021s ]
INFO: [ app_init ] --END-- [ RunTime:0.000501s ]
INFO: [ app_begin ] --START--
INFO: Run Behavior\ReadHtmlCacheBehavior [ RunTime:0.001064s ]
INFO: Run Behavior\CheckLangBehavior [ RunTime:0.002672s ]
INFO: [ app_begin ] --END-- [ RunTime:0.003881s ]
SQL: SHOW COLUMNS FROM `car_level2` [ RunTime:0.0083s ]
SQL: SELECT * FROM `car_level2` WHERE `level2_m1id` = '1091'  [ RunTime:0.0011s ]
INFO: [ app_end ] --START--
INFO: Run Behavior\ShowPageTraceBehavior [ RunTime:0.001623s ]
INFO: [ app_end ] --END-- [ RunTime:0.001722s ]

[ 2018-04-20T23:58:10+08:00 ] 127.0.0.1 /mountings/web/index.php/Connecter/Car/get_leveltwo
INFO: [ app_init ] --START--
INFO: Run Behavior\BuildLiteBehavior [ RunTime:0.000021s ]
INFO: [ app_init ] --END-- [ RunTime:0.000502s ]
INFO: [ app_begin ] --START--
INFO: Run Behavior\ReadHtmlCacheBehavior [ RunTime:0.000853s ]
INFO: Run Behavior\CheckLangBehavior [ RunTime:0.001233s ]
INFO: [ app_begin ] --END-- [ RunTime:0.002192s ]
SQL: SHOW COLUMNS FROM `car_level2` [ RunTime:0.0108s ]
SQL: SELECT * FROM `car_level2` WHERE `level2_m1id` = '1091'  [ RunTime:0.0011s ]
INFO: [ app_end ] --START--
INFO: Run Behavior\ShowPageTraceBehavior [ RunTime:0.000993s ]
INFO: [ app_end ] --END-- [ RunTime:0.001059s ]

[ 2018-04-20T23:58:38+08:00 ] 127.0.0.1 /mountings/web/index.php/Connecter/Car/get_car
INFO: [ app_init ] --START--
INFO: Run Behavior\BuildLiteBehavior [ RunTime:0.000029s ]
INFO: [ app_init ] --END-- [ RunTime:0.000703s ]
INFO: [ app_begin ] --START--
INFO: Run Behavior\ReadHtmlCacheBehavior [ RunTime:0.001236s ]
INFO: Run Behavior\CheckLangBehavior [ RunTime:0.001750s ]
INFO: [ app_begin ] --END-- [ RunTime:0.003132s ]
SQL: SHOW COLUMNS FROM `car` [ RunTime:0.0069s ]
SQL: SELECT * FROM `car`  [ RunTime:0.0009s ]
INFO: [ app_end ] --START--
INFO: Run Behavior\ShowPageTraceBehavior [ RunTime:0.003820s ]
INFO: [ app_end ] --END-- [ RunTime:0.004102s ]

[ 2018-04-20T23:58:42+08:00 ] 127.0.0.1 /mountings/web/index.php/Connecter/Car/get_car
INFO: [ app_init ] --START--
INFO: Run Behavior\BuildLiteBehavior [ RunTime:0.000021s ]
INFO: [ app_init ] --END-- [ RunTime:0.000497s ]
INFO: [ app_begin ] --START--
INFO: Run Behavior\ReadHtmlCacheBehavior [ RunTime:0.001441s ]
INFO: Run Behavior\CheckLangBehavior [ RunTime:0.001684s ]
INFO: [ app_begin ] --END-- [ RunTime:0.003438s ]
SQL: SHOW COLUMNS FROM `car` [ RunTime:0.0075s ]
SQL: SELECT * FROM `car`  [ RunTime:0.0009s ]
INFO: [ app_end ] --START--
INFO: Run Behavior\ShowPageTraceBehavior [ RunTime:0.001128s ]
INFO: [ app_end ] --END-- [ RunTime:0.001218s ]

[ 2018-04-20T23:58:45+08:00 ] 127.0.0.1 /mountings/web/index.php/Connecter/Car/get_levelone
INFO: [ app_init ] --START--
INFO: Run Behavior\BuildLiteBehavior [ RunTime:0.000022s ]
INFO: [ app_init ] --END-- [ RunTime:0.000544s ]
INFO: [ app_begin ] --START--
INFO: Run Behavior\ReadHtmlCacheBehavior [ RunTime:0.000848s ]
INFO: Run Behavior\CheckLangBehavior [ RunTime:0.001274s ]
INFO: [ app_begin ] --END-- [ RunTime:0.002245s ]
SQL: SHOW COLUMNS FROM `car_level1` [ RunTime:0.0073s ]
SQL: SELECT * FROM `car_level1` WHERE `level1_bid` = '6'  [ RunTime:0.0022s ]
INFO: [ app_end ] --START--
INFO: Run Behavior\ShowPageTraceBehavior [ RunTime:0.001624s ]
INFO: [ app_end ] --END-- [ RunTime:0.001769s ]

[ 2018-04-20T23:59:30+08:00 ] 127.0.0.1 /mountings/web/index.php/Connecter/Car/get_car
INFO: [ app_init ] --START--
INFO: Run Behavior\BuildLiteBehavior [ RunTime:0.000022s ]
INFO: [ app_init ] --END-- [ RunTime:0.000512s ]
INFO: [ app_begin ] --START--
INFO: Run Behavior\ReadHtmlCacheBehavior [ RunTime:0.000860s ]
INFO: Run Behavior\CheckLangBehavior [ RunTime:0.001221s ]
INFO: [ app_begin ] --END-- [ RunTime:0.002192s ]
SQL: SHOW COLUMNS FROM `car` [ RunTime:0.0092s ]
SQL: SELECT * FROM `car`  [ RunTime:0.0019s ]
INFO: [ app_end ] --START--
INFO: Run Behavior\ShowPageTraceBehavior [ RunTime:0.001353s ]
INFO: [ app_end ] --END-- [ RunTime:0.001442s ]

[ 2018-04-20T23:59:33+08:00 ] 127.0.0.1 /mountings/web/index.php/Connecter/Car/get_levelone
INFO: [ app_init ] --START--
INFO: Run Behavior\BuildLiteBehavior [ RunTime:0.000031s ]
INFO: [ app_init ] --END-- [ RunTime:0.000755s ]
INFO: [ app_begin ] --START--
INFO: Run Behavior\ReadHtmlCacheBehavior [ RunTime:0.002486s ]
INFO: Run Behavior\CheckLangBehavior [ RunTime:0.001672s ]
INFO: [ app_begin ] --END-- [ RunTime:0.004469s ]
SQL: SHOW COLUMNS FROM `car_level1` [ RunTime:0.0073s ]
SQL: SELECT * FROM `car_level1` WHERE `level1_bid` = '107'  [ RunTime:0.0010s ]
INFO: [ app_end ] --START--
INFO: Run Behavior\ShowPageTraceBehavior [ RunTime:0.001899s ]
INFO: [ app_end ] --END-- [ RunTime:0.001984s ]

[ 2018-04-20T23:59:35+08:00 ] 127.0.0.1 /mountings/web/index.php/Connecter/Car/get_car
INFO: [ app_init ] --START--
INFO: Run Behavior\BuildLiteBehavior [ RunTime:0.000023s ]
INFO: [ app_init ] --END-- [ RunTime:0.000524s ]
INFO: [ app_begin ] --START--
INFO: Run Behavior\ReadHtmlCacheBehavior [ RunTime:0.001467s ]
INFO: Run Behavior\CheckLangBehavior [ RunTime:0.003659s ]
INFO: [ app_begin ] --END-- [ RunTime:0.005419s ]
SQL: SHOW COLUMNS FROM `car` [ RunTime:0.0123s ]
SQL: SELECT * FROM `car`  [ RunTime:0.0011s ]
INFO: [ app_end ] --START--
INFO: Run Behavior\ShowPageTraceBehavior [ RunTime:0.001415s ]
INFO: [ app_end ] --END-- [ RunTime:0.001508s ]

[ 2018-04-20T23:59:40+08:00 ] 127.0.0.1 /mountings/web/index.php/Connecter/Car/get_levelone
INFO: [ app_init ] --START--
INFO: Run Behavior\BuildLiteBehavior [ RunTime:0.000022s ]
INFO: [ app_init ] --END-- [ RunTime:0.000507s ]
INFO: [ app_begin ] --START--
INFO: Run Behavior\ReadHtmlCacheBehavior [ RunTime:0.000838s ]
INFO: Run Behavior\CheckLangBehavior [ RunTime:0.001626s ]
INFO: [ app_begin ] --END-- [ RunTime:0.002869s ]
SQL: SHOW COLUMNS FROM `car_level1` [ RunTime:0.0088s ]
SQL: SELECT * FROM `car_level1` WHERE `level1_bid` = '35'  [ RunTime:0.0008s ]
INFO: [ app_end ] --START--
INFO: Run Behavior\ShowPageTraceBehavior [ RunTime:0.000972s ]
INFO: [ app_end ] --END-- [ RunTime:0.001036s ]

[ 2018-04-20T23:59:42+08:00 ] 127.0.0.1 /mountings/web/index.php/Connecter/Car/get_car
INFO: [ app_init ] --START--
INFO: Run Behavior\BuildLiteBehavior [ RunTime:0.000031s ]
INFO: [ app_init ] --END-- [ RunTime:0.000678s ]
INFO: [ app_begin ] --START--
INFO: Run Behavior\ReadHtmlCacheBehavior [ RunTime:0.001318s ]
INFO: Run Behavior\CheckLangBehavior [ RunTime:0.003157s ]
INFO: [ app_begin ] --END-- [ RunTime:0.004825s ]
SQL: SHOW COLUMNS FROM `car` [ RunTime:0.0072s ]
SQL: SELECT * FROM `car`  [ RunTime:0.0009s ]
INFO: [ app_end ] --START--
INFO: Run Behavior\ShowPageTraceBehavior [ RunTime:0.002366s ]
INFO: [ app_end ] --END-- [ RunTime:0.002463s ]

[ 2018-04-20T23:59:44+08:00 ] 127.0.0.1 /mountings/web/index.php/Connecter/Car/get_levelone
INFO: [ app_init ] --START--
INFO: Run Behavior\BuildLiteBehavior [ RunTime:0.000022s ]
INFO: [ app_init ] --END-- [ RunTime:0.000635s ]
INFO: [ app_begin ] --START--
INFO: Run Behavior\ReadHtmlCacheBehavior [ RunTime:0.000855s ]
INFO: Run Behavior\CheckLangBehavior [ RunTime:0.001341s ]
INFO: [ app_begin ] --END-- [ RunTime:0.002304s ]
SQL: SHOW COLUMNS FROM `car_level1` [ RunTime:0.0153s ]
SQL: SELECT * FROM `car_level1` WHERE `level1_bid` = '6'  [ RunTime:0.0009s ]
INFO: [ app_end ] --START--
INFO: Run Behavior\ShowPageTraceBehavior [ RunTime:0.001079s ]
INFO: [ app_end ] --END-- [ RunTime:0.001171s ]

[ 2018-04-20T23:59:45+08:00 ] 127.0.0.1 /mountings/web/index.php/Connecter/Car/get_levelone
INFO: [ app_init ] --START--
INFO: Run Behavior\BuildLiteBehavior [ RunTime:0.000021s ]
INFO: [ app_init ] --END-- [ RunTime:0.000512s ]
INFO: [ app_begin ] --START--
INFO: Run Behavior\ReadHtmlCacheBehavior [ RunTime:0.000861s ]
INFO: Run Behavior\CheckLangBehavior [ RunTime:0.002143s ]
INFO: [ app_begin ] --END-- [ RunTime:0.003151s ]
SQL: SHOW COLUMNS FROM `car_level1` [ RunTime:0.0083s ]
SQL: SELECT * FROM `car_level1` WHERE `level1_bid` = '6'  [ RunTime:0.0010s ]
INFO: [ app_end ] --START--
INFO: Run Behavior\ShowPageTraceBehavior [ RunTime:0.000939s ]
INFO: [ app_end ] --END-- [ RunTime:0.001022s ]

[ 2018-04-20T23:59:47+08:00 ] 127.0.0.1 /mountings/web/index.php/Connecter/Car/get_car
INFO: [ app_init ] --START--
INFO: Run Behavior\BuildLiteBehavior [ RunTime:0.000021s ]
INFO: [ app_init ] --END-- [ RunTime:0.000506s ]
INFO: [ app_begin ] --START--
INFO: Run Behavior\ReadHtmlCacheBehavior [ RunTime:0.000850s ]
INFO: Run Behavior\CheckLangBehavior [ RunTime:0.001217s ]
INFO: [ app_begin ] --END-- [ RunTime:0.002210s ]
SQL: SHOW COLUMNS FROM `car` [ RunTime:0.0509s ]
SQL: SELECT * FROM `car`  [ RunTime:0.0009s ]
INFO: [ app_end ] --START--
INFO: Run Behavior\ShowPageTraceBehavior [ RunTime:0.001246s ]
INFO: [ app_end ] --END-- [ RunTime:0.001358s ]

