[ 2018-03-29T11:43:47+08:00 ] 202.105.104.115 /index.php/Admin
INFO: [ app_init ] --START--
INFO: Run Behavior\BuildLiteBehavior [ RunTime:0.000022s ]
INFO: [ app_init ] --END-- [ RunTime:0.000228s ]
INFO: [ app_begin ] --START--
INFO: Run Behavior\ReadHtmlCacheBehavior [ RunTime:0.000144s ]
INFO: Run Behavior\CheckLangBehavior [ RunTime:0.000373s ]
INFO: [ app_begin ] --END-- [ RunTime:0.000615s ]
INFO: [ view_parse ] --START--
INFO: [ template_filter ] --START--
INFO: Run Behavior\ContentReplaceBehavior [ RunTime:0.000065s ]
INFO: [ template_filter ] --END-- [ RunTime:0.000153s ]
INFO: Run Behavior\ParseTemplateBehavior [ RunTime:0.012129s ]
INFO: [ view_parse ] --END-- [ RunTime:0.012215s ]
INFO: [ view_filter ] --START--
INFO: Run Behavior\WriteHtmlCacheBehavior [ RunTime:0.000137s ]
INFO: [ view_filter ] --END-- [ RunTime:0.000194s ]
INFO: [ app_end ] --START--
INFO: Run Behavior\ShowPageTraceBehavior [ RunTime:0.000133s ]
INFO: [ app_end ] --END-- [ RunTime:0.000194s ]

[ 2018-03-29T11:43:47+08:00 ] 202.105.104.115 /index.php/Admin/Index/main.html
INFO: [ app_init ] --START--
INFO: Run Behavior\BuildLiteBehavior [ RunTime:0.000022s ]
INFO: [ app_init ] --END-- [ RunTime:0.000225s ]
INFO: [ app_begin ] --START--
INFO: Run Behavior\ReadHtmlCacheBehavior [ RunTime:0.000141s ]
INFO: Run Behavior\CheckLangBehavior [ RunTime:0.000378s ]
INFO: [ app_begin ] --END-- [ RunTime:0.000618s ]
INFO: [ view_parse ] --START--
INFO: [ template_filter ] --START--
INFO: Run Behavior\ContentReplaceBehavior [ RunTime:0.000055s ]
INFO: [ template_filter ] --END-- [ RunTime:0.000146s ]
INFO: Run Behavior\ParseTemplateBehavior [ RunTime:0.009461s ]
INFO: [ view_parse ] --END-- [ RunTime:0.009536s ]
INFO: [ view_filter ] --START--
INFO: Run Behavior\WriteHtmlCacheBehavior [ RunTime:0.000129s ]
INFO: [ view_filter ] --END-- [ RunTime:0.000183s ]
INFO: [ app_end ] --START--
INFO: Run Behavior\ShowPageTraceBehavior [ RunTime:0.000134s ]
INFO: [ app_end ] --END-- [ RunTime:0.000194s ]

[ 2018-03-29T11:43:50+08:00 ] 202.105.104.115 /index.php/Admin/Knowdetail/get_email
INFO: [ app_init ] --START--
INFO: Run Behavior\BuildLiteBehavior [ RunTime:0.000016s ]
INFO: [ app_init ] --END-- [ RunTime:0.000157s ]
INFO: [ app_begin ] --START--
INFO: Run Behavior\ReadHtmlCacheBehavior [ RunTime:0.000115s ]
INFO: Run Behavior\CheckLangBehavior [ RunTime:0.000239s ]
INFO: [ app_begin ] --END-- [ RunTime:0.000417s ]
SQL: SHOW COLUMNS FROM `email` [ RunTime:0.0012s ]
SQL: SELECT COUNT(*) AS tp_count FROM `email` LIMIT 1   [ RunTime:0.0008s ]
SQL: SELECT * FROM `email` LIMIT 0,5   [ RunTime:0.0003s ]
INFO: [ view_parse ] --START--
INFO: [ template_filter ] --START--
INFO: Run Behavior\ContentReplaceBehavior [ RunTime:0.000058s ]
INFO: [ template_filter ] --END-- [ RunTime:0.000136s ]
NOTIC: [8] Use of undefined constant ADMIN_LAYUI_URL - assumed 'ADMIN_LAYUI_URL' /home/ubizyme/public_html/Runtime/Cache/Admin/d4e3dbc3bb630875e636dd2f476c51bf.php 第 12 行.
NOTIC: [8] Undefined index: user_id /home/ubizyme/public_html/Runtime/Cache/Admin/d4e3dbc3bb630875e636dd2f476c51bf.php 第 60 行.
NOTIC: [8] Undefined index: user_id /home/ubizyme/public_html/Runtime/Cache/Admin/d4e3dbc3bb630875e636dd2f476c51bf.php 第 60 行.
NOTIC: [8] Undefined index: user_id /home/ubizyme/public_html/Runtime/Cache/Admin/d4e3dbc3bb630875e636dd2f476c51bf.php 第 60 行.
NOTIC: [8] Undefined index: user_id /home/ubizyme/public_html/Runtime/Cache/Admin/d4e3dbc3bb630875e636dd2f476c51bf.php 第 60 行.
NOTIC: [8] Undefined index: user_id /home/ubizyme/public_html/Runtime/Cache/Admin/d4e3dbc3bb630875e636dd2f476c51bf.php 第 60 行.
NOTIC: [8] Undefined index: user_id /home/ubizyme/public_html/Runtime/Cache/Admin/d4e3dbc3bb630875e636dd2f476c51bf.php 第 60 行.
NOTIC: [8] Undefined index: user_id /home/ubizyme/public_html/Runtime/Cache/Admin/d4e3dbc3bb630875e636dd2f476c51bf.php 第 60 行.
NOTIC: [8] Undefined index: user_id /home/ubizyme/public_html/Runtime/Cache/Admin/d4e3dbc3bb630875e636dd2f476c51bf.php 第 60 行.
NOTIC: [8] Undefined index: user_id /home/ubizyme/public_html/Runtime/Cache/Admin/d4e3dbc3bb630875e636dd2f476c51bf.php 第 60 行.
NOTIC: [8] Undefined index: user_id /home/ubizyme/public_html/Runtime/Cache/Admin/d4e3dbc3bb630875e636dd2f476c51bf.php 第 60 行.
NOTIC: [8] Use of undefined constant ADMIN_LAYUI_URL - assumed 'ADMIN_LAYUI_URL' /home/ubizyme/public_html/Runtime/Cache/Admin/d4e3dbc3bb630875e636dd2f476c51bf.php 第 82 行.
INFO: Run Behavior\ParseTemplateBehavior [ RunTime:0.005989s ]
INFO: [ view_parse ] --END-- [ RunTime:0.006066s ]
INFO: [ view_filter ] --START--
INFO: Run Behavior\WriteHtmlCacheBehavior [ RunTime:0.000108s ]
INFO: [ view_filter ] --END-- [ RunTime:0.000151s ]
INFO: [ app_end ] --START--
INFO: Run Behavior\ShowPageTraceBehavior [ RunTime:0.000097s ]
INFO: [ app_end ] --END-- [ RunTime:0.000136s ]

[ 2018-03-29T11:43:51+08:00 ] 202.105.104.115 /index.php/Admin/Knowdetail/ADMIN_LAYUI_URLcss/layui.css
INFO: [ app_init ] --START--
INFO: Run Behavior\BuildLiteBehavior [ RunTime:0.000016s ]
INFO: [ app_init ] --END-- [ RunTime:0.000163s ]
INFO: [ app_begin ] --START--
INFO: Run Behavior\ReadHtmlCacheBehavior [ RunTime:0.000107s ]
INFO: Run Behavior\CheckLangBehavior [ RunTime:0.000261s ]
INFO: [ app_begin ] --END-- [ RunTime:0.000430s ]
ERR: 非法操作:ADMIN_LAYUI_URLcss

[ 2018-03-29T11:43:51+08:00 ] 202.105.104.115 /index.php/Admin/Knowdetail/ADMIN_LAYUI_URLlay/dest/layui.all.js
INFO: [ app_init ] --START--
INFO: Run Behavior\BuildLiteBehavior [ RunTime:0.000011s ]
INFO: [ app_init ] --END-- [ RunTime:0.000127s ]
INFO: [ app_begin ] --START--
INFO: Run Behavior\ReadHtmlCacheBehavior [ RunTime:0.000089s ]
INFO: Run Behavior\CheckLangBehavior [ RunTime:0.000244s ]
INFO: [ app_begin ] --END-- [ RunTime:0.000395s ]
ERR: 非法操作:ADMIN_LAYUI_URLlay

[ 2018-03-29T11:43:51+08:00 ] 202.105.104.115 /index.php/Admin/Knowdetail/ADMIN_LAYUI_URLlay/dest/layui.all.js
INFO: [ app_init ] --START--
INFO: Run Behavior\BuildLiteBehavior [ RunTime:0.000016s ]
INFO: [ app_init ] --END-- [ RunTime:0.000156s ]
INFO: [ app_begin ] --START--
INFO: Run Behavior\ReadHtmlCacheBehavior [ RunTime:0.000095s ]
INFO: Run Behavior\CheckLangBehavior [ RunTime:0.000246s ]
INFO: [ app_begin ] --END-- [ RunTime:0.000403s ]
ERR: 非法操作:ADMIN_LAYUI_URLlay

[ 2018-03-29T11:43:54+08:00 ] 202.105.104.115 /index.php/Admin/Knowdetail/get_email/p/2.html
INFO: [ app_init ] --START--
INFO: Run Behavior\BuildLiteBehavior [ RunTime:0.000019s ]
INFO: [ app_init ] --END-- [ RunTime:0.000211s ]
INFO: [ app_begin ] --START--
INFO: Run Behavior\ReadHtmlCacheBehavior [ RunTime:0.000144s ]
INFO: Run Behavior\CheckLangBehavior [ RunTime:0.000265s ]
INFO: [ app_begin ] --END-- [ RunTime:0.000493s ]
SQL: SHOW COLUMNS FROM `email` [ RunTime:0.0007s ]
SQL: SELECT COUNT(*) AS tp_count FROM `email` LIMIT 1   [ RunTime:0.0003s ]
SQL: SELECT * FROM `email` LIMIT 5,5   [ RunTime:0.0003s ]
INFO: [ view_parse ] --START--
INFO: [ template_filter ] --START--
INFO: Run Behavior\ContentReplaceBehavior [ RunTime:0.000058s ]
INFO: [ template_filter ] --END-- [ RunTime:0.000119s ]
NOTIC: [8] Use of undefined constant ADMIN_LAYUI_URL - assumed 'ADMIN_LAYUI_URL' /home/ubizyme/public_html/Runtime/Cache/Admin/d4e3dbc3bb630875e636dd2f476c51bf.php 第 12 行.
NOTIC: [8] Undefined index: user_id /home/ubizyme/public_html/Runtime/Cache/Admin/d4e3dbc3bb630875e636dd2f476c51bf.php 第 60 行.
NOTIC: [8] Undefined index: user_id /home/ubizyme/public_html/Runtime/Cache/Admin/d4e3dbc3bb630875e636dd2f476c51bf.php 第 60 行.
NOTIC: [8] Undefined index: user_id /home/ubizyme/public_html/Runtime/Cache/Admin/d4e3dbc3bb630875e636dd2f476c51bf.php 第 60 行.
NOTIC: [8] Undefined index: user_id /home/ubizyme/public_html/Runtime/Cache/Admin/d4e3dbc3bb630875e636dd2f476c51bf.php 第 60 行.
NOTIC: [8] Undefined index: user_id /home/ubizyme/public_html/Runtime/Cache/Admin/d4e3dbc3bb630875e636dd2f476c51bf.php 第 60 行.
NOTIC: [8] Undefined index: user_id /home/ubizyme/public_html/Runtime/Cache/Admin/d4e3dbc3bb630875e636dd2f476c51bf.php 第 60 行.
NOTIC: [8] Use of undefined constant ADMIN_LAYUI_URL - assumed 'ADMIN_LAYUI_URL' /home/ubizyme/public_html/Runtime/Cache/Admin/d4e3dbc3bb630875e636dd2f476c51bf.php 第 82 行.
INFO: Run Behavior\ParseTemplateBehavior [ RunTime:0.003979s ]
INFO: [ view_parse ] --END-- [ RunTime:0.004037s ]
INFO: [ view_filter ] --START--
INFO: Run Behavior\WriteHtmlCacheBehavior [ RunTime:0.000126s ]
INFO: [ view_filter ] --END-- [ RunTime:0.000176s ]
INFO: [ app_end ] --START--
INFO: Run Behavior\ShowPageTraceBehavior [ RunTime:0.000096s ]
INFO: [ app_end ] --END-- [ RunTime:0.000134s ]

[ 2018-03-29T11:43:54+08:00 ] 202.105.104.115 /index.php/Admin/Knowdetail/get_email/p/ADMIN_LAYUI_URLcss/layui.css
INFO: [ app_init ] --START--
INFO: Run Behavior\BuildLiteBehavior [ RunTime:0.000014s ]
INFO: [ app_init ] --END-- [ RunTime:0.000154s ]
INFO: [ app_begin ] --START--
INFO: Run Behavior\ReadHtmlCacheBehavior [ RunTime:0.000094s ]
INFO: Run Behavior\CheckLangBehavior [ RunTime:0.000316s ]
INFO: [ app_begin ] --END-- [ RunTime:0.000472s ]
SQL: SHOW COLUMNS FROM `email` [ RunTime:0.0006s ]
SQL: SELECT COUNT(*) AS tp_count FROM `email` LIMIT 1   [ RunTime:0.0003s ]
SQL: SELECT * FROM `email` LIMIT 0,5   [ RunTime:0.0002s ]
INFO: [ view_parse ] --START--
INFO: [ template_filter ] --START--
INFO: Run Behavior\ContentReplaceBehavior [ RunTime:0.000039s ]
INFO: [ template_filter ] --END-- [ RunTime:0.000079s ]
NOTIC: [8] Use of undefined constant ADMIN_LAYUI_URL - assumed 'ADMIN_LAYUI_URL' /home/ubizyme/public_html/Runtime/Cache/Admin/d4e3dbc3bb630875e636dd2f476c51bf.php 第 12 行.
NOTIC: [8] Undefined index: user_id /home/ubizyme/public_html/Runtime/Cache/Admin/d4e3dbc3bb630875e636dd2f476c51bf.php 第 60 行.
NOTIC: [8] Undefined index: user_id /home/ubizyme/public_html/Runtime/Cache/Admin/d4e3dbc3bb630875e636dd2f476c51bf.php 第 60 行.
NOTIC: [8] Undefined index: user_id /home/ubizyme/public_html/Runtime/Cache/Admin/d4e3dbc3bb630875e636dd2f476c51bf.php 第 60 行.
NOTIC: [8] Undefined index: user_id /home/ubizyme/public_html/Runtime/Cache/Admin/d4e3dbc3bb630875e636dd2f476c51bf.php 第 60 行.
NOTIC: [8] Undefined index: user_id /home/ubizyme/public_html/Runtime/Cache/Admin/d4e3dbc3bb630875e636dd2f476c51bf.php 第 60 行.
NOTIC: [8] Undefined index: user_id /home/ubizyme/public_html/Runtime/Cache/Admin/d4e3dbc3bb630875e636dd2f476c51bf.php 第 60 行.
NOTIC: [8] Undefined index: user_id /home/ubizyme/public_html/Runtime/Cache/Admin/d4e3dbc3bb630875e636dd2f476c51bf.php 第 60 行.
NOTIC: [8] Undefined index: user_id /home/ubizyme/public_html/Runtime/Cache/Admin/d4e3dbc3bb630875e636dd2f476c51bf.php 第 60 行.
NOTIC: [8] Undefined index: user_id /home/ubizyme/public_html/Runtime/Cache/Admin/d4e3dbc3bb630875e636dd2f476c51bf.php 第 60 行.
NOTIC: [8] Undefined index: user_id /home/ubizyme/public_html/Runtime/Cache/Admin/d4e3dbc3bb630875e636dd2f476c51bf.php 第 60 行.
NOTIC: [8] Use of undefined constant ADMIN_LAYUI_URL - assumed 'ADMIN_LAYUI_URL' /home/ubizyme/public_html/Runtime/Cache/Admin/d4e3dbc3bb630875e636dd2f476c51bf.php 第 82 行.
INFO: Run Behavior\ParseTemplateBehavior [ RunTime:0.003041s ]
INFO: [ view_parse ] --END-- [ RunTime:0.003079s ]
INFO: [ view_filter ] --START--
INFO: Run Behavior\WriteHtmlCacheBehavior [ RunTime:0.000104s ]
INFO: [ view_filter ] --END-- [ RunTime:0.000136s ]
INFO: [ app_end ] --START--
INFO: Run Behavior\ShowPageTraceBehavior [ RunTime:0.000093s ]
INFO: [ app_end ] --END-- [ RunTime:0.000130s ]

[ 2018-03-29T11:43:54+08:00 ] 202.105.104.115 /index.php/Admin/Knowdetail/get_email/p/ADMIN_LAYUI_URLlay/dest/layui.all.js
INFO: [ app_init ] --START--
INFO: Run Behavior\BuildLiteBehavior [ RunTime:0.000014s ]
INFO: [ app_init ] --END-- [ RunTime:0.000153s ]
INFO: [ app_begin ] --START--
INFO: Run Behavior\ReadHtmlCacheBehavior [ RunTime:0.000101s ]
INFO: Run Behavior\CheckLangBehavior [ RunTime:0.000243s ]
INFO: [ app_begin ] --END-- [ RunTime:0.000490s ]
SQL: SHOW COLUMNS FROM `email` [ RunTime:0.0006s ]
SQL: SELECT COUNT(*) AS tp_count FROM `email` LIMIT 1   [ RunTime:0.0003s ]
SQL: SELECT * FROM `email` LIMIT 0,5   [ RunTime:0.0002s ]
INFO: [ view_parse ] --START--
INFO: [ template_filter ] --START--
INFO: Run Behavior\ContentReplaceBehavior [ RunTime:0.000039s ]
INFO: [ template_filter ] --END-- [ RunTime:0.000078s ]
NOTIC: [8] Use of undefined constant ADMIN_LAYUI_URL - assumed 'ADMIN_LAYUI_URL' /home/ubizyme/public_html/Runtime/Cache/Admin/d4e3dbc3bb630875e636dd2f476c51bf.php 第 12 行.
NOTIC: [8] Undefined index: user_id /home/ubizyme/public_html/Runtime/Cache/Admin/d4e3dbc3bb630875e636dd2f476c51bf.php 第 60 行.
NOTIC: [8] Undefined index: user_id /home/ubizyme/public_html/Runtime/Cache/Admin/d4e3dbc3bb630875e636dd2f476c51bf.php 第 60 行.
NOTIC: [8] Undefined index: user_id /home/ubizyme/public_html/Runtime/Cache/Admin/d4e3dbc3bb630875e636dd2f476c51bf.php 第 60 行.
NOTIC: [8] Undefined index: user_id /home/ubizyme/public_html/Runtime/Cache/Admin/d4e3dbc3bb630875e636dd2f476c51bf.php 第 60 行.
NOTIC: [8] Undefined index: user_id /home/ubizyme/public_html/Runtime/Cache/Admin/d4e3dbc3bb630875e636dd2f476c51bf.php 第 60 行.
NOTIC: [8] Undefined index: user_id /home/ubizyme/public_html/Runtime/Cache/Admin/d4e3dbc3bb630875e636dd2f476c51bf.php 第 60 行.
NOTIC: [8] Undefined index: user_id /home/ubizyme/public_html/Runtime/Cache/Admin/d4e3dbc3bb630875e636dd2f476c51bf.php 第 60 行.
NOTIC: [8] Undefined index: user_id /home/ubizyme/public_html/Runtime/Cache/Admin/d4e3dbc3bb630875e636dd2f476c51bf.php 第 60 行.
NOTIC: [8] Undefined index: user_id /home/ubizyme/public_html/Runtime/Cache/Admin/d4e3dbc3bb630875e636dd2f476c51bf.php 第 60 行.
NOTIC: [8] Undefined index: user_id /home/ubizyme/public_html/Runtime/Cache/Admin/d4e3dbc3bb630875e636dd2f476c51bf.php 第 60 行.
NOTIC: [8] Use of undefined constant ADMIN_LAYUI_URL - assumed 'ADMIN_LAYUI_URL' /home/ubizyme/public_html/Runtime/Cache/Admin/d4e3dbc3bb630875e636dd2f476c51bf.php 第 82 行.
INFO: Run Behavior\ParseTemplateBehavior [ RunTime:0.003072s ]
INFO: [ view_parse ] --END-- [ RunTime:0.003130s ]
INFO: [ view_filter ] --START--
INFO: Run Behavior\WriteHtmlCacheBehavior [ RunTime:0.000093s ]
INFO: [ view_filter ] --END-- [ RunTime:0.000125s ]
INFO: [ app_end ] --START--
INFO: Run Behavior\ShowPageTraceBehavior [ RunTime:0.000092s ]
INFO: [ app_end ] --END-- [ RunTime:0.000128s ]

[ 2018-03-29T11:45:47+08:00 ] 202.105.104.115 /index.php/Admin
INFO: [ app_init ] --START--
INFO: Run Behavior\BuildLiteBehavior [ RunTime:0.000022s ]
INFO: [ app_init ] --END-- [ RunTime:0.000232s ]
INFO: [ app_begin ] --START--
INFO: Run Behavior\ReadHtmlCacheBehavior [ RunTime:0.000137s ]
INFO: Run Behavior\CheckLangBehavior [ RunTime:0.000298s ]
INFO: [ app_begin ] --END-- [ RunTime:0.000550s ]
INFO: [ view_parse ] --START--
INFO: [ template_filter ] --START--
INFO: Run Behavior\ContentReplaceBehavior [ RunTime:0.000034s ]
INFO: [ template_filter ] --END-- [ RunTime:0.000074s ]
INFO: Run Behavior\ParseTemplateBehavior [ RunTime:0.002610s ]
INFO: [ view_parse ] --END-- [ RunTime:0.002649s ]
INFO: [ view_filter ] --START--
INFO: Run Behavior\WriteHtmlCacheBehavior [ RunTime:0.000100s ]
INFO: [ view_filter ] --END-- [ RunTime:0.000132s ]
INFO: [ app_end ] --START--
INFO: Run Behavior\ShowPageTraceBehavior [ RunTime:0.000091s ]
INFO: [ app_end ] --END-- [ RunTime:0.000124s ]

[ 2018-03-29T11:45:48+08:00 ] 202.105.104.115 /index.php/Admin/Index/main.html
INFO: [ app_init ] --START--
INFO: Run Behavior\BuildLiteBehavior [ RunTime:0.000014s ]
INFO: [ app_init ] --END-- [ RunTime:0.000160s ]
INFO: [ app_begin ] --START--
INFO: Run Behavior\ReadHtmlCacheBehavior [ RunTime:0.000095s ]
INFO: Run Behavior\CheckLangBehavior [ RunTime:0.000239s ]
INFO: [ app_begin ] --END-- [ RunTime:0.000396s ]
INFO: [ view_parse ] --START--
INFO: [ template_filter ] --START--
INFO: Run Behavior\ContentReplaceBehavior [ RunTime:0.000026s ]
INFO: [ template_filter ] --END-- [ RunTime:0.000065s ]
INFO: Run Behavior\ParseTemplateBehavior [ RunTime:0.001826s ]
INFO: [ view_parse ] --END-- [ RunTime:0.001866s ]
INFO: [ view_filter ] --START--
INFO: Run Behavior\WriteHtmlCacheBehavior [ RunTime:0.000090s ]
INFO: [ view_filter ] --END-- [ RunTime:0.000121s ]
INFO: [ app_end ] --START--
INFO: Run Behavior\ShowPageTraceBehavior [ RunTime:0.000090s ]
INFO: [ app_end ] --END-- [ RunTime:0.000125s ]

[ 2018-03-29T11:45:49+08:00 ] 202.105.104.115 /index.php/Admin/Knowdetail/get_email
INFO: [ app_init ] --START--
INFO: Run Behavior\BuildLiteBehavior [ RunTime:0.000023s ]
INFO: [ app_init ] --END-- [ RunTime:0.000227s ]
INFO: [ app_begin ] --START--
INFO: Run Behavior\ReadHtmlCacheBehavior [ RunTime:0.000135s ]
INFO: Run Behavior\CheckLangBehavior [ RunTime:0.000370s ]
INFO: [ app_begin ] --END-- [ RunTime:0.000602s ]
SQL: SHOW COLUMNS FROM `email` [ RunTime:0.0006s ]
SQL: SELECT COUNT(*) AS tp_count FROM `email` LIMIT 1   [ RunTime:0.0003s ]
SQL: SELECT * FROM `email` LIMIT 0,5   [ RunTime:0.0002s ]
INFO: [ view_parse ] --START--
INFO: [ template_filter ] --START--
INFO: Run Behavior\ContentReplaceBehavior [ RunTime:0.000063s ]
INFO: [ template_filter ] --END-- [ RunTime:0.000148s ]
NOTIC: [8] Use of undefined constant ADMIN_LAYUI_URL - assumed 'ADMIN_LAYUI_URL' /home/ubizyme/public_html/Runtime/Cache/Admin/d4e3dbc3bb630875e636dd2f476c51bf.php 第 12 行.
NOTIC: [8] Undefined index: user_id /home/ubizyme/public_html/Runtime/Cache/Admin/d4e3dbc3bb630875e636dd2f476c51bf.php 第 60 行.
NOTIC: [8] Undefined index: user_id /home/ubizyme/public_html/Runtime/Cache/Admin/d4e3dbc3bb630875e636dd2f476c51bf.php 第 60 行.
NOTIC: [8] Undefined index: user_id /home/ubizyme/public_html/Runtime/Cache/Admin/d4e3dbc3bb630875e636dd2f476c51bf.php 第 60 行.
NOTIC: [8] Undefined index: user_id /home/ubizyme/public_html/Runtime/Cache/Admin/d4e3dbc3bb630875e636dd2f476c51bf.php 第 60 行.
NOTIC: [8] Undefined index: user_id /home/ubizyme/public_html/Runtime/Cache/Admin/d4e3dbc3bb630875e636dd2f476c51bf.php 第 60 行.
NOTIC: [8] Undefined index: user_id /home/ubizyme/public_html/Runtime/Cache/Admin/d4e3dbc3bb630875e636dd2f476c51bf.php 第 60 行.
NOTIC: [8] Undefined index: user_id /home/ubizyme/public_html/Runtime/Cache/Admin/d4e3dbc3bb630875e636dd2f476c51bf.php 第 60 行.
NOTIC: [8] Undefined index: user_id /home/ubizyme/public_html/Runtime/Cache/Admin/d4e3dbc3bb630875e636dd2f476c51bf.php 第 60 行.
NOTIC: [8] Undefined index: user_id /home/ubizyme/public_html/Runtime/Cache/Admin/d4e3dbc3bb630875e636dd2f476c51bf.php 第 60 行.
NOTIC: [8] Undefined index: user_id /home/ubizyme/public_html/Runtime/Cache/Admin/d4e3dbc3bb630875e636dd2f476c51bf.php 第 60 行.
NOTIC: [8] Use of undefined constant ADMIN_LAYUI_URL - assumed 'ADMIN_LAYUI_URL' /home/ubizyme/public_html/Runtime/Cache/Admin/d4e3dbc3bb630875e636dd2f476c51bf.php 第 82 行.
INFO: Run Behavior\ParseTemplateBehavior [ RunTime:0.004877s ]
INFO: [ view_parse ] --END-- [ RunTime:0.004938s ]
INFO: [ view_filter ] --START--
INFO: Run Behavior\WriteHtmlCacheBehavior [ RunTime:0.000141s ]
INFO: [ view_filter ] --END-- [ RunTime:0.000196s ]
INFO: [ app_end ] --START--
INFO: Run Behavior\ShowPageTraceBehavior [ RunTime:0.000133s ]
INFO: [ app_end ] --END-- [ RunTime:0.000193s ]

[ 2018-03-29T11:45:49+08:00 ] 202.105.104.115 /index.php/Admin/Knowdetail/ADMIN_LAYUI_URLlay/dest/layui.all.js
INFO: [ app_init ] --START--
INFO: Run Behavior\BuildLiteBehavior [ RunTime:0.000014s ]
INFO: [ app_init ] --END-- [ RunTime:0.000154s ]
INFO: [ app_begin ] --START--
INFO: Run Behavior\ReadHtmlCacheBehavior [ RunTime:0.000100s ]
INFO: Run Behavior\CheckLangBehavior [ RunTime:0.000263s ]
INFO: [ app_begin ] --END-- [ RunTime:0.000431s ]
ERR: 非法操作:ADMIN_LAYUI_URLlay

[ 2018-03-29T11:45:49+08:00 ] 202.105.104.115 /index.php/Admin/Knowdetail/ADMIN_LAYUI_URLcss/layui.css
INFO: [ app_init ] --START--
INFO: Run Behavior\BuildLiteBehavior [ RunTime:0.000010s ]
INFO: [ app_init ] --END-- [ RunTime:0.000132s ]
INFO: [ app_begin ] --START--
INFO: Run Behavior\ReadHtmlCacheBehavior [ RunTime:0.000092s ]
INFO: Run Behavior\CheckLangBehavior [ RunTime:0.000218s ]
INFO: [ app_begin ] --END-- [ RunTime:0.000372s ]
ERR: 非法操作:ADMIN_LAYUI_URLcss

[ 2018-03-29T11:45:50+08:00 ] 202.105.104.115 /index.php/Admin/Knowdetail/ADMIN_LAYUI_URLlay/dest/layui.all.js
INFO: [ app_init ] --START--
INFO: Run Behavior\BuildLiteBehavior [ RunTime:0.000017s ]
INFO: [ app_init ] --END-- [ RunTime:0.000156s ]
INFO: [ app_begin ] --START--
INFO: Run Behavior\ReadHtmlCacheBehavior [ RunTime:0.000100s ]
INFO: Run Behavior\CheckLangBehavior [ RunTime:0.000256s ]
INFO: [ app_begin ] --END-- [ RunTime:0.000418s ]
ERR: 非法操作:ADMIN_LAYUI_URLlay

[ 2018-03-29T11:45:51+08:00 ] 202.105.104.115 /index.php/Admin/Knowdetail/get_email/p/2.html
INFO: [ app_init ] --START--
INFO: Run Behavior\BuildLiteBehavior [ RunTime:0.000021s ]
INFO: [ app_init ] --END-- [ RunTime:0.000232s ]
INFO: [ app_begin ] --START--
INFO: Run Behavior\ReadHtmlCacheBehavior [ RunTime:0.000151s ]
INFO: Run Behavior\CheckLangBehavior [ RunTime:0.000389s ]
INFO: [ app_begin ] --END-- [ RunTime:0.000641s ]
SQL: SHOW COLUMNS FROM `email` [ RunTime:0.0008s ]
SQL: SELECT COUNT(*) AS tp_count FROM `email` LIMIT 1   [ RunTime:0.0003s ]
SQL: SELECT * FROM `email` LIMIT 5,5   [ RunTime:0.0003s ]
INFO: [ view_parse ] --START--
INFO: [ template_filter ] --START--
INFO: Run Behavior\ContentReplaceBehavior [ RunTime:0.000048s ]
INFO: [ template_filter ] --END-- [ RunTime:0.000116s ]
NOTIC: [8] Use of undefined constant ADMIN_LAYUI_URL - assumed 'ADMIN_LAYUI_URL' /home/ubizyme/public_html/Runtime/Cache/Admin/d4e3dbc3bb630875e636dd2f476c51bf.php 第 12 行.
NOTIC: [8] Undefined index: user_id /home/ubizyme/public_html/Runtime/Cache/Admin/d4e3dbc3bb630875e636dd2f476c51bf.php 第 60 行.
NOTIC: [8] Undefined index: user_id /home/ubizyme/public_html/Runtime/Cache/Admin/d4e3dbc3bb630875e636dd2f476c51bf.php 第 60 行.
NOTIC: [8] Undefined index: user_id /home/ubizyme/public_html/Runtime/Cache/Admin/d4e3dbc3bb630875e636dd2f476c51bf.php 第 60 行.
NOTIC: [8] Undefined index: user_id /home/ubizyme/public_html/Runtime/Cache/Admin/d4e3dbc3bb630875e636dd2f476c51bf.php 第 60 行.
NOTIC: [8] Undefined index: user_id /home/ubizyme/public_html/Runtime/Cache/Admin/d4e3dbc3bb630875e636dd2f476c51bf.php 第 60 行.
NOTIC: [8] Undefined index: user_id /home/ubizyme/public_html/Runtime/Cache/Admin/d4e3dbc3bb630875e636dd2f476c51bf.php 第 60 行.
NOTIC: [8] Undefined index: user_id /home/ubizyme/public_html/Runtime/Cache/Admin/d4e3dbc3bb630875e636dd2f476c51bf.php 第 60 行.
NOTIC: [8] Undefined index: user_id /home/ubizyme/public_html/Runtime/Cache/Admin/d4e3dbc3bb630875e636dd2f476c51bf.php 第 60 行.
NOTIC: [8] Use of undefined constant ADMIN_LAYUI_URL - assumed 'ADMIN_LAYUI_URL' /home/ubizyme/public_html/Runtime/Cache/Admin/d4e3dbc3bb630875e636dd2f476c51bf.php 第 82 行.
INFO: Run Behavior\ParseTemplateBehavior [ RunTime:0.004362s ]
INFO: [ view_parse ] --END-- [ RunTime:0.004418s ]
INFO: [ view_filter ] --START--
INFO: Run Behavior\WriteHtmlCacheBehavior [ RunTime:0.000112s ]
INFO: [ view_filter ] --END-- [ RunTime:0.000145s ]
INFO: [ app_end ] --START--
INFO: Run Behavior\ShowPageTraceBehavior [ RunTime:0.000093s ]
INFO: [ app_end ] --END-- [ RunTime:0.000129s ]

[ 2018-03-29T11:45:51+08:00 ] 202.105.104.115 /index.php/Admin/Knowdetail/get_email/p/ADMIN_LAYUI_URLlay/dest/layui.all.js
INFO: [ app_init ] --START--
INFO: Run Behavior\BuildLiteBehavior [ RunTime:0.000024s ]
INFO: [ app_init ] --END-- [ RunTime:0.000229s ]
INFO: [ app_begin ] --START--
INFO: Run Behavior\ReadHtmlCacheBehavior [ RunTime:0.000150s ]
INFO: Run Behavior\CheckLangBehavior [ RunTime:0.000358s ]
INFO: [ app_begin ] --END-- [ RunTime:0.000597s ]
SQL: SHOW COLUMNS FROM `email` [ RunTime:0.0006s ]
SQL: SELECT COUNT(*) AS tp_count FROM `email` LIMIT 1   [ RunTime:0.0003s ]
SQL: SELECT * FROM `email` LIMIT 0,5   [ RunTime:0.0002s ]
INFO: [ view_parse ] --START--
INFO: [ template_filter ] --START--
INFO: Run Behavior\ContentReplaceBehavior [ RunTime:0.000068s ]
INFO: [ template_filter ] --END-- [ RunTime:0.000165s ]
NOTIC: [8] Use of undefined constant ADMIN_LAYUI_URL - assumed 'ADMIN_LAYUI_URL' /home/ubizyme/public_html/Runtime/Cache/Admin/d4e3dbc3bb630875e636dd2f476c51bf.php 第 12 行.
NOTIC: [8] Undefined index: user_id /home/ubizyme/public_html/Runtime/Cache/Admin/d4e3dbc3bb630875e636dd2f476c51bf.php 第 60 行.
NOTIC: [8] Undefined index: user_id /home/ubizyme/public_html/Runtime/Cache/Admin/d4e3dbc3bb630875e636dd2f476c51bf.php 第 60 行.
NOTIC: [8] Undefined index: user_id /home/ubizyme/public_html/Runtime/Cache/Admin/d4e3dbc3bb630875e636dd2f476c51bf.php 第 60 行.
NOTIC: [8] Undefined index: user_id /home/ubizyme/public_html/Runtime/Cache/Admin/d4e3dbc3bb630875e636dd2f476c51bf.php 第 60 行.
NOTIC: [8] Undefined index: user_id /home/ubizyme/public_html/Runtime/Cache/Admin/d4e3dbc3bb630875e636dd2f476c51bf.php 第 60 行.
NOTIC: [8] Undefined index: user_id /home/ubizyme/public_html/Runtime/Cache/Admin/d4e3dbc3bb630875e636dd2f476c51bf.php 第 60 行.
NOTIC: [8] Undefined index: user_id /home/ubizyme/public_html/Runtime/Cache/Admin/d4e3dbc3bb630875e636dd2f476c51bf.php 第 60 行.
NOTIC: [8] Undefined index: user_id /home/ubizyme/public_html/Runtime/Cache/Admin/d4e3dbc3bb630875e636dd2f476c51bf.php 第 60 行.
NOTIC: [8] Undefined index: user_id /home/ubizyme/public_html/Runtime/Cache/Admin/d4e3dbc3bb630875e636dd2f476c51bf.php 第 60 行.
NOTIC: [8] Undefined index: user_id /home/ubizyme/public_html/Runtime/Cache/Admin/d4e3dbc3bb630875e636dd2f476c51bf.php 第 60 行.
NOTIC: [8] Use of undefined constant ADMIN_LAYUI_URL - assumed 'ADMIN_LAYUI_URL' /home/ubizyme/public_html/Runtime/Cache/Admin/d4e3dbc3bb630875e636dd2f476c51bf.php 第 82 行.
INFO: Run Behavior\ParseTemplateBehavior [ RunTime:0.004787s ]
INFO: [ view_parse ] --END-- [ RunTime:0.004857s ]
INFO: [ view_filter ] --START--
INFO: Run Behavior\WriteHtmlCacheBehavior [ RunTime:0.000160s ]
INFO: [ view_filter ] --END-- [ RunTime:0.000224s ]
INFO: [ app_end ] --START--
INFO: Run Behavior\ShowPageTraceBehavior [ RunTime:0.000144s ]
INFO: [ app_end ] --END-- [ RunTime:0.000207s ]

[ 2018-03-29T11:45:51+08:00 ] 202.105.104.115 /index.php/Admin/Knowdetail/get_email/p/ADMIN_LAYUI_URLcss/layui.css
INFO: [ app_init ] --START--
INFO: Run Behavior\BuildLiteBehavior [ RunTime:0.000025s ]
INFO: [ app_init ] --END-- [ RunTime:0.000236s ]
INFO: [ app_begin ] --START--
INFO: Run Behavior\ReadHtmlCacheBehavior [ RunTime:0.000148s ]
INFO: Run Behavior\CheckLangBehavior [ RunTime:0.000375s ]
INFO: [ app_begin ] --END-- [ RunTime:0.000621s ]
SQL: SHOW COLUMNS FROM `email` [ RunTime:0.0008s ]
SQL: SELECT COUNT(*) AS tp_count FROM `email` LIMIT 1   [ RunTime:0.0003s ]
SQL: SELECT * FROM `email` LIMIT 0,5   [ RunTime:0.0003s ]
INFO: [ view_parse ] --START--
INFO: [ template_filter ] --START--
INFO: Run Behavior\ContentReplaceBehavior [ RunTime:0.000043s ]
INFO: [ template_filter ] --END-- [ RunTime:0.000092s ]
NOTIC: [8] Use of undefined constant ADMIN_LAYUI_URL - assumed 'ADMIN_LAYUI_URL' /home/ubizyme/public_html/Runtime/Cache/Admin/d4e3dbc3bb630875e636dd2f476c51bf.php 第 12 行.
NOTIC: [8] Undefined index: user_id /home/ubizyme/public_html/Runtime/Cache/Admin/d4e3dbc3bb630875e636dd2f476c51bf.php 第 60 行.
NOTIC: [8] Undefined index: user_id /home/ubizyme/public_html/Runtime/Cache/Admin/d4e3dbc3bb630875e636dd2f476c51bf.php 第 60 行.
NOTIC: [8] Undefined index: user_id /home/ubizyme/public_html/Runtime/Cache/Admin/d4e3dbc3bb630875e636dd2f476c51bf.php 第 60 行.
NOTIC: [8] Undefined index: user_id /home/ubizyme/public_html/Runtime/Cache/Admin/d4e3dbc3bb630875e636dd2f476c51bf.php 第 60 行.
NOTIC: [8] Undefined index: user_id /home/ubizyme/public_html/Runtime/Cache/Admin/d4e3dbc3bb630875e636dd2f476c51bf.php 第 60 行.
NOTIC: [8] Undefined index: user_id /home/ubizyme/public_html/Runtime/Cache/Admin/d4e3dbc3bb630875e636dd2f476c51bf.php 第 60 行.
NOTIC: [8] Undefined index: user_id /home/ubizyme/public_html/Runtime/Cache/Admin/d4e3dbc3bb630875e636dd2f476c51bf.php 第 60 行.
NOTIC: [8] Undefined index: user_id /home/ubizyme/public_html/Runtime/Cache/Admin/d4e3dbc3bb630875e636dd2f476c51bf.php 第 60 行.
NOTIC: [8] Undefined index: user_id /home/ubizyme/public_html/Runtime/Cache/Admin/d4e3dbc3bb630875e636dd2f476c51bf.php 第 60 行.
NOTIC: [8] Undefined index: user_id /home/ubizyme/public_html/Runtime/Cache/Admin/d4e3dbc3bb630875e636dd2f476c51bf.php 第 60 行.
NOTIC: [8] Use of undefined constant ADMIN_LAYUI_URL - assumed 'ADMIN_LAYUI_URL' /home/ubizyme/public_html/Runtime/Cache/Admin/d4e3dbc3bb630875e636dd2f476c51bf.php 第 82 行.
INFO: Run Behavior\ParseTemplateBehavior [ RunTime:0.003041s ]
INFO: [ view_parse ] --END-- [ RunTime:0.003095s ]
INFO: [ view_filter ] --START--
INFO: Run Behavior\WriteHtmlCacheBehavior [ RunTime:0.000097s ]
INFO: [ view_filter ] --END-- [ RunTime:0.000130s ]
INFO: [ app_end ] --START--
INFO: Run Behavior\ShowPageTraceBehavior [ RunTime:0.000091s ]
INFO: [ app_end ] --END-- [ RunTime:0.000129s ]

[ 2018-03-29T11:46:55+08:00 ] 183.3.239.166 /index.php/Admin
INFO: [ app_init ] --START--
INFO: Run Behavior\BuildLiteBehavior [ RunTime:0.000022s ]
INFO: [ app_init ] --END-- [ RunTime:0.000238s ]
INFO: [ app_begin ] --START--
INFO: Run Behavior\ReadHtmlCacheBehavior [ RunTime:0.000131s ]
INFO: Run Behavior\CheckLangBehavior [ RunTime:0.000456s ]
INFO: [ app_begin ] --END-- [ RunTime:0.000687s ]
INFO: [ view_parse ] --START--
INFO: [ template_filter ] --START--
INFO: Run Behavior\ContentReplaceBehavior [ RunTime:0.000048s ]
INFO: [ template_filter ] --END-- [ RunTime:0.000116s ]
INFO: Run Behavior\ParseTemplateBehavior [ RunTime:0.030566s ]
INFO: [ view_parse ] --END-- [ RunTime:0.030634s ]
INFO: [ view_filter ] --START--
INFO: Run Behavior\WriteHtmlCacheBehavior [ RunTime:0.000131s ]
INFO: [ view_filter ] --END-- [ RunTime:0.000187s ]

[ 2018-03-29T11:46:56+08:00 ] 61.151.178.168 /index.php/Admin
INFO: [ app_init ] --START--
INFO: Run Behavior\BuildLiteBehavior [ RunTime:0.000022s ]
INFO: [ app_init ] --END-- [ RunTime:0.000235s ]
INFO: [ app_begin ] --START--
INFO: Run Behavior\ReadHtmlCacheBehavior [ RunTime:0.000126s ]
INFO: Run Behavior\CheckLangBehavior [ RunTime:0.000295s ]
INFO: [ app_begin ] --END-- [ RunTime:0.000519s ]
INFO: [ view_parse ] --START--
INFO: [ template_filter ] --START--
INFO: Run Behavior\ContentReplaceBehavior [ RunTime:0.000031s ]
INFO: [ template_filter ] --END-- [ RunTime:0.000074s ]
INFO: Run Behavior\ParseTemplateBehavior [ RunTime:0.001924s ]
INFO: [ view_parse ] --END-- [ RunTime:0.001971s ]
INFO: [ view_filter ] --START--
INFO: Run Behavior\WriteHtmlCacheBehavior [ RunTime:0.000094s ]
INFO: [ view_filter ] --END-- [ RunTime:0.000127s ]

[ 2018-03-29T11:47:54+08:00 ] 223.167.152.124 /index.php/Admin
INFO: [ app_init ] --START--
INFO: Run Behavior\BuildLiteBehavior [ RunTime:0.000016s ]
INFO: [ app_init ] --END-- [ RunTime:0.000169s ]
INFO: [ app_begin ] --START--
INFO: Run Behavior\ReadHtmlCacheBehavior [ RunTime:0.000106s ]
INFO: Run Behavior\CheckLangBehavior [ RunTime:0.000289s ]
INFO: [ app_begin ] --END-- [ RunTime:0.000463s ]
INFO: [ view_parse ] --START--
INFO: [ template_filter ] --START--
INFO: Run Behavior\ContentReplaceBehavior [ RunTime:0.000031s ]
INFO: [ template_filter ] --END-- [ RunTime:0.000076s ]
INFO: Run Behavior\ParseTemplateBehavior [ RunTime:0.001905s ]
INFO: [ view_parse ] --END-- [ RunTime:0.001951s ]
INFO: [ view_filter ] --START--
INFO: Run Behavior\WriteHtmlCacheBehavior [ RunTime:0.000095s ]
INFO: [ view_filter ] --END-- [ RunTime:0.000126s ]

[ 2018-03-29T11:48:45+08:00 ] 61.151.178.173 /index.php/Admin
INFO: [ app_init ] --START--
INFO: Run Behavior\BuildLiteBehavior [ RunTime:0.000022s ]
INFO: [ app_init ] --END-- [ RunTime:0.000231s ]
INFO: [ app_begin ] --START--
INFO: Run Behavior\ReadHtmlCacheBehavior [ RunTime:0.000141s ]
INFO: Run Behavior\CheckLangBehavior [ RunTime:0.000292s ]
INFO: [ app_begin ] --END-- [ RunTime:0.000525s ]
INFO: [ view_parse ] --START--
INFO: [ template_filter ] --START--
INFO: Run Behavior\ContentReplaceBehavior [ RunTime:0.000028s ]
INFO: [ template_filter ] --END-- [ RunTime:0.000065s ]
INFO: Run Behavior\ParseTemplateBehavior [ RunTime:0.001840s ]
INFO: [ view_parse ] --END-- [ RunTime:0.001880s ]
INFO: [ view_filter ] --START--
INFO: Run Behavior\WriteHtmlCacheBehavior [ RunTime:0.000090s ]
INFO: [ view_filter ] --END-- [ RunTime:0.000121s ]

[ 2018-03-29T12:11:37+08:00 ] 106.120.161.68 /index.php/Admin
INFO: [ app_init ] --START--
INFO: Run Behavior\BuildLiteBehavior [ RunTime:0.000017s ]
INFO: [ app_init ] --END-- [ RunTime:0.000375s ]
INFO: [ app_begin ] --START--
INFO: Run Behavior\ReadHtmlCacheBehavior [ RunTime:0.000470s ]
INFO: Run Behavior\CheckLangBehavior [ RunTime:0.000730s ]
INFO: [ app_begin ] --END-- [ RunTime:0.001276s ]
INFO: [ view_parse ] --START--
INFO: [ template_filter ] --START--
INFO: Run Behavior\ContentReplaceBehavior [ RunTime:0.000034s ]
INFO: [ template_filter ] --END-- [ RunTime:0.000087s ]
INFO: Run Behavior\ParseTemplateBehavior [ RunTime:0.005723s ]
INFO: [ view_parse ] --END-- [ RunTime:0.005775s ]
INFO: [ view_filter ] --START--
INFO: Run Behavior\WriteHtmlCacheBehavior [ RunTime:0.000180s ]
INFO: [ view_filter ] --END-- [ RunTime:0.000213s ]

[ 2018-03-29T12:12:05+08:00 ] 101.199.108.56 /index.php/Admin
INFO: [ app_init ] --START--
INFO: Run Behavior\BuildLiteBehavior [ RunTime:0.000022s ]
INFO: [ app_init ] --END-- [ RunTime:0.000225s ]
INFO: [ app_begin ] --START--
INFO: Run Behavior\ReadHtmlCacheBehavior [ RunTime:0.000142s ]
INFO: Run Behavior\CheckLangBehavior [ RunTime:0.000422s ]
INFO: [ app_begin ] --END-- [ RunTime:0.000665s ]
INFO: [ view_parse ] --START--
INFO: [ template_filter ] --START--
INFO: Run Behavior\ContentReplaceBehavior [ RunTime:0.000049s ]
INFO: [ template_filter ] --END-- [ RunTime:0.000115s ]
INFO: Run Behavior\ParseTemplateBehavior [ RunTime:0.002782s ]
INFO: [ view_parse ] --END-- [ RunTime:0.002847s ]
INFO: [ view_filter ] --START--
INFO: Run Behavior\WriteHtmlCacheBehavior [ RunTime:0.000534s ]
INFO: [ view_filter ] --END-- [ RunTime:0.000589s ]

[ 2018-03-29T12:12:20+08:00 ] 101.199.108.56 /index.php/Admin/Login/login.html
INFO: [ app_init ] --START--
INFO: Run Behavior\BuildLiteBehavior [ RunTime:0.000021s ]
INFO: [ app_init ] --END-- [ RunTime:0.000210s ]
INFO: [ app_begin ] --START--
INFO: Run Behavior\ReadHtmlCacheBehavior [ RunTime:0.000133s ]
INFO: Run Behavior\CheckLangBehavior [ RunTime:0.000372s ]
INFO: [ app_begin ] --END-- [ RunTime:0.000598s ]
INFO: [ view_parse ] --START--
INFO: [ template_filter ] --START--
INFO: Run Behavior\ContentReplaceBehavior [ RunTime:0.000056s ]
INFO: [ template_filter ] --END-- [ RunTime:0.000142s ]
INFO: Run Behavior\ParseTemplateBehavior [ RunTime:0.026471s ]
INFO: [ view_parse ] --END-- [ RunTime:0.026558s ]
INFO: [ view_filter ] --START--
INFO: Run Behavior\WriteHtmlCacheBehavior [ RunTime:0.000132s ]
INFO: [ view_filter ] --END-- [ RunTime:0.000188s ]
INFO: [ app_end ] --START--
INFO: Run Behavior\ShowPageTraceBehavior [ RunTime:0.000136s ]
INFO: [ app_end ] --END-- [ RunTime:0.000195s ]

