[ 2018-03-30T15:17:56+08:00 ] 202.105.104.115 /index.php/Admin
INFO: [ app_init ] --START--
INFO: Run Behavior\BuildLiteBehavior [ RunTime:0.000016s ]
INFO: [ app_init ] --END-- [ RunTime:0.000154s ]
INFO: [ app_begin ] --START--
INFO: Run Behavior\ReadHtmlCacheBehavior [ RunTime:0.000105s ]
INFO: Run Behavior\CheckLangBehavior [ RunTime:0.000246s ]
INFO: [ app_begin ] --END-- [ RunTime:0.000414s ]
INFO: [ view_parse ] --START--
INFO: [ template_filter ] --START--
INFO: Run Behavior\ContentReplaceBehavior [ RunTime:0.000034s ]
INFO: [ template_filter ] --END-- [ RunTime:0.000086s ]
INFO: Run Behavior\ParseTemplateBehavior [ RunTime:0.014405s ]
INFO: [ view_parse ] --END-- [ RunTime:0.014462s ]
INFO: [ view_filter ] --START--
INFO: Run Behavior\WriteHtmlCacheBehavior [ RunTime:0.000100s ]
INFO: [ view_filter ] --END-- [ RunTime:0.000133s ]

[ 2018-03-30T15:17:59+08:00 ] 202.105.104.115 /index.php/Admin/Login/login.html
INFO: [ app_init ] --START--
INFO: Run Behavior\BuildLiteBehavior [ RunTime:0.000017s ]
INFO: [ app_init ] --END-- [ RunTime:0.000163s ]
INFO: [ app_begin ] --START--
INFO: Run Behavior\ReadHtmlCacheBehavior [ RunTime:0.000096s ]
INFO: Run Behavior\CheckLangBehavior [ RunTime:0.000242s ]
INFO: [ app_begin ] --END-- [ RunTime:0.000399s ]
INFO: [ view_parse ] --START--
INFO: [ template_filter ] --START--
INFO: Run Behavior\ContentReplaceBehavior [ RunTime:0.000041s ]
INFO: [ template_filter ] --END-- [ RunTime:0.000097s ]
INFO: Run Behavior\ParseTemplateBehavior [ RunTime:0.012054s ]
INFO: [ view_parse ] --END-- [ RunTime:0.012096s ]
INFO: [ view_filter ] --START--
INFO: Run Behavior\WriteHtmlCacheBehavior [ RunTime:0.000094s ]
INFO: [ view_filter ] --END-- [ RunTime:0.000128s ]
INFO: [ app_end ] --START--
INFO: Run Behavior\ShowPageTraceBehavior [ RunTime:0.000096s ]
INFO: [ app_end ] --END-- [ RunTime:0.000131s ]

[ 2018-03-30T15:18:21+08:00 ] 202.105.104.115 /index.php/Admin/Login/login.html
INFO: [ app_init ] --START--
INFO: Run Behavior\BuildLiteBehavior [ RunTime:0.000016s ]
INFO: [ app_init ] --END-- [ RunTime:0.000164s ]
INFO: [ app_begin ] --START--
INFO: Run Behavior\ReadHtmlCacheBehavior [ RunTime:0.000095s ]
INFO: Run Behavior\CheckLangBehavior [ RunTime:0.000247s ]
INFO: [ app_begin ] --END-- [ RunTime:0.000404s ]
SQL: SHOW COLUMNS FROM `manager` [ RunTime:0.0022s ]
SQL: SELECT * FROM `manager` WHERE `mg_admin` = 'aptacam' LIMIT 1   [ RunTime:0.0009s ]

[ 2018-03-30T15:18:21+08:00 ] 202.105.104.115 /index.php/Admin/Index/index.html
INFO: [ app_init ] --START--
INFO: Run Behavior\BuildLiteBehavior [ RunTime:0.000016s ]
INFO: [ app_init ] --END-- [ RunTime:0.000156s ]
INFO: [ app_begin ] --START--
INFO: Run Behavior\ReadHtmlCacheBehavior [ RunTime:0.000098s ]
INFO: Run Behavior\CheckLangBehavior [ RunTime:0.000239s ]
INFO: [ app_begin ] --END-- [ RunTime:0.000398s ]
INFO: [ view_parse ] --START--
INFO: [ template_filter ] --START--
INFO: Run Behavior\ContentReplaceBehavior [ RunTime:0.000042s ]
INFO: [ template_filter ] --END-- [ RunTime:0.000108s ]
INFO: Run Behavior\ParseTemplateBehavior [ RunTime:0.009439s ]
INFO: [ view_parse ] --END-- [ RunTime:0.009489s ]
INFO: [ view_filter ] --START--
INFO: Run Behavior\WriteHtmlCacheBehavior [ RunTime:0.000092s ]
INFO: [ view_filter ] --END-- [ RunTime:0.000125s ]
INFO: [ app_end ] --START--
INFO: Run Behavior\ShowPageTraceBehavior [ RunTime:0.000103s ]
INFO: [ app_end ] --END-- [ RunTime:0.000140s ]

[ 2018-03-30T15:18:21+08:00 ] 202.105.104.115 /index.php/Admin/Index/main.html
INFO: [ app_init ] --START--
INFO: Run Behavior\BuildLiteBehavior [ RunTime:0.000015s ]
INFO: [ app_init ] --END-- [ RunTime:0.000161s ]
INFO: [ app_begin ] --START--
INFO: Run Behavior\ReadHtmlCacheBehavior [ RunTime:0.000099s ]
INFO: Run Behavior\CheckLangBehavior [ RunTime:0.000239s ]
INFO: [ app_begin ] --END-- [ RunTime:0.000400s ]
INFO: [ view_parse ] --START--
INFO: [ template_filter ] --START--
INFO: Run Behavior\ContentReplaceBehavior [ RunTime:0.000033s ]
INFO: [ template_filter ] --END-- [ RunTime:0.000081s ]
INFO: Run Behavior\ParseTemplateBehavior [ RunTime:0.008162s ]
INFO: [ view_parse ] --END-- [ RunTime:0.008203s ]
INFO: [ view_filter ] --START--
INFO: Run Behavior\WriteHtmlCacheBehavior [ RunTime:0.000088s ]
INFO: [ view_filter ] --END-- [ RunTime:0.000120s ]
INFO: [ app_end ] --START--
INFO: Run Behavior\ShowPageTraceBehavior [ RunTime:0.000096s ]
INFO: [ app_end ] --END-- [ RunTime:0.000134s ]

[ 2018-03-30T15:18:29+08:00 ] 202.105.104.115 /index.php/Admin/Knowdetail/get_email
INFO: [ app_init ] --START--
INFO: Run Behavior\BuildLiteBehavior [ RunTime:0.000016s ]
INFO: [ app_init ] --END-- [ RunTime:0.000157s ]
INFO: [ app_begin ] --START--
INFO: Run Behavior\ReadHtmlCacheBehavior [ RunTime:0.000101s ]
INFO: Run Behavior\CheckLangBehavior [ RunTime:0.000262s ]
INFO: [ app_begin ] --END-- [ RunTime:0.000431s ]
SQL: SHOW COLUMNS FROM `email` [ RunTime:0.0018s ]
SQL: SELECT COUNT(*) AS tp_count FROM `email` LIMIT 1   [ RunTime:0.0009s ]
SQL: SELECT * FROM `email` LIMIT 0,5   [ RunTime:0.0002s ]
INFO: [ view_parse ] --START--
INFO: [ template_filter ] --START--
INFO: Run Behavior\ContentReplaceBehavior [ RunTime:0.000046s ]
INFO: [ template_filter ] --END-- [ RunTime:0.000088s ]
NOTIC: [8] Use of undefined constant ADMIN_LAYUI_URL - assumed 'ADMIN_LAYUI_URL' /home/ubizyme/public_html/Runtime/Cache/Admin/d4e3dbc3bb630875e636dd2f476c51bf.php 第 12 行.
NOTIC: [8] Undefined index: user_id /home/ubizyme/public_html/Runtime/Cache/Admin/d4e3dbc3bb630875e636dd2f476c51bf.php 第 60 行.
NOTIC: [8] Undefined index: user_id /home/ubizyme/public_html/Runtime/Cache/Admin/d4e3dbc3bb630875e636dd2f476c51bf.php 第 60 行.
NOTIC: [8] Undefined index: user_id /home/ubizyme/public_html/Runtime/Cache/Admin/d4e3dbc3bb630875e636dd2f476c51bf.php 第 60 行.
NOTIC: [8] Undefined index: user_id /home/ubizyme/public_html/Runtime/Cache/Admin/d4e3dbc3bb630875e636dd2f476c51bf.php 第 60 行.
NOTIC: [8] Undefined index: user_id /home/ubizyme/public_html/Runtime/Cache/Admin/d4e3dbc3bb630875e636dd2f476c51bf.php 第 60 行.
NOTIC: [8] Undefined index: user_id /home/ubizyme/public_html/Runtime/Cache/Admin/d4e3dbc3bb630875e636dd2f476c51bf.php 第 60 行.
NOTIC: [8] Undefined index: user_id /home/ubizyme/public_html/Runtime/Cache/Admin/d4e3dbc3bb630875e636dd2f476c51bf.php 第 60 行.
NOTIC: [8] Undefined index: user_id /home/ubizyme/public_html/Runtime/Cache/Admin/d4e3dbc3bb630875e636dd2f476c51bf.php 第 60 行.
NOTIC: [8] Undefined index: user_id /home/ubizyme/public_html/Runtime/Cache/Admin/d4e3dbc3bb630875e636dd2f476c51bf.php 第 60 行.
NOTIC: [8] Undefined index: user_id /home/ubizyme/public_html/Runtime/Cache/Admin/d4e3dbc3bb630875e636dd2f476c51bf.php 第 60 行.
NOTIC: [8] Use of undefined constant ADMIN_LAYUI_URL - assumed 'ADMIN_LAYUI_URL' /home/ubizyme/public_html/Runtime/Cache/Admin/d4e3dbc3bb630875e636dd2f476c51bf.php 第 82 行.
INFO: Run Behavior\ParseTemplateBehavior [ RunTime:0.007335s ]
INFO: [ view_parse ] --END-- [ RunTime:0.007373s ]
INFO: [ view_filter ] --START--
INFO: Run Behavior\WriteHtmlCacheBehavior [ RunTime:0.000173s ]
INFO: [ view_filter ] --END-- [ RunTime:0.000227s ]
INFO: [ app_end ] --START--
INFO: Run Behavior\ShowPageTraceBehavior [ RunTime:0.000105s ]
INFO: [ app_end ] --END-- [ RunTime:0.000153s ]

[ 2018-03-30T15:18:29+08:00 ] 202.105.104.115 /index.php/Admin/Knowdetail/ADMIN_LAYUI_URLcss/layui.css
INFO: [ app_init ] --START--
INFO: Run Behavior\BuildLiteBehavior [ RunTime:0.000016s ]
INFO: [ app_init ] --END-- [ RunTime:0.000153s ]
INFO: [ app_begin ] --START--
INFO: Run Behavior\ReadHtmlCacheBehavior [ RunTime:0.000102s ]
INFO: Run Behavior\CheckLangBehavior [ RunTime:0.000241s ]
INFO: [ app_begin ] --END-- [ RunTime:0.000410s ]
ERR: 非法操作:ADMIN_LAYUI_URLcss

[ 2018-03-30T15:18:29+08:00 ] 202.105.104.115 /index.php/Admin/Knowdetail/ADMIN_LAYUI_URLlay/dest/layui.all.js
INFO: [ app_init ] --START--
INFO: Run Behavior\BuildLiteBehavior [ RunTime:0.000019s ]
INFO: [ app_init ] --END-- [ RunTime:0.000225s ]
INFO: [ app_begin ] --START--
INFO: Run Behavior\ReadHtmlCacheBehavior [ RunTime:0.000112s ]
INFO: Run Behavior\CheckLangBehavior [ RunTime:0.000387s ]
INFO: [ app_begin ] --END-- [ RunTime:0.000585s ]
ERR: 非法操作:ADMIN_LAYUI_URLlay

[ 2018-03-30T15:18:30+08:00 ] 202.105.104.115 /index.php/Admin/Knowdetail/ADMIN_LAYUI_URLlay/dest/layui.all.js
INFO: [ app_init ] --START--
INFO: Run Behavior\BuildLiteBehavior [ RunTime:0.000020s ]
INFO: [ app_init ] --END-- [ RunTime:0.000222s ]
INFO: [ app_begin ] --START--
INFO: Run Behavior\ReadHtmlCacheBehavior [ RunTime:0.000105s ]
INFO: Run Behavior\CheckLangBehavior [ RunTime:0.000342s ]
INFO: [ app_begin ] --END-- [ RunTime:0.000523s ]
ERR: 非法操作:ADMIN_LAYUI_URLlay

[ 2018-03-30T15:18:33+08:00 ] 202.105.104.115 /index.php/Admin/Contact/get_text
INFO: [ app_init ] --START--
INFO: Run Behavior\BuildLiteBehavior [ RunTime:0.000021s ]
INFO: [ app_init ] --END-- [ RunTime:0.000212s ]
INFO: [ app_begin ] --START--
INFO: Run Behavior\ReadHtmlCacheBehavior [ RunTime:0.000145s ]
INFO: Run Behavior\CheckLangBehavior [ RunTime:0.000387s ]
INFO: [ app_begin ] --END-- [ RunTime:0.000627s ]
SQL: SHOW COLUMNS FROM `contact` [ RunTime:0.8193s ]
SQL: SELECT COUNT(*) AS tp_count FROM `contact` LIMIT 1   [ RunTime:0.0016s ]
SQL: SELECT * FROM `contact` LIMIT 0,5   [ RunTime:0.0005s ]
INFO: [ view_parse ] --START--
INFO: [ template_filter ] --START--
INFO: Run Behavior\ContentReplaceBehavior [ RunTime:0.000050s ]
INFO: [ template_filter ] --END-- [ RunTime:0.000128s ]
NOTIC: [8] Use of undefined constant ADMIN_LAYUI_URL - assumed 'ADMIN_LAYUI_URL' /home/ubizyme/public_html/Runtime/Cache/Admin/66cb2ba0cddb04986c4cf40b509ebf83.php 第 12 行.
NOTIC: [8] Undefined index: user_id /home/ubizyme/public_html/Runtime/Cache/Admin/66cb2ba0cddb04986c4cf40b509ebf83.php 第 62 行.
NOTIC: [8] Undefined index: user_id /home/ubizyme/public_html/Runtime/Cache/Admin/66cb2ba0cddb04986c4cf40b509ebf83.php 第 62 行.
NOTIC: [8] Undefined index: user_id /home/ubizyme/public_html/Runtime/Cache/Admin/66cb2ba0cddb04986c4cf40b509ebf83.php 第 62 行.
NOTIC: [8] Undefined index: user_id /home/ubizyme/public_html/Runtime/Cache/Admin/66cb2ba0cddb04986c4cf40b509ebf83.php 第 62 行.
NOTIC: [8] Undefined index: user_id /home/ubizyme/public_html/Runtime/Cache/Admin/66cb2ba0cddb04986c4cf40b509ebf83.php 第 62 行.
NOTIC: [8] Undefined index: user_id /home/ubizyme/public_html/Runtime/Cache/Admin/66cb2ba0cddb04986c4cf40b509ebf83.php 第 62 行.
NOTIC: [8] Undefined index: user_id /home/ubizyme/public_html/Runtime/Cache/Admin/66cb2ba0cddb04986c4cf40b509ebf83.php 第 62 行.
NOTIC: [8] Undefined index: user_id /home/ubizyme/public_html/Runtime/Cache/Admin/66cb2ba0cddb04986c4cf40b509ebf83.php 第 62 行.
NOTIC: [8] Undefined index: user_id /home/ubizyme/public_html/Runtime/Cache/Admin/66cb2ba0cddb04986c4cf40b509ebf83.php 第 62 行.
NOTIC: [8] Undefined index: user_id /home/ubizyme/public_html/Runtime/Cache/Admin/66cb2ba0cddb04986c4cf40b509ebf83.php 第 62 行.
NOTIC: [8] Use of undefined constant ADMIN_LAYUI_URL - assumed 'ADMIN_LAYUI_URL' /home/ubizyme/public_html/Runtime/Cache/Admin/66cb2ba0cddb04986c4cf40b509ebf83.php 第 85 行.
INFO: Run Behavior\ParseTemplateBehavior [ RunTime:0.011437s ]
INFO: [ view_parse ] --END-- [ RunTime:0.011478s ]
INFO: [ view_filter ] --START--
INFO: Run Behavior\WriteHtmlCacheBehavior [ RunTime:0.000099s ]
INFO: [ view_filter ] --END-- [ RunTime:0.000149s ]
INFO: [ app_end ] --START--
INFO: Run Behavior\ShowPageTraceBehavior [ RunTime:0.000099s ]
INFO: [ app_end ] --END-- [ RunTime:0.000136s ]

[ 2018-03-30T15:18:34+08:00 ] 202.105.104.115 /index.php/Admin/Contact/ADMIN_LAYUI_URLcss/layui.css
INFO: [ app_init ] --START--
INFO: Run Behavior\BuildLiteBehavior [ RunTime:0.000014s ]
INFO: [ app_init ] --END-- [ RunTime:0.000161s ]
INFO: [ app_begin ] --START--
INFO: Run Behavior\ReadHtmlCacheBehavior [ RunTime:0.000110s ]
INFO: Run Behavior\CheckLangBehavior [ RunTime:0.000256s ]
INFO: [ app_begin ] --END-- [ RunTime:0.000430s ]
ERR: 非法操作:ADMIN_LAYUI_URLcss

[ 2018-03-30T15:18:34+08:00 ] 202.105.104.115 /index.php/Admin/Contact/ADMIN_LAYUI_URLlay/dest/layui.all.js
INFO: [ app_init ] --START--
INFO: Run Behavior\BuildLiteBehavior [ RunTime:0.000016s ]
INFO: [ app_init ] --END-- [ RunTime:0.000156s ]
INFO: [ app_begin ] --START--
INFO: Run Behavior\ReadHtmlCacheBehavior [ RunTime:0.000121s ]
INFO: Run Behavior\CheckLangBehavior [ RunTime:0.000245s ]
INFO: [ app_begin ] --END-- [ RunTime:0.000428s ]
ERR: 非法操作:ADMIN_LAYUI_URLlay

[ 2018-03-30T15:18:36+08:00 ] 202.105.104.115 /index.php/Admin/Contact/get_text/p/2.html
INFO: [ app_init ] --START--
INFO: Run Behavior\BuildLiteBehavior [ RunTime:0.000015s ]
INFO: [ app_init ] --END-- [ RunTime:0.000149s ]
INFO: [ app_begin ] --START--
INFO: Run Behavior\ReadHtmlCacheBehavior [ RunTime:0.000098s ]
INFO: Run Behavior\CheckLangBehavior [ RunTime:0.000245s ]
INFO: [ app_begin ] --END-- [ RunTime:0.000412s ]
SQL: SHOW COLUMNS FROM `contact` [ RunTime:0.0006s ]
SQL: SELECT COUNT(*) AS tp_count FROM `contact` LIMIT 1   [ RunTime:0.0003s ]
SQL: SELECT * FROM `contact` LIMIT 5,5   [ RunTime:0.0002s ]
INFO: [ view_parse ] --START--
INFO: [ template_filter ] --START--
INFO: Run Behavior\ContentReplaceBehavior [ RunTime:0.000051s ]
INFO: [ template_filter ] --END-- [ RunTime:0.000093s ]
NOTIC: [8] Use of undefined constant ADMIN_LAYUI_URL - assumed 'ADMIN_LAYUI_URL' /home/ubizyme/public_html/Runtime/Cache/Admin/66cb2ba0cddb04986c4cf40b509ebf83.php 第 12 行.
NOTIC: [8] Undefined index: user_id /home/ubizyme/public_html/Runtime/Cache/Admin/66cb2ba0cddb04986c4cf40b509ebf83.php 第 62 行.
NOTIC: [8] Undefined index: user_id /home/ubizyme/public_html/Runtime/Cache/Admin/66cb2ba0cddb04986c4cf40b509ebf83.php 第 62 行.
NOTIC: [8] Use of undefined constant ADMIN_LAYUI_URL - assumed 'ADMIN_LAYUI_URL' /home/ubizyme/public_html/Runtime/Cache/Admin/66cb2ba0cddb04986c4cf40b509ebf83.php 第 85 行.
INFO: Run Behavior\ParseTemplateBehavior [ RunTime:0.002977s ]
INFO: [ view_parse ] --END-- [ RunTime:0.003011s ]
INFO: [ view_filter ] --START--
INFO: Run Behavior\WriteHtmlCacheBehavior [ RunTime:0.000090s ]
INFO: [ view_filter ] --END-- [ RunTime:0.000124s ]
INFO: [ app_end ] --START--
INFO: Run Behavior\ShowPageTraceBehavior [ RunTime:0.000098s ]
INFO: [ app_end ] --END-- [ RunTime:0.000137s ]

[ 2018-03-30T15:18:36+08:00 ] 202.105.104.115 /index.php/Admin/Contact/get_text/p/ADMIN_LAYUI_URLcss/layui.css
INFO: [ app_init ] --START--
INFO: Run Behavior\BuildLiteBehavior [ RunTime:0.000019s ]
INFO: [ app_init ] --END-- [ RunTime:0.000176s ]
INFO: [ app_begin ] --START--
INFO: Run Behavior\ReadHtmlCacheBehavior [ RunTime:0.000101s ]
INFO: Run Behavior\CheckLangBehavior [ RunTime:0.000244s ]
INFO: [ app_begin ] --END-- [ RunTime:0.000406s ]
SQL: SHOW COLUMNS FROM `contact` [ RunTime:0.0005s ]
SQL: SELECT COUNT(*) AS tp_count FROM `contact` LIMIT 1   [ RunTime:0.0002s ]
SQL: SELECT * FROM `contact` LIMIT 0,5   [ RunTime:0.0002s ]
INFO: [ view_parse ] --START--
INFO: [ template_filter ] --START--
INFO: Run Behavior\ContentReplaceBehavior [ RunTime:0.000041s ]
INFO: [ template_filter ] --END-- [ RunTime:0.000083s ]
NOTIC: [8] Use of undefined constant ADMIN_LAYUI_URL - assumed 'ADMIN_LAYUI_URL' /home/ubizyme/public_html/Runtime/Cache/Admin/66cb2ba0cddb04986c4cf40b509ebf83.php 第 12 行.
NOTIC: [8] Undefined index: user_id /home/ubizyme/public_html/Runtime/Cache/Admin/66cb2ba0cddb04986c4cf40b509ebf83.php 第 62 行.
NOTIC: [8] Undefined index: user_id /home/ubizyme/public_html/Runtime/Cache/Admin/66cb2ba0cddb04986c4cf40b509ebf83.php 第 62 行.
NOTIC: [8] Undefined index: user_id /home/ubizyme/public_html/Runtime/Cache/Admin/66cb2ba0cddb04986c4cf40b509ebf83.php 第 62 行.
NOTIC: [8] Undefined index: user_id /home/ubizyme/public_html/Runtime/Cache/Admin/66cb2ba0cddb04986c4cf40b509ebf83.php 第 62 行.
NOTIC: [8] Undefined index: user_id /home/ubizyme/public_html/Runtime/Cache/Admin/66cb2ba0cddb04986c4cf40b509ebf83.php 第 62 行.
NOTIC: [8] Undefined index: user_id /home/ubizyme/public_html/Runtime/Cache/Admin/66cb2ba0cddb04986c4cf40b509ebf83.php 第 62 行.
NOTIC: [8] Undefined index: user_id /home/ubizyme/public_html/Runtime/Cache/Admin/66cb2ba0cddb04986c4cf40b509ebf83.php 第 62 行.
NOTIC: [8] Undefined index: user_id /home/ubizyme/public_html/Runtime/Cache/Admin/66cb2ba0cddb04986c4cf40b509ebf83.php 第 62 行.
NOTIC: [8] Undefined index: user_id /home/ubizyme/public_html/Runtime/Cache/Admin/66cb2ba0cddb04986c4cf40b509ebf83.php 第 62 行.
NOTIC: [8] Undefined index: user_id /home/ubizyme/public_html/Runtime/Cache/Admin/66cb2ba0cddb04986c4cf40b509ebf83.php 第 62 行.
NOTIC: [8] Use of undefined constant ADMIN_LAYUI_URL - assumed 'ADMIN_LAYUI_URL' /home/ubizyme/public_html/Runtime/Cache/Admin/66cb2ba0cddb04986c4cf40b509ebf83.php 第 85 行.
INFO: Run Behavior\ParseTemplateBehavior [ RunTime:0.003147s ]
INFO: [ view_parse ] --END-- [ RunTime:0.003184s ]
INFO: [ view_filter ] --START--
INFO: Run Behavior\WriteHtmlCacheBehavior [ RunTime:0.000102s ]
INFO: [ view_filter ] --END-- [ RunTime:0.000134s ]
INFO: [ app_end ] --START--
INFO: Run Behavior\ShowPageTraceBehavior [ RunTime:0.000104s ]
INFO: [ app_end ] --END-- [ RunTime:0.000154s ]

[ 2018-03-30T15:18:36+08:00 ] 202.105.104.115 /index.php/Admin/Contact/get_text/p/ADMIN_LAYUI_URLlay/dest/layui.all.js
INFO: [ app_init ] --START--
INFO: Run Behavior\BuildLiteBehavior [ RunTime:0.000013s ]
INFO: [ app_init ] --END-- [ RunTime:0.000147s ]
INFO: [ app_begin ] --START--
INFO: Run Behavior\ReadHtmlCacheBehavior [ RunTime:0.000097s ]
INFO: Run Behavior\CheckLangBehavior [ RunTime:0.000254s ]
INFO: [ app_begin ] --END-- [ RunTime:0.000410s ]
SQL: SHOW COLUMNS FROM `contact` [ RunTime:0.0006s ]
SQL: SELECT COUNT(*) AS tp_count FROM `contact` LIMIT 1   [ RunTime:0.0002s ]
SQL: SELECT * FROM `contact` LIMIT 0,5   [ RunTime:0.0002s ]
INFO: [ view_parse ] --START--
INFO: [ template_filter ] --START--
INFO: Run Behavior\ContentReplaceBehavior [ RunTime:0.000040s ]
INFO: [ template_filter ] --END-- [ RunTime:0.000080s ]
NOTIC: [8] Use of undefined constant ADMIN_LAYUI_URL - assumed 'ADMIN_LAYUI_URL' /home/ubizyme/public_html/Runtime/Cache/Admin/66cb2ba0cddb04986c4cf40b509ebf83.php 第 12 行.
NOTIC: [8] Undefined index: user_id /home/ubizyme/public_html/Runtime/Cache/Admin/66cb2ba0cddb04986c4cf40b509ebf83.php 第 62 行.
NOTIC: [8] Undefined index: user_id /home/ubizyme/public_html/Runtime/Cache/Admin/66cb2ba0cddb04986c4cf40b509ebf83.php 第 62 行.
NOTIC: [8] Undefined index: user_id /home/ubizyme/public_html/Runtime/Cache/Admin/66cb2ba0cddb04986c4cf40b509ebf83.php 第 62 行.
NOTIC: [8] Undefined index: user_id /home/ubizyme/public_html/Runtime/Cache/Admin/66cb2ba0cddb04986c4cf40b509ebf83.php 第 62 行.
NOTIC: [8] Undefined index: user_id /home/ubizyme/public_html/Runtime/Cache/Admin/66cb2ba0cddb04986c4cf40b509ebf83.php 第 62 行.
NOTIC: [8] Undefined index: user_id /home/ubizyme/public_html/Runtime/Cache/Admin/66cb2ba0cddb04986c4cf40b509ebf83.php 第 62 行.
NOTIC: [8] Undefined index: user_id /home/ubizyme/public_html/Runtime/Cache/Admin/66cb2ba0cddb04986c4cf40b509ebf83.php 第 62 行.
NOTIC: [8] Undefined index: user_id /home/ubizyme/public_html/Runtime/Cache/Admin/66cb2ba0cddb04986c4cf40b509ebf83.php 第 62 行.
NOTIC: [8] Undefined index: user_id /home/ubizyme/public_html/Runtime/Cache/Admin/66cb2ba0cddb04986c4cf40b509ebf83.php 第 62 行.
NOTIC: [8] Undefined index: user_id /home/ubizyme/public_html/Runtime/Cache/Admin/66cb2ba0cddb04986c4cf40b509ebf83.php 第 62 行.
NOTIC: [8] Use of undefined constant ADMIN_LAYUI_URL - assumed 'ADMIN_LAYUI_URL' /home/ubizyme/public_html/Runtime/Cache/Admin/66cb2ba0cddb04986c4cf40b509ebf83.php 第 85 行.
INFO: Run Behavior\ParseTemplateBehavior [ RunTime:0.003292s ]
INFO: [ view_parse ] --END-- [ RunTime:0.003339s ]
INFO: [ view_filter ] --START--
INFO: Run Behavior\WriteHtmlCacheBehavior [ RunTime:0.000093s ]
INFO: [ view_filter ] --END-- [ RunTime:0.000125s ]
INFO: [ app_end ] --START--
INFO: Run Behavior\ShowPageTraceBehavior [ RunTime:0.000098s ]
INFO: [ app_end ] --END-- [ RunTime:0.000140s ]

[ 2018-03-30T15:18:42+08:00 ] 202.105.104.115 /index.php/Admin/Contact/get_text
INFO: [ app_init ] --START--
INFO: Run Behavior\BuildLiteBehavior [ RunTime:0.000014s ]
INFO: [ app_init ] --END-- [ RunTime:0.000148s ]
INFO: [ app_begin ] --START--
INFO: Run Behavior\ReadHtmlCacheBehavior [ RunTime:0.000097s ]
INFO: Run Behavior\CheckLangBehavior [ RunTime:0.000240s ]
INFO: [ app_begin ] --END-- [ RunTime:0.000399s ]
SQL: SHOW COLUMNS FROM `contact` [ RunTime:0.0008s ]
SQL: SELECT COUNT(*) AS tp_count FROM `contact` LIMIT 1   [ RunTime:0.0003s ]
SQL: SELECT * FROM `contact` LIMIT 0,5   [ RunTime:0.0003s ]
INFO: [ view_parse ] --START--
INFO: [ template_filter ] --START--
INFO: Run Behavior\ContentReplaceBehavior [ RunTime:0.000042s ]
INFO: [ template_filter ] --END-- [ RunTime:0.000086s ]
NOTIC: [8] Use of undefined constant ADMIN_LAYUI_URL - assumed 'ADMIN_LAYUI_URL' /home/ubizyme/public_html/Runtime/Cache/Admin/66cb2ba0cddb04986c4cf40b509ebf83.php 第 12 行.
NOTIC: [8] Undefined index: user_id /home/ubizyme/public_html/Runtime/Cache/Admin/66cb2ba0cddb04986c4cf40b509ebf83.php 第 62 行.
NOTIC: [8] Undefined index: user_id /home/ubizyme/public_html/Runtime/Cache/Admin/66cb2ba0cddb04986c4cf40b509ebf83.php 第 62 行.
NOTIC: [8] Undefined index: user_id /home/ubizyme/public_html/Runtime/Cache/Admin/66cb2ba0cddb04986c4cf40b509ebf83.php 第 62 行.
NOTIC: [8] Undefined index: user_id /home/ubizyme/public_html/Runtime/Cache/Admin/66cb2ba0cddb04986c4cf40b509ebf83.php 第 62 行.
NOTIC: [8] Undefined index: user_id /home/ubizyme/public_html/Runtime/Cache/Admin/66cb2ba0cddb04986c4cf40b509ebf83.php 第 62 行.
NOTIC: [8] Undefined index: user_id /home/ubizyme/public_html/Runtime/Cache/Admin/66cb2ba0cddb04986c4cf40b509ebf83.php 第 62 行.
NOTIC: [8] Undefined index: user_id /home/ubizyme/public_html/Runtime/Cache/Admin/66cb2ba0cddb04986c4cf40b509ebf83.php 第 62 行.
NOTIC: [8] Undefined index: user_id /home/ubizyme/public_html/Runtime/Cache/Admin/66cb2ba0cddb04986c4cf40b509ebf83.php 第 62 行.
NOTIC: [8] Undefined index: user_id /home/ubizyme/public_html/Runtime/Cache/Admin/66cb2ba0cddb04986c4cf40b509ebf83.php 第 62 行.
NOTIC: [8] Undefined index: user_id /home/ubizyme/public_html/Runtime/Cache/Admin/66cb2ba0cddb04986c4cf40b509ebf83.php 第 62 行.
NOTIC: [8] Use of undefined constant ADMIN_LAYUI_URL - assumed 'ADMIN_LAYUI_URL' /home/ubizyme/public_html/Runtime/Cache/Admin/66cb2ba0cddb04986c4cf40b509ebf83.php 第 85 行.
INFO: Run Behavior\ParseTemplateBehavior [ RunTime:0.003083s ]
INFO: [ view_parse ] --END-- [ RunTime:0.003119s ]
INFO: [ view_filter ] --START--
INFO: Run Behavior\WriteHtmlCacheBehavior [ RunTime:0.000094s ]
INFO: [ view_filter ] --END-- [ RunTime:0.000127s ]
INFO: [ app_end ] --START--
INFO: Run Behavior\ShowPageTraceBehavior [ RunTime:0.000100s ]
INFO: [ app_end ] --END-- [ RunTime:0.000144s ]

[ 2018-03-30T15:18:42+08:00 ] 202.105.104.115 /index.php/Admin/Contact/ADMIN_LAYUI_URLcss/layui.css
INFO: [ app_init ] --START--
INFO: Run Behavior\BuildLiteBehavior [ RunTime:0.000014s ]
INFO: [ app_init ] --END-- [ RunTime:0.000144s ]
INFO: [ app_begin ] --START--
INFO: Run Behavior\ReadHtmlCacheBehavior [ RunTime:0.000100s ]
INFO: Run Behavior\CheckLangBehavior [ RunTime:0.000240s ]
INFO: [ app_begin ] --END-- [ RunTime:0.000406s ]
ERR: 非法操作:ADMIN_LAYUI_URLcss

[ 2018-03-30T15:18:43+08:00 ] 202.105.104.115 /index.php/Admin/Contact/ADMIN_LAYUI_URLlay/dest/layui.all.js
INFO: [ app_init ] --START--
INFO: Run Behavior\BuildLiteBehavior [ RunTime:0.000015s ]
INFO: [ app_init ] --END-- [ RunTime:0.000148s ]
INFO: [ app_begin ] --START--
INFO: Run Behavior\ReadHtmlCacheBehavior [ RunTime:0.000100s ]
INFO: Run Behavior\CheckLangBehavior [ RunTime:0.000239s ]
INFO: [ app_begin ] --END-- [ RunTime:0.000401s ]
ERR: 非法操作:ADMIN_LAYUI_URLlay

[ 2018-03-30T15:18:43+08:00 ] 202.105.104.115 /index.php/Admin/Knowdetail/get_email
INFO: [ app_init ] --START--
INFO: Run Behavior\BuildLiteBehavior [ RunTime:0.000014s ]
INFO: [ app_init ] --END-- [ RunTime:0.000158s ]
INFO: [ app_begin ] --START--
INFO: Run Behavior\ReadHtmlCacheBehavior [ RunTime:0.000096s ]
INFO: Run Behavior\CheckLangBehavior [ RunTime:0.000235s ]
INFO: [ app_begin ] --END-- [ RunTime:0.000391s ]
SQL: SHOW COLUMNS FROM `email` [ RunTime:0.0006s ]
SQL: SELECT COUNT(*) AS tp_count FROM `email` LIMIT 1   [ RunTime:0.0003s ]
SQL: SELECT * FROM `email` LIMIT 0,5   [ RunTime:0.0003s ]
INFO: [ view_parse ] --START--
INFO: [ template_filter ] --START--
INFO: Run Behavior\ContentReplaceBehavior [ RunTime:0.000053s ]
INFO: [ template_filter ] --END-- [ RunTime:0.000095s ]
NOTIC: [8] Use of undefined constant ADMIN_LAYUI_URL - assumed 'ADMIN_LAYUI_URL' /home/ubizyme/public_html/Runtime/Cache/Admin/d4e3dbc3bb630875e636dd2f476c51bf.php 第 12 行.
NOTIC: [8] Undefined index: user_id /home/ubizyme/public_html/Runtime/Cache/Admin/d4e3dbc3bb630875e636dd2f476c51bf.php 第 60 行.
NOTIC: [8] Undefined index: user_id /home/ubizyme/public_html/Runtime/Cache/Admin/d4e3dbc3bb630875e636dd2f476c51bf.php 第 60 行.
NOTIC: [8] Undefined index: user_id /home/ubizyme/public_html/Runtime/Cache/Admin/d4e3dbc3bb630875e636dd2f476c51bf.php 第 60 行.
NOTIC: [8] Undefined index: user_id /home/ubizyme/public_html/Runtime/Cache/Admin/d4e3dbc3bb630875e636dd2f476c51bf.php 第 60 行.
NOTIC: [8] Undefined index: user_id /home/ubizyme/public_html/Runtime/Cache/Admin/d4e3dbc3bb630875e636dd2f476c51bf.php 第 60 行.
NOTIC: [8] Undefined index: user_id /home/ubizyme/public_html/Runtime/Cache/Admin/d4e3dbc3bb630875e636dd2f476c51bf.php 第 60 行.
NOTIC: [8] Undefined index: user_id /home/ubizyme/public_html/Runtime/Cache/Admin/d4e3dbc3bb630875e636dd2f476c51bf.php 第 60 行.
NOTIC: [8] Undefined index: user_id /home/ubizyme/public_html/Runtime/Cache/Admin/d4e3dbc3bb630875e636dd2f476c51bf.php 第 60 行.
NOTIC: [8] Undefined index: user_id /home/ubizyme/public_html/Runtime/Cache/Admin/d4e3dbc3bb630875e636dd2f476c51bf.php 第 60 行.
NOTIC: [8] Undefined index: user_id /home/ubizyme/public_html/Runtime/Cache/Admin/d4e3dbc3bb630875e636dd2f476c51bf.php 第 60 行.
NOTIC: [8] Use of undefined constant ADMIN_LAYUI_URL - assumed 'ADMIN_LAYUI_URL' /home/ubizyme/public_html/Runtime/Cache/Admin/d4e3dbc3bb630875e636dd2f476c51bf.php 第 82 行.
INFO: Run Behavior\ParseTemplateBehavior [ RunTime:0.002976s ]
INFO: [ view_parse ] --END-- [ RunTime:0.003013s ]
INFO: [ view_filter ] --START--
INFO: Run Behavior\WriteHtmlCacheBehavior [ RunTime:0.000094s ]
INFO: [ view_filter ] --END-- [ RunTime:0.000126s ]
INFO: [ app_end ] --START--
INFO: Run Behavior\ShowPageTraceBehavior [ RunTime:0.000097s ]
INFO: [ app_end ] --END-- [ RunTime:0.000135s ]

[ 2018-03-30T15:18:43+08:00 ] 202.105.104.115 /index.php/Admin/Knowdetail/ADMIN_LAYUI_URLcss/layui.css
INFO: [ app_init ] --START--
INFO: Run Behavior\BuildLiteBehavior [ RunTime:0.000014s ]
INFO: [ app_init ] --END-- [ RunTime:0.000147s ]
INFO: [ app_begin ] --START--
INFO: Run Behavior\ReadHtmlCacheBehavior [ RunTime:0.000096s ]
INFO: Run Behavior\CheckLangBehavior [ RunTime:0.000248s ]
INFO: [ app_begin ] --END-- [ RunTime:0.000405s ]
ERR: 非法操作:ADMIN_LAYUI_URLcss

[ 2018-03-30T15:18:43+08:00 ] 202.105.104.115 /index.php/Admin/Knowdetail/ADMIN_LAYUI_URLlay/dest/layui.all.js
INFO: [ app_init ] --START--
INFO: Run Behavior\BuildLiteBehavior [ RunTime:0.000010s ]
INFO: [ app_init ] --END-- [ RunTime:0.000124s ]
INFO: [ app_begin ] --START--
INFO: Run Behavior\ReadHtmlCacheBehavior [ RunTime:0.000087s ]
INFO: Run Behavior\CheckLangBehavior [ RunTime:0.000211s ]
INFO: [ app_begin ] --END-- [ RunTime:0.000357s ]
ERR: 非法操作:ADMIN_LAYUI_URLlay

[ 2018-03-30T15:18:44+08:00 ] 202.105.104.115 /index.php/Admin/Knowdetail/ADMIN_LAYUI_URLlay/dest/layui.all.js
INFO: [ app_init ] --START--
INFO: Run Behavior\BuildLiteBehavior [ RunTime:0.000016s ]
INFO: [ app_init ] --END-- [ RunTime:0.000153s ]
INFO: [ app_begin ] --START--
INFO: Run Behavior\ReadHtmlCacheBehavior [ RunTime:0.000096s ]
INFO: Run Behavior\CheckLangBehavior [ RunTime:0.000238s ]
INFO: [ app_begin ] --END-- [ RunTime:0.000395s ]
ERR: 非法操作:ADMIN_LAYUI_URLlay

