[ 2018-05-07T21:37:11+08:00 ] 127.0.0.1 /mountings/web/index.php
INFO: [ app_init ] --START--
INFO: Run Behavior\BuildLiteBehavior [ RunTime:0.000081s ]
INFO: [ app_init ] --END-- [ RunTime:0.038380s ]
INFO: [ app_begin ] --START--
INFO: Run Behavior\ReadHtmlCacheBehavior [ RunTime:0.016197s ]
INFO: Run Behavior\CheckLangBehavior [ RunTime:0.080927s ]
INFO: [ app_begin ] --END-- [ RunTime:0.097298s ]
INFO: [ view_parse ] --START--
INFO: [ template_filter ] --START--
INFO: Run Behavior\ContentReplaceBehavior [ RunTime:0.000147s ]
INFO: [ template_filter ] --END-- [ RunTime:0.000425s ]
INFO: Run Behavior\ParseTemplateBehavior [ RunTime:0.245120s ]
INFO: [ view_parse ] --END-- [ RunTime:0.245212s ]
INFO: [ view_filter ] --START--
INFO: Run Behavior\WriteHtmlCacheBehavior [ RunTime:0.018436s ]
INFO: [ view_filter ] --END-- [ RunTime:0.018505s ]
INFO: [ app_end ] --START--
INFO: Run Behavior\ShowPageTraceBehavior [ RunTime:0.012791s ]
INFO: [ app_end ] --END-- [ RunTime:0.012914s ]

[ 2018-05-07T21:37:19+08:00 ] 127.0.0.1 /mountings/web/index.php/Home/Tab/chaxun
INFO: [ app_init ] --START--
INFO: Run Behavior\BuildLiteBehavior [ RunTime:0.000020s ]
INFO: [ app_init ] --END-- [ RunTime:0.000608s ]
INFO: [ app_begin ] --START--
INFO: Run Behavior\ReadHtmlCacheBehavior [ RunTime:0.001094s ]
INFO: Run Behavior\CheckLangBehavior [ RunTime:0.001491s ]
INFO: [ app_begin ] --END-- [ RunTime:0.002741s ]
INFO: [ view_parse ] --START--
INFO: [ template_filter ] --START--
INFO: Run Behavior\ContentReplaceBehavior [ RunTime:0.000158s ]
INFO: [ template_filter ] --END-- [ RunTime:0.000232s ]
NOTIC: [8] Undefined variable: nav E:\WWW\mountings\web\Runtime\Cache\Home\e191d19ba3c99187b04ae33538666fe8.php 第 28 行.
NOTIC: [8] Undefined variable: nav E:\WWW\mountings\web\Runtime\Cache\Home\e191d19ba3c99187b04ae33538666fe8.php 第 29 行.
NOTIC: [8] Undefined variable: nav E:\WWW\mountings\web\Runtime\Cache\Home\e191d19ba3c99187b04ae33538666fe8.php 第 30 行.
NOTIC: [8] Undefined variable: nav E:\WWW\mountings\web\Runtime\Cache\Home\e191d19ba3c99187b04ae33538666fe8.php 第 31 行.
NOTIC: [8] Undefined variable: nav E:\WWW\mountings\web\Runtime\Cache\Home\e191d19ba3c99187b04ae33538666fe8.php 第 32 行.
NOTIC: [8] Undefined variable: nav E:\WWW\mountings\web\Runtime\Cache\Home\e191d19ba3c99187b04ae33538666fe8.php 第 33 行.
NOTIC: [8] Undefined variable: nav E:\WWW\mountings\web\Runtime\Cache\Home\e191d19ba3c99187b04ae33538666fe8.php 第 36 行.
INFO: Run Behavior\ParseTemplateBehavior [ RunTime:0.091079s ]
INFO: [ view_parse ] --END-- [ RunTime:0.091201s ]
INFO: [ view_filter ] --START--
INFO: Run Behavior\WriteHtmlCacheBehavior [ RunTime:0.000785s ]
INFO: [ view_filter ] --END-- [ RunTime:0.000860s ]
INFO: [ app_end ] --START--
INFO: Run Behavior\ShowPageTraceBehavior [ RunTime:0.001539s ]
INFO: [ app_end ] --END-- [ RunTime:0.001645s ]

[ 2018-05-07T21:38:27+08:00 ] 127.0.0.1 /mountings/web/index.php/Home/Tab/chaxun
INFO: [ app_init ] --START--
INFO: Run Behavior\BuildLiteBehavior [ RunTime:0.000035s ]
INFO: [ app_init ] --END-- [ RunTime:0.000808s ]
INFO: [ app_begin ] --START--
INFO: Run Behavior\ReadHtmlCacheBehavior [ RunTime:0.001087s ]
INFO: Run Behavior\CheckLangBehavior [ RunTime:0.001398s ]
INFO: [ app_begin ] --END-- [ RunTime:0.002727s ]
INFO: [ view_parse ] --START--
INFO: [ template_filter ] --START--
INFO: Run Behavior\ContentReplaceBehavior [ RunTime:0.000161s ]
INFO: [ template_filter ] --END-- [ RunTime:0.000247s ]
NOTIC: [8] Undefined variable: nav E:\WWW\mountings\web\Runtime\Cache\Home\e191d19ba3c99187b04ae33538666fe8.php 第 28 行.
NOTIC: [8] Undefined variable: nav E:\WWW\mountings\web\Runtime\Cache\Home\e191d19ba3c99187b04ae33538666fe8.php 第 29 行.
NOTIC: [8] Undefined variable: nav E:\WWW\mountings\web\Runtime\Cache\Home\e191d19ba3c99187b04ae33538666fe8.php 第 30 行.
NOTIC: [8] Undefined variable: nav E:\WWW\mountings\web\Runtime\Cache\Home\e191d19ba3c99187b04ae33538666fe8.php 第 31 行.
NOTIC: [8] Undefined variable: nav E:\WWW\mountings\web\Runtime\Cache\Home\e191d19ba3c99187b04ae33538666fe8.php 第 32 行.
NOTIC: [8] Undefined variable: nav E:\WWW\mountings\web\Runtime\Cache\Home\e191d19ba3c99187b04ae33538666fe8.php 第 33 行.
NOTIC: [8] Undefined variable: nav E:\WWW\mountings\web\Runtime\Cache\Home\e191d19ba3c99187b04ae33538666fe8.php 第 36 行.
INFO: Run Behavior\ParseTemplateBehavior [ RunTime:0.012065s ]
INFO: [ view_parse ] --END-- [ RunTime:0.012140s ]
INFO: [ view_filter ] --START--
INFO: Run Behavior\WriteHtmlCacheBehavior [ RunTime:0.001446s ]
INFO: [ view_filter ] --END-- [ RunTime:0.001516s ]
INFO: [ app_end ] --START--
INFO: Run Behavior\ShowPageTraceBehavior [ RunTime:0.000957s ]
INFO: [ app_end ] --END-- [ RunTime:0.001033s ]

[ 2018-05-07T21:40:07+08:00 ] 127.0.0.1 /mountings/web/index.php/Home/Index/index
INFO: [ app_init ] --START--
INFO: Run Behavior\BuildLiteBehavior [ RunTime:0.000020s ]
INFO: [ app_init ] --END-- [ RunTime:0.000505s ]
INFO: [ app_begin ] --START--
INFO: Run Behavior\ReadHtmlCacheBehavior [ RunTime:0.000868s ]
INFO: Run Behavior\CheckLangBehavior [ RunTime:0.001289s ]
INFO: [ app_begin ] --END-- [ RunTime:0.002286s ]
INFO: [ view_parse ] --START--
INFO: [ template_filter ] --START--
INFO: Run Behavior\ContentReplaceBehavior [ RunTime:0.000115s ]
INFO: [ template_filter ] --END-- [ RunTime:0.000188s ]
INFO: Run Behavior\ParseTemplateBehavior [ RunTime:0.012557s ]
INFO: [ view_parse ] --END-- [ RunTime:0.012648s ]
INFO: [ view_filter ] --START--
INFO: Run Behavior\WriteHtmlCacheBehavior [ RunTime:0.000602s ]
INFO: [ view_filter ] --END-- [ RunTime:0.000660s ]
INFO: [ app_end ] --START--
INFO: Run Behavior\ShowPageTraceBehavior [ RunTime:0.001844s ]
INFO: [ app_end ] --END-- [ RunTime:0.001939s ]

[ 2018-05-07T21:49:41+08:00 ] 127.0.0.1 /mountings/web/index.php/
INFO: [ app_init ] --START--
INFO: Run Behavior\BuildLiteBehavior [ RunTime:0.000023s ]
INFO: [ app_init ] --END-- [ RunTime:0.000578s ]
INFO: [ app_begin ] --START--
INFO: Run Behavior\ReadHtmlCacheBehavior [ RunTime:0.000992s ]
INFO: Run Behavior\CheckLangBehavior [ RunTime:0.001455s ]
INFO: [ app_begin ] --END-- [ RunTime:0.002563s ]
INFO: [ view_parse ] --START--
INFO: [ template_filter ] --START--
INFO: Run Behavior\ContentReplaceBehavior [ RunTime:0.000096s ]
INFO: [ template_filter ] --END-- [ RunTime:0.000167s ]
INFO: Run Behavior\ParseTemplateBehavior [ RunTime:0.012062s ]
INFO: [ view_parse ] --END-- [ RunTime:0.012140s ]
INFO: [ view_filter ] --START--
INFO: Run Behavior\WriteHtmlCacheBehavior [ RunTime:0.000551s ]
INFO: [ view_filter ] --END-- [ RunTime:0.000607s ]
INFO: [ app_end ] --START--
INFO: Run Behavior\ShowPageTraceBehavior [ RunTime:0.001044s ]
INFO: [ app_end ] --END-- [ RunTime:0.001116s ]

[ 2018-05-07T21:49:44+08:00 ] 127.0.0.1 /mountings/web/index.php/Home/Tab/chaxun
INFO: [ app_init ] --START--
INFO: Run Behavior\BuildLiteBehavior [ RunTime:0.000024s ]
INFO: [ app_init ] --END-- [ RunTime:0.001265s ]
INFO: [ app_begin ] --START--
INFO: Run Behavior\ReadHtmlCacheBehavior [ RunTime:0.001051s ]
INFO: Run Behavior\CheckLangBehavior [ RunTime:0.001433s ]
INFO: [ app_begin ] --END-- [ RunTime:0.002606s ]
INFO: [ view_parse ] --START--
INFO: [ template_filter ] --START--
INFO: Run Behavior\ContentReplaceBehavior [ RunTime:0.000276s ]
INFO: [ template_filter ] --END-- [ RunTime:0.000482s ]
NOTIC: [8] Undefined variable: nav E:\WWW\mountings\web\Runtime\Cache\Home\e191d19ba3c99187b04ae33538666fe8.php 第 28 行.
NOTIC: [8] Undefined variable: nav E:\WWW\mountings\web\Runtime\Cache\Home\e191d19ba3c99187b04ae33538666fe8.php 第 29 行.
NOTIC: [8] Undefined variable: nav E:\WWW\mountings\web\Runtime\Cache\Home\e191d19ba3c99187b04ae33538666fe8.php 第 30 行.
NOTIC: [8] Undefined variable: nav E:\WWW\mountings\web\Runtime\Cache\Home\e191d19ba3c99187b04ae33538666fe8.php 第 31 行.
NOTIC: [8] Undefined variable: nav E:\WWW\mountings\web\Runtime\Cache\Home\e191d19ba3c99187b04ae33538666fe8.php 第 32 行.
NOTIC: [8] Undefined variable: nav E:\WWW\mountings\web\Runtime\Cache\Home\e191d19ba3c99187b04ae33538666fe8.php 第 33 行.
NOTIC: [8] Undefined variable: nav E:\WWW\mountings\web\Runtime\Cache\Home\e191d19ba3c99187b04ae33538666fe8.php 第 36 行.
INFO: Run Behavior\ParseTemplateBehavior [ RunTime:0.013143s ]
INFO: [ view_parse ] --END-- [ RunTime:0.013209s ]
INFO: [ view_filter ] --START--
INFO: Run Behavior\WriteHtmlCacheBehavior [ RunTime:0.000564s ]
INFO: [ view_filter ] --END-- [ RunTime:0.000619s ]
INFO: [ app_end ] --START--
INFO: Run Behavior\ShowPageTraceBehavior [ RunTime:0.001038s ]
INFO: [ app_end ] --END-- [ RunTime:0.001119s ]

[ 2018-05-07T21:49:54+08:00 ] 127.0.0.1 /mountings/web/index.php/Home/Tab/about
INFO: [ app_init ] --START--
INFO: Run Behavior\BuildLiteBehavior [ RunTime:0.000023s ]
INFO: [ app_init ] --END-- [ RunTime:0.000771s ]
INFO: [ app_begin ] --START--
INFO: Run Behavior\ReadHtmlCacheBehavior [ RunTime:0.001585s ]
INFO: Run Behavior\CheckLangBehavior [ RunTime:0.001616s ]
INFO: [ app_begin ] --END-- [ RunTime:0.003396s ]
INFO: [ view_parse ] --START--
INFO: [ template_filter ] --START--
INFO: Run Behavior\ContentReplaceBehavior [ RunTime:0.000068s ]
INFO: [ template_filter ] --END-- [ RunTime:0.000146s ]
INFO: Run Behavior\ParseTemplateBehavior [ RunTime:0.062478s ]
INFO: [ view_parse ] --END-- [ RunTime:0.062578s ]
INFO: [ view_filter ] --START--
INFO: Run Behavior\WriteHtmlCacheBehavior [ RunTime:0.000680s ]
INFO: [ view_filter ] --END-- [ RunTime:0.000737s ]
INFO: [ app_end ] --START--
INFO: Run Behavior\ShowPageTraceBehavior [ RunTime:0.001071s ]
INFO: [ app_end ] --END-- [ RunTime:0.001136s ]

