[ 2018-03-28T19:07:10+08:00 ] 45.77.125.77 /Public/Home/js/jquery.min.map
INFO: [ app_init ] --START--
INFO: Run Behavior\BuildLiteBehavior [ RunTime:0.000017s ]
INFO: [ app_init ] --END-- [ RunTime:0.000160s ]
INFO: [ app_begin ] --START--
INFO: Run Behavior\ReadHtmlCacheBehavior [ RunTime:0.000098s ]
INFO: Run Behavior\CheckLangBehavior [ RunTime:0.000285s ]
INFO: [ app_begin ] --END-- [ RunTime:0.000459s ]
ERR: 无法加载控制器:Home

[ 2018-03-28T19:07:31+08:00 ] 45.77.125.77 /Public/Home/js/jquery.min.map
INFO: [ app_init ] --START--
INFO: Run Behavior\BuildLiteBehavior [ RunTime:0.000014s ]
INFO: [ app_init ] --END-- [ RunTime:0.000150s ]
INFO: [ app_begin ] --START--
INFO: Run Behavior\ReadHtmlCacheBehavior [ RunTime:0.000100s ]
INFO: Run Behavior\CheckLangBehavior [ RunTime:0.000247s ]
INFO: [ app_begin ] --END-- [ RunTime:0.000415s ]
ERR: 无法加载控制器:Home

[ 2018-03-28T19:07:37+08:00 ] 45.77.125.77 /Public/Home/js/jquery.min.map
INFO: [ app_init ] --START--
INFO: Run Behavior\BuildLiteBehavior [ RunTime:0.000017s ]
INFO: [ app_init ] --END-- [ RunTime:0.000160s ]
INFO: [ app_begin ] --START--
INFO: Run Behavior\ReadHtmlCacheBehavior [ RunTime:0.000133s ]
INFO: Run Behavior\CheckLangBehavior [ RunTime:0.000493s ]
INFO: [ app_begin ] --END-- [ RunTime:0.000729s ]
ERR: Controller can't be loaded:Home

[ 2018-03-28T19:07:44+08:00 ] 45.77.125.77 /Public/Home/js/jquery.min.map
INFO: [ app_init ] --START--
INFO: Run Behavior\BuildLiteBehavior [ RunTime:0.000019s ]
INFO: [ app_init ] --END-- [ RunTime:0.000217s ]
INFO: [ app_begin ] --START--
INFO: Run Behavior\ReadHtmlCacheBehavior [ RunTime:0.000134s ]
INFO: Run Behavior\CheckLangBehavior [ RunTime:0.000501s ]
INFO: [ app_begin ] --END-- [ RunTime:0.000731s ]
ERR: Controller can't be loaded:Home

[ 2018-03-28T19:07:51+08:00 ] 45.77.125.77 /Public/Home/js/jquery.min.map
INFO: [ app_init ] --START--
INFO: Run Behavior\BuildLiteBehavior [ RunTime:0.000015s ]
INFO: [ app_init ] --END-- [ RunTime:0.000152s ]
INFO: [ app_begin ] --START--
INFO: Run Behavior\ReadHtmlCacheBehavior [ RunTime:0.000094s ]
INFO: Run Behavior\CheckLangBehavior [ RunTime:0.000327s ]
INFO: [ app_begin ] --END-- [ RunTime:0.000484s ]
ERR: Controller can't be loaded:Home

[ 2018-03-28T19:07:53+08:00 ] 45.77.125.77 /Public/Home/js/jquery.min.map
INFO: [ app_init ] --START--
INFO: Run Behavior\BuildLiteBehavior [ RunTime:0.000014s ]
INFO: [ app_init ] --END-- [ RunTime:0.000156s ]
INFO: [ app_begin ] --START--
INFO: Run Behavior\ReadHtmlCacheBehavior [ RunTime:0.000097s ]
INFO: Run Behavior\CheckLangBehavior [ RunTime:0.000326s ]
INFO: [ app_begin ] --END-- [ RunTime:0.000485s ]
ERR: Controller can't be loaded:Home

[ 2018-03-28T19:07:58+08:00 ] 45.77.125.77 /Public/Home/js/jquery.min.map
INFO: [ app_init ] --START--
INFO: Run Behavior\BuildLiteBehavior [ RunTime:0.000020s ]
INFO: [ app_init ] --END-- [ RunTime:0.000176s ]
INFO: [ app_begin ] --START--
INFO: Run Behavior\ReadHtmlCacheBehavior [ RunTime:0.000100s ]
INFO: Run Behavior\CheckLangBehavior [ RunTime:0.000364s ]
INFO: [ app_begin ] --END-- [ RunTime:0.000528s ]
ERR: Controller can't be loaded:Home

[ 2018-03-28T19:37:00+08:00 ] 45.77.125.77 /Public/Home/js/jquery.min.map
ERR: Controller can't be loaded:Home

[ 2018-03-28T19:37:07+08:00 ] 45.77.125.77 /Public/Home/js/jquery.min.map
ERR: Controller can't be loaded:Home

[ 2018-03-28T19:37:16+08:00 ] 45.77.125.77 /Public/Home/js/jquery.min.map
ERR: Controller can't be loaded:Home

[ 2018-03-28T19:37:31+08:00 ] 45.77.125.77 /Public/Home/js/jquery.min.map
ERR: Controller can't be loaded:Home

[ 2018-03-28T19:37:35+08:00 ] 45.77.125.77 /Public/Home/js/jquery.min.map
ERR: Controller can't be loaded:Home

[ 2018-03-28T19:37:51+08:00 ] 45.77.125.77 /Public/Home/js/jquery.min.map
ERR: Controller can't be loaded:Home

[ 2018-03-28T19:37:58+08:00 ] 45.77.125.77 /Public/Home/js/jquery.min.map
ERR: Controller can't be loaded:Home

[ 2018-03-28T19:38:07+08:00 ] 45.77.125.77 /Public/Home/js/jquery.min.map
ERR: Controller can't be loaded:Home

[ 2018-03-28T19:40:55+08:00 ] 45.77.125.77 /Public/Home/js/jquery.min.map
INFO: [ app_init ] --START--
INFO: Run Behavior\BuildLiteBehavior [ RunTime:0.000026s ]
INFO: [ app_init ] --END-- [ RunTime:0.000211s ]
INFO: [ app_begin ] --START--
INFO: Run Behavior\ReadHtmlCacheBehavior [ RunTime:0.000140s ]
INFO: Run Behavior\CheckLangBehavior [ RunTime:0.000508s ]
INFO: [ app_begin ] --END-- [ RunTime:0.000749s ]
ERR: Controller can't be loaded:Home

