[ 2018-03-28T19:01:15+08:00 ] 45.77.125.77 /cn/index.html
INFO: [ app_init ] --START--
INFO: Run Behavior\BuildLiteBehavior [ RunTime:0.000029s ]
INFO: [ app_init ] --END-- [ RunTime:0.000635s ]
ERR: 无法加载模块:Cn

[ 2018-03-28T19:01:19+08:00 ] 45.77.125.77 /css/bootstrap.min.css
INFO: [ app_init ] --START--
INFO: Run Behavior\BuildLiteBehavior [ RunTime:0.000014s ]
INFO: [ app_init ] --END-- [ RunTime:0.000156s ]
ERR: 无法加载模块:Css

[ 2018-03-28T19:01:19+08:00 ] 45.77.125.77 /css/common.css
INFO: [ app_init ] --START--
INFO: Run Behavior\BuildLiteBehavior [ RunTime:0.000010s ]
INFO: [ app_init ] --END-- [ RunTime:0.000124s ]
ERR: 无法加载模块:Css

[ 2018-03-28T19:01:19+08:00 ] 45.77.125.77 /css/home.css
INFO: [ app_init ] --START--
INFO: Run Behavior\BuildLiteBehavior [ RunTime:0.000016s ]
INFO: [ app_init ] --END-- [ RunTime:0.000155s ]
ERR: 无法加载模块:Css

[ 2018-03-28T19:01:19+08:00 ] 45.77.125.77 /css/animate.css
INFO: [ app_init ] --START--
INFO: Run Behavior\BuildLiteBehavior [ RunTime:0.000026s ]
INFO: [ app_init ] --END-- [ RunTime:0.000450s ]
ERR: 无法加载模块:Css

[ 2018-03-28T19:01:19+08:00 ] 45.77.125.77 /js/jquery.min.js
INFO: [ app_init ] --START--
INFO: Run Behavior\BuildLiteBehavior [ RunTime:0.000018s ]
INFO: [ app_init ] --END-- [ RunTime:0.000201s ]
ERR: 无法加载模块:Js

[ 2018-03-28T19:01:19+08:00 ] 45.77.125.77 /js/bootstrap.min.js
INFO: [ app_init ] --START--
INFO: Run Behavior\BuildLiteBehavior [ RunTime:0.000015s ]
INFO: [ app_init ] --END-- [ RunTime:0.000158s ]
ERR: 无法加载模块:Js

[ 2018-03-28T19:01:19+08:00 ] 45.77.125.77 /img/logo.png
INFO: [ app_init ] --START--
INFO: Run Behavior\BuildLiteBehavior [ RunTime:0.000012s ]
INFO: [ app_init ] --END-- [ RunTime:0.000135s ]
ERR: 无法加载模块:Img

[ 2018-03-28T19:01:19+08:00 ] 45.77.125.77 /js/wow.min.js
INFO: [ app_init ] --START--
INFO: Run Behavior\BuildLiteBehavior [ RunTime:0.000012s ]
INFO: [ app_init ] --END-- [ RunTime:0.000135s ]
ERR: 无法加载模块:Js

[ 2018-03-28T19:01:19+08:00 ] 45.77.125.77 /img/homeimg.png
INFO: [ app_init ] --START--
INFO: Run Behavior\BuildLiteBehavior [ RunTime:0.000016s ]
INFO: [ app_init ] --END-- [ RunTime:0.000172s ]
ERR: 无法加载模块:Img

[ 2018-03-28T19:01:19+08:00 ] 45.77.125.77 /img/product.png
INFO: [ app_init ] --START--
INFO: Run Behavior\BuildLiteBehavior [ RunTime:0.000022s ]
INFO: [ app_init ] --END-- [ RunTime:0.000220s ]
ERR: 无法加载模块:Img

[ 2018-03-28T19:01:19+08:00 ] 45.77.125.77 /img/xibao.png
INFO: [ app_init ] --START--
INFO: Run Behavior\BuildLiteBehavior [ RunTime:0.000014s ]
INFO: [ app_init ] --END-- [ RunTime:0.000139s ]
ERR: 无法加载模块:Img

[ 2018-03-28T19:01:19+08:00 ] 45.77.125.77 /img/CrunchBase.png
INFO: [ app_init ] --START--
INFO: Run Behavior\BuildLiteBehavior [ RunTime:0.000016s ]
INFO: [ app_init ] --END-- [ RunTime:0.000200s ]
ERR: 无法加载模块:Img

[ 2018-03-28T19:01:19+08:00 ] 45.77.125.77 /img/angellist.png
INFO: [ app_init ] --START--
INFO: Run Behavior\BuildLiteBehavior [ RunTime:0.000016s ]
INFO: [ app_init ] --END-- [ RunTime:0.000151s ]
ERR: 无法加载模块:Img

[ 2018-03-28T19:01:19+08:00 ] 45.77.125.77 /img/linkedin.png
INFO: [ app_init ] --START--
INFO: Run Behavior\BuildLiteBehavior [ RunTime:0.000039s ]
INFO: [ app_init ] --END-- [ RunTime:0.000230s ]
ERR: 无法加载模块:Img

[ 2018-03-28T19:01:19+08:00 ] 45.77.125.77 /img/cambridge.png
INFO: [ app_init ] --START--
INFO: Run Behavior\BuildLiteBehavior [ RunTime:0.000020s ]
INFO: [ app_init ] --END-- [ RunTime:0.000179s ]
ERR: 无法加载模块:Img

[ 2018-03-28T19:01:19+08:00 ] 45.77.125.77 /img/cyberport.png
INFO: [ app_init ] --START--
INFO: Run Behavior\BuildLiteBehavior [ RunTime:0.000021s ]
INFO: [ app_init ] --END-- [ RunTime:0.000219s ]
ERR: 无法加载模块:Img

[ 2018-03-28T19:01:19+08:00 ] 45.77.125.77 /img/ARM.png
INFO: [ app_init ] --START--
INFO: Run Behavior\BuildLiteBehavior [ RunTime:0.000019s ]
INFO: [ app_init ] --END-- [ RunTime:0.000206s ]
ERR: 无法加载模块:Img

[ 2018-03-28T19:01:19+08:00 ] 45.77.125.77 /img/startbc.png
INFO: [ app_init ] --START--
INFO: Run Behavior\BuildLiteBehavior [ RunTime:0.000019s ]
INFO: [ app_init ] --END-- [ RunTime:0.000212s ]
ERR: 无法加载模块:Img

[ 2018-03-28T19:01:19+08:00 ] 45.77.125.77 /img/merck.png
INFO: [ app_init ] --START--
INFO: Run Behavior\BuildLiteBehavior [ RunTime:0.000020s ]
INFO: [ app_init ] --END-- [ RunTime:0.000169s ]
ERR: 无法加载模块:Img

[ 2018-03-28T19:01:19+08:00 ] 45.77.125.77 /img/johnson.png
INFO: [ app_init ] --START--
INFO: Run Behavior\BuildLiteBehavior [ RunTime:0.000017s ]
INFO: [ app_init ] --END-- [ RunTime:0.000180s ]
ERR: 无法加载模块:Img

[ 2018-03-28T19:01:19+08:00 ] 45.77.125.77 /img/hax.png
INFO: [ app_init ] --START--
INFO: Run Behavior\BuildLiteBehavior [ RunTime:0.000014s ]
INFO: [ app_init ] --END-- [ RunTime:0.000165s ]
ERR: 无法加载模块:Img

[ 2018-03-28T19:01:19+08:00 ] 45.77.125.77 /img/sosv.png
INFO: [ app_init ] --START--
INFO: Run Behavior\BuildLiteBehavior [ RunTime:0.000014s ]
INFO: [ app_init ] --END-- [ RunTime:0.000149s ]
ERR: 无法加载模块:Img

[ 2018-03-28T19:01:24+08:00 ] 45.77.125.77 /css/bootstrap.min.css
INFO: [ app_init ] --START--
INFO: Run Behavior\BuildLiteBehavior [ RunTime:0.000023s ]
INFO: [ app_init ] --END-- [ RunTime:0.000221s ]
ERR: 无法加载模块:Css

[ 2018-03-28T19:01:24+08:00 ] 45.77.125.77 /css/animate.css
INFO: [ app_init ] --START--
INFO: Run Behavior\BuildLiteBehavior [ RunTime:0.000011s ]
INFO: [ app_init ] --END-- [ RunTime:0.000128s ]
ERR: 无法加载模块:Css

[ 2018-03-28T19:01:24+08:00 ] 45.77.125.77 /css/common.css
INFO: [ app_init ] --START--
INFO: Run Behavior\BuildLiteBehavior [ RunTime:0.000021s ]
INFO: [ app_init ] --END-- [ RunTime:0.000170s ]
ERR: 无法加载模块:Css

[ 2018-03-28T19:01:24+08:00 ] 45.77.125.77 /css/home.css
INFO: [ app_init ] --START--
INFO: Run Behavior\BuildLiteBehavior [ RunTime:0.000013s ]
INFO: [ app_init ] --END-- [ RunTime:0.000141s ]
ERR: 无法加载模块:Css

[ 2018-03-28T19:01:24+08:00 ] 45.77.125.77 /js/jquery.min.map
INFO: [ app_init ] --START--
INFO: Run Behavior\BuildLiteBehavior [ RunTime:0.000016s ]
INFO: [ app_init ] --END-- [ RunTime:0.000154s ]
ERR: 无法加载模块:Js

[ 2018-03-28T19:01:25+08:00 ] 45.77.125.77 /css/bootstrap.min.css
INFO: [ app_init ] --START--
INFO: Run Behavior\BuildLiteBehavior [ RunTime:0.000015s ]
INFO: [ app_init ] --END-- [ RunTime:0.000157s ]
ERR: 无法加载模块:Css

[ 2018-03-28T19:01:25+08:00 ] 45.77.125.77 /css/common.css
INFO: [ app_init ] --START--
INFO: Run Behavior\BuildLiteBehavior [ RunTime:0.000010s ]
INFO: [ app_init ] --END-- [ RunTime:0.000126s ]
ERR: 无法加载模块:Css

[ 2018-03-28T19:01:25+08:00 ] 45.77.125.77 /css/home.css
INFO: [ app_init ] --START--
INFO: Run Behavior\BuildLiteBehavior [ RunTime:0.000018s ]
INFO: [ app_init ] --END-- [ RunTime:0.000185s ]
ERR: 无法加载模块:Css

[ 2018-03-28T19:01:25+08:00 ] 45.77.125.77 /css/animate.css
INFO: [ app_init ] --START--
INFO: Run Behavior\BuildLiteBehavior [ RunTime:0.000018s ]
INFO: [ app_init ] --END-- [ RunTime:0.000192s ]
ERR: 无法加载模块:Css

[ 2018-03-28T19:01:25+08:00 ] 45.77.125.77 /img/logo.png
INFO: [ app_init ] --START--
INFO: Run Behavior\BuildLiteBehavior [ RunTime:0.000015s ]
INFO: [ app_init ] --END-- [ RunTime:0.000153s ]
ERR: 无法加载模块:Img

[ 2018-03-28T19:01:25+08:00 ] 45.77.125.77 /img/product.png
INFO: [ app_init ] --START--
INFO: Run Behavior\BuildLiteBehavior [ RunTime:0.000015s ]
INFO: [ app_init ] --END-- [ RunTime:0.000156s ]
ERR: 无法加载模块:Img

[ 2018-03-28T19:01:25+08:00 ] 45.77.125.77 /img/xibao.png
INFO: [ app_init ] --START--
INFO: Run Behavior\BuildLiteBehavior [ RunTime:0.000013s ]
INFO: [ app_init ] --END-- [ RunTime:0.000138s ]
ERR: 无法加载模块:Img

[ 2018-03-28T19:01:25+08:00 ] 45.77.125.77 /img/CrunchBase.png
INFO: [ app_init ] --START--
INFO: Run Behavior\BuildLiteBehavior [ RunTime:0.000020s ]
INFO: [ app_init ] --END-- [ RunTime:0.000205s ]
ERR: 无法加载模块:Img

[ 2018-03-28T19:01:25+08:00 ] 45.77.125.77 /img/homeimg.png
INFO: [ app_init ] --START--
INFO: Run Behavior\BuildLiteBehavior [ RunTime:0.000016s ]
INFO: [ app_init ] --END-- [ RunTime:0.000164s ]
ERR: 无法加载模块:Img

[ 2018-03-28T19:01:25+08:00 ] 45.77.125.77 /js/jquery.min.js
INFO: [ app_init ] --START--
INFO: Run Behavior\BuildLiteBehavior [ RunTime:0.000017s ]
INFO: [ app_init ] --END-- [ RunTime:0.000184s ]
ERR: 无法加载模块:Js

[ 2018-03-28T19:01:25+08:00 ] 45.77.125.77 /img/angellist.png
INFO: [ app_init ] --START--
INFO: Run Behavior\BuildLiteBehavior [ RunTime:0.000021s ]
INFO: [ app_init ] --END-- [ RunTime:0.000202s ]
ERR: 无法加载模块:Img

[ 2018-03-28T19:01:25+08:00 ] 45.77.125.77 /js/bootstrap.min.js
INFO: [ app_init ] --START--
INFO: Run Behavior\BuildLiteBehavior [ RunTime:0.000015s ]
INFO: [ app_init ] --END-- [ RunTime:0.000162s ]
ERR: 无法加载模块:Js

[ 2018-03-28T19:01:25+08:00 ] 45.77.125.77 /js/wow.min.js
INFO: [ app_init ] --START--
INFO: Run Behavior\BuildLiteBehavior [ RunTime:0.000018s ]
INFO: [ app_init ] --END-- [ RunTime:0.000165s ]
ERR: 无法加载模块:Js

[ 2018-03-28T19:01:25+08:00 ] 45.77.125.77 /img/linkedin.png
INFO: [ app_init ] --START--
INFO: Run Behavior\BuildLiteBehavior [ RunTime:0.000019s ]
INFO: [ app_init ] --END-- [ RunTime:0.000211s ]
ERR: 无法加载模块:Img

[ 2018-03-28T19:01:25+08:00 ] 45.77.125.77 /img/cambridge.png
INFO: [ app_init ] --START--
INFO: Run Behavior\BuildLiteBehavior [ RunTime:0.000019s ]
INFO: [ app_init ] --END-- [ RunTime:0.000211s ]
ERR: 无法加载模块:Img

[ 2018-03-28T19:01:25+08:00 ] 45.77.125.77 /img/cyberport.png
INFO: [ app_init ] --START--
INFO: Run Behavior\BuildLiteBehavior [ RunTime:0.000016s ]
INFO: [ app_init ] --END-- [ RunTime:0.000179s ]
ERR: 无法加载模块:Img

[ 2018-03-28T19:01:25+08:00 ] 45.77.125.77 /img/ARM.png
INFO: [ app_init ] --START--
INFO: Run Behavior\BuildLiteBehavior [ RunTime:0.000011s ]
INFO: [ app_init ] --END-- [ RunTime:0.000126s ]
ERR: 无法加载模块:Img

[ 2018-03-28T19:01:25+08:00 ] 45.77.125.77 /img/startbc.png
INFO: [ app_init ] --START--
INFO: Run Behavior\BuildLiteBehavior [ RunTime:0.000016s ]
INFO: [ app_init ] --END-- [ RunTime:0.000166s ]
ERR: 无法加载模块:Img

[ 2018-03-28T19:01:25+08:00 ] 45.77.125.77 /img/merck.png
INFO: [ app_init ] --START--
INFO: Run Behavior\BuildLiteBehavior [ RunTime:0.000016s ]
INFO: [ app_init ] --END-- [ RunTime:0.000155s ]
ERR: 无法加载模块:Img

[ 2018-03-28T19:01:26+08:00 ] 45.77.125.77 /img/johnson.png
INFO: [ app_init ] --START--
INFO: Run Behavior\BuildLiteBehavior [ RunTime:0.000013s ]
INFO: [ app_init ] --END-- [ RunTime:0.000149s ]
ERR: 无法加载模块:Img

[ 2018-03-28T19:01:26+08:00 ] 45.77.125.77 /img/hax.png
INFO: [ app_init ] --START--
INFO: Run Behavior\BuildLiteBehavior [ RunTime:0.000019s ]
INFO: [ app_init ] --END-- [ RunTime:0.000252s ]
ERR: 无法加载模块:Img

[ 2018-03-28T19:01:26+08:00 ] 45.77.125.77 /img/sosv.png
INFO: [ app_init ] --START--
INFO: Run Behavior\BuildLiteBehavior [ RunTime:0.000022s ]
INFO: [ app_init ] --END-- [ RunTime:0.000233s ]
ERR: 无法加载模块:Img

[ 2018-03-28T19:12:52+08:00 ] 185.100.222.177 /aptacam.bak.sql
INFO: [ app_init ] --START--
INFO: Run Behavior\BuildLiteBehavior [ RunTime:0.000014s ]
INFO: [ app_init ] --END-- [ RunTime:0.000145s ]
ERR: 无法加载模块:Aptacam.bak

[ 2018-03-28T19:15:47+08:00 ] 180.76.15.15 /index.php/datahub/aptamers/rna-aptamers/9826651-Nicotinic%20acetylcholine%20receptor-13-detail
INFO: [ app_init ] --START--
INFO: Run Behavior\BuildLiteBehavior [ RunTime:0.000019s ]
INFO: [ app_init ] --END-- [ RunTime:0.000395s ]
ERR: 无法加载模块:Datahub

[ 2018-03-28T19:30:09+08:00 ] 144.76.12.66 /index.php/component/virtuemart/10496219-elongation%20factor%20SelB%EF%BC%8D27-detail
INFO: [ app_init ] --START--
INFO: Run Behavior\BuildLiteBehavior [ RunTime:0.000016s ]
INFO: [ app_init ] --END-- [ RunTime:0.000165s ]
ERR: 无法加载模块:Component

[ 2018-03-28T19:30:11+08:00 ] 144.76.12.66 /index.php/component/virtuemart/14706642%EF%BC%8Dmethylenedianiline%20(MDA)%EF%BC%8D1-detail
INFO: [ app_init ] --START--
INFO: Run Behavior\BuildLiteBehavior [ RunTime:0.000016s ]
INFO: [ app_init ] --END-- [ RunTime:0.000165s ]
ERR: 无法加载模块:Component

[ 2018-03-28T19:30:12+08:00 ] 144.76.12.66 /index.php/component/virtuemart/14706642%EF%BC%8Dmethylenedianiline%20(MDA)%EF%BC%8D2-detail
INFO: [ app_init ] --START--
INFO: Run Behavior\BuildLiteBehavior [ RunTime:0.000020s ]
INFO: [ app_init ] --END-- [ RunTime:0.000211s ]
ERR: 无法加载模块:Component

[ 2018-03-28T19:30:14+08:00 ] 144.76.12.66 /index.php/component/virtuemart/14706642%EF%BC%8Dmethylenedianiline%20(MDA)%EF%BC%8D3-detail
INFO: [ app_init ] --START--
INFO: Run Behavior\BuildLiteBehavior [ RunTime:0.000015s ]
INFO: [ app_init ] --END-- [ RunTime:0.000155s ]
ERR: 无法加载模块:Component

[ 2018-03-28T19:30:15+08:00 ] 144.76.12.66 /index.php/component/virtuemart/14706642%EF%BC%8Dmethylenedianiline%20(MDA)%EF%BC%8D3-detail?tmpl=component&print=1
INFO: [ app_init ] --START--
INFO: Run Behavior\BuildLiteBehavior [ RunTime:0.000023s ]
INFO: [ app_init ] --END-- [ RunTime:0.000247s ]
ERR: 无法加载模块:Component

[ 2018-03-28T19:30:17+08:00 ] 144.76.12.66 /index.php/component/virtuemart/14706642%EF%BC%8Dmethylenedianiline%20(MDA)%EF%BC%8D4-detail
INFO: [ app_init ] --START--
INFO: Run Behavior\BuildLiteBehavior [ RunTime:0.000021s ]
INFO: [ app_init ] --END-- [ RunTime:0.000182s ]
ERR: 无法加载模块:Component

[ 2018-03-28T19:30:19+08:00 ] 144.76.12.66 /index.php/component/virtuemart/14706642%EF%BC%8Dmethylenedianiline%20(MDA)%EF%BC%8D4-detail?tmpl=component&print=1
INFO: [ app_init ] --START--
INFO: Run Behavior\BuildLiteBehavior [ RunTime:0.000016s ]
INFO: [ app_init ] --END-- [ RunTime:0.000156s ]
ERR: 无法加载模块:Component

[ 2018-03-28T19:30:20+08:00 ] 144.76.12.66 /index.php/component/virtuemart/19723884-GST-PPAR-%CE%B4-1-detail
INFO: [ app_init ] --START--
INFO: Run Behavior\BuildLiteBehavior [ RunTime:0.000020s ]
INFO: [ app_init ] --END-- [ RunTime:0.000224s ]
ERR: 无法加载模块:Component

[ 2018-03-28T19:30:22+08:00 ] 144.76.12.66 /index.php/component/virtuemart/19723884-GST-PPAR-%CE%B4-1-detail?tmpl=component&print=1
INFO: [ app_init ] --START--
INFO: Run Behavior\BuildLiteBehavior [ RunTime:0.000018s ]
INFO: [ app_init ] --END-- [ RunTime:0.000173s ]
ERR: 无法加载模块:Component

[ 2018-03-28T19:30:24+08:00 ] 144.76.12.66 /index.php/component/virtuemart/9062133%EF%BC%8DNeutrophil%20elastase%EF%BC%8D7-detail
INFO: [ app_init ] --START--
INFO: Run Behavior\BuildLiteBehavior [ RunTime:0.000016s ]
INFO: [ app_init ] --END-- [ RunTime:0.000165s ]
ERR: 无法加载模块:Component

[ 2018-03-28T19:30:25+08:00 ] 144.76.12.66 /index.php/component/virtuemart/9062133%EF%BC%8DNeutrophil%20elastase%EF%BC%8D7-detail?tmpl=component&print=1
INFO: [ app_init ] --START--
INFO: Run Behavior\BuildLiteBehavior [ RunTime:0.000023s ]
INFO: [ app_init ] --END-- [ RunTime:0.000232s ]
ERR: 无法加载模块:Component

[ 2018-03-28T19:30:27+08:00 ] 144.76.12.66 /index.php/component/virtuemart/9062133%EF%BC%8DNeutrophil%20elastase%EF%BC%8D9-detail
INFO: [ app_init ] --START--
INFO: Run Behavior\BuildLiteBehavior [ RunTime:0.000014s ]
INFO: [ app_init ] --END-- [ RunTime:0.000160s ]
ERR: 无法加载模块:Component

[ 2018-03-28T19:30:29+08:00 ] 144.76.12.66 /index.php/component/virtuemart/9062133%EF%BC%8DNeutrophil%20elastase%EF%BC%8D9-detail?tmpl=component&print=1
INFO: [ app_init ] --START--
INFO: Run Behavior\BuildLiteBehavior [ RunTime:0.000016s ]
INFO: [ app_init ] --END-- [ RunTime:0.000157s ]
ERR: 无法加载模块:Component

[ 2018-03-28T19:30:30+08:00 ] 144.76.12.66 /index.php/datahub/aptamers/dna-aptamers/9062133%EF%BC%8DNeutrophil%20elastase%EF%BC%8D36-detail
INFO: [ app_init ] --START--
INFO: Run Behavior\BuildLiteBehavior [ RunTime:0.000017s ]
INFO: [ app_init ] --END-- [ RunTime:0.000156s ]
ERR: 无法加载模块:Datahub

[ 2018-03-28T19:30:32+08:00 ] 144.76.12.66 /index.php/datahub/aptamers/dna-aptamers/9062133%EF%BC%8DNeutrophil%20elastase%EF%BC%8D37-detail
INFO: [ app_init ] --START--
INFO: Run Behavior\BuildLiteBehavior [ RunTime:0.000021s ]
INFO: [ app_init ] --END-- [ RunTime:0.000212s ]
ERR: 无法加载模块:Datahub

[ 2018-03-28T19:30:34+08:00 ] 144.76.12.66 /index.php/datahub/aptamers/dna-aptamers/9062133%EF%BC%8DNeutrophil%20elastase%EF%BC%8D38-detail
INFO: [ app_init ] --START--
INFO: Run Behavior\BuildLiteBehavior [ RunTime:0.000020s ]
INFO: [ app_init ] --END-- [ RunTime:0.000220s ]
ERR: 无法加载模块:Datahub

[ 2018-03-28T19:30:35+08:00 ] 144.76.12.66 /index.php/datahub/aptamers/dna-aptamers/9062133%EF%BC%8DNeutrophil%20elastase%EF%BC%8D39-detail
INFO: [ app_init ] --START--
INFO: Run Behavior\BuildLiteBehavior [ RunTime:0.000015s ]
INFO: [ app_init ] --END-- [ RunTime:0.000155s ]
ERR: 无法加载模块:Datahub

[ 2018-03-28T19:30:37+08:00 ] 144.76.12.66 /index.php/datahub/aptamers/dna-aptamers/9062133%EF%BC%8DNeutrophil%20elastase%EF%BC%8D4-detail
INFO: [ app_init ] --START--
INFO: Run Behavior\BuildLiteBehavior [ RunTime:0.000032s ]
INFO: [ app_init ] --END-- [ RunTime:0.000196s ]
ERR: 无法加载模块:Datahub

[ 2018-03-28T19:30:39+08:00 ] 144.76.12.66 /index.php/datahub/aptamers/dna-aptamers/9062133%EF%BC%8DNeutrophil%20elastase%EF%BC%8D40-detail
INFO: [ app_init ] --START--
INFO: Run Behavior\BuildLiteBehavior [ RunTime:0.000014s ]
INFO: [ app_init ] --END-- [ RunTime:0.000145s ]
ERR: 无法加载模块:Datahub

[ 2018-03-28T19:30:40+08:00 ] 144.76.12.66 /index.php/datahub/aptamers/dna-aptamers/9062133%EF%BC%8DNeutrophil%20elastase%EF%BC%8D41-detail
INFO: [ app_init ] --START--
INFO: Run Behavior\BuildLiteBehavior [ RunTime:0.000014s ]
INFO: [ app_init ] --END-- [ RunTime:0.000157s ]
ERR: 无法加载模块:Datahub

[ 2018-03-28T19:30:42+08:00 ] 144.76.12.66 /index.php/datahub/aptamers/dna-aptamers/9062133%EF%BC%8DNeutrophil%20elastase%EF%BC%8D42-detail
INFO: [ app_init ] --START--
INFO: Run Behavior\BuildLiteBehavior [ RunTime:0.000015s ]
INFO: [ app_init ] --END-- [ RunTime:0.000155s ]
ERR: 无法加载模块:Datahub

[ 2018-03-28T19:30:43+08:00 ] 144.76.12.66 /index.php/datahub/aptamers/dna-aptamers/9062133%EF%BC%8DNeutrophil%20elastase%EF%BC%8D43-detail
INFO: [ app_init ] --START--
INFO: Run Behavior\BuildLiteBehavior [ RunTime:0.000036s ]
INFO: [ app_init ] --END-- [ RunTime:0.000281s ]
ERR: 无法加载模块:Datahub

[ 2018-03-28T19:30:45+08:00 ] 144.76.12.66 /index.php/datahub/aptamers/dna-aptamers/9062133%EF%BC%8DNeutrophil%20elastase%EF%BC%8D46-detail
INFO: [ app_init ] --START--
INFO: Run Behavior\BuildLiteBehavior [ RunTime:0.000023s ]
INFO: [ app_init ] --END-- [ RunTime:0.000208s ]
ERR: 无法加载模块:Datahub

[ 2018-03-28T19:30:46+08:00 ] 144.76.12.66 /index.php/datahub/aptamers/dna-aptamers/9062133%EF%BC%8DNeutrophil%20elastase%EF%BC%8D47-detail
INFO: [ app_init ] --START--
INFO: Run Behavior\BuildLiteBehavior [ RunTime:0.000015s ]
INFO: [ app_init ] --END-- [ RunTime:0.000156s ]
ERR: 无法加载模块:Datahub

[ 2018-03-28T19:30:47+08:00 ] 45.77.125.77 /windows.zip
INFO: [ app_init ] --START--
INFO: Run Behavior\BuildLiteBehavior [ RunTime:0.000016s ]
INFO: [ app_init ] --END-- [ RunTime:0.000158s ]
ERR: 无法加载模块:Windows

[ 2018-03-28T19:30:48+08:00 ] 144.76.12.66 /index.php/datahub/aptamers/dna-aptamers/9062133%EF%BC%8DNeutrophil%20elastase%EF%BC%8D48-detail
INFO: [ app_init ] --START--
INFO: Run Behavior\BuildLiteBehavior [ RunTime:0.000016s ]
INFO: [ app_init ] --END-- [ RunTime:0.000158s ]
ERR: 无法加载模块:Datahub

[ 2018-03-28T19:30:49+08:00 ] 144.76.12.66 /index.php/datahub/aptamers/dna-aptamers/9062133%EF%BC%8DNeutrophil%20elastase%EF%BC%8D49-detail
INFO: [ app_init ] --START--
INFO: Run Behavior\BuildLiteBehavior [ RunTime:0.000017s ]
INFO: [ app_init ] --END-- [ RunTime:0.000162s ]
ERR: 无法加载模块:Datahub

[ 2018-03-28T19:30:51+08:00 ] 144.76.12.66 /index.php/datahub/aptamers/dna-aptamers/9062133%EF%BC%8DNeutrophil%20elastase%EF%BC%8D5-detail
INFO: [ app_init ] --START--
INFO: Run Behavior\BuildLiteBehavior [ RunTime:0.000017s ]
INFO: [ app_init ] --END-- [ RunTime:0.000162s ]
ERR: 无法加载模块:Datahub

[ 2018-03-28T19:30:53+08:00 ] 144.76.12.66 /index.php/datahub/aptamers/dna-aptamers/9062133%EF%BC%8DNeutrophil%20elastase%EF%BC%8D50-detail
INFO: [ app_init ] --START--
INFO: Run Behavior\BuildLiteBehavior [ RunTime:0.000025s ]
INFO: [ app_init ] --END-- [ RunTime:0.000240s ]
ERR: 无法加载模块:Datahub

[ 2018-03-28T19:30:55+08:00 ] 144.76.12.66 /index.php/datahub/aptamers/dna-aptamers/9062133%EF%BC%8DNeutrophil%20elastase%EF%BC%8D51-detail
INFO: [ app_init ] --START--
INFO: Run Behavior\BuildLiteBehavior [ RunTime:0.000015s ]
INFO: [ app_init ] --END-- [ RunTime:0.000166s ]
ERR: 无法加载模块:Datahub

[ 2018-03-28T19:30:55+08:00 ] 45.77.125.77 /windows.zip
INFO: [ app_init ] --START--
INFO: Run Behavior\BuildLiteBehavior [ RunTime:0.000018s ]
INFO: [ app_init ] --END-- [ RunTime:0.000161s ]
ERR: 无法加载模块:Windows

[ 2018-03-28T19:30:56+08:00 ] 144.76.12.66 /index.php/datahub/aptamers/dna-aptamers/9062133%EF%BC%8DNeutrophil%20elastase%EF%BC%8D52-detail
INFO: [ app_init ] --START--
INFO: Run Behavior\BuildLiteBehavior [ RunTime:0.000015s ]
INFO: [ app_init ] --END-- [ RunTime:0.000173s ]
ERR: 无法加载模块:Datahub

[ 2018-03-28T19:30:58+08:00 ] 144.76.12.66 /index.php/datahub/aptamers/dna-aptamers/9062133%EF%BC%8DNeutrophil%20elastase%EF%BC%8D6-detail
INFO: [ app_init ] --START--
INFO: Run Behavior\BuildLiteBehavior [ RunTime:0.000019s ]
INFO: [ app_init ] --END-- [ RunTime:0.000220s ]
ERR: 无法加载模块:Datahub

[ 2018-03-28T19:30:59+08:00 ] 144.76.12.66 /index.php/datahub/aptamers/dna-aptamers/9062133%EF%BC%8DNeutrophil%20elastase%EF%BC%8D7-detail
INFO: [ app_init ] --START--
INFO: Run Behavior\BuildLiteBehavior [ RunTime:0.000021s ]
INFO: [ app_init ] --END-- [ RunTime:0.000215s ]
ERR: 无法加载模块:Datahub

[ 2018-03-28T19:31:01+08:00 ] 144.76.12.66 /index.php/datahub/aptamers/dna-aptamers/9062133%EF%BC%8DNeutrophil%20elastase%EF%BC%8D8-detail
INFO: [ app_init ] --START--
INFO: Run Behavior\BuildLiteBehavior [ RunTime:0.000017s ]
INFO: [ app_init ] --END-- [ RunTime:0.000163s ]
ERR: 无法加载模块:Datahub

[ 2018-03-28T19:31:02+08:00 ] 144.76.12.66 /index.php/datahub/aptamers/dna-aptamers/9062133%EF%BC%8DNeutrophil%20elastase%EF%BC%8D9-detail
INFO: [ app_init ] --START--
INFO: Run Behavior\BuildLiteBehavior [ RunTime:0.000015s ]
INFO: [ app_init ] --END-- [ RunTime:0.000152s ]
ERR: 无法加载模块:Datahub

[ 2018-03-28T19:31:45+08:00 ] 45.77.125.77 /windows.zip
ERR: 无法加载模块:Windows

[ 2018-03-28T19:34:30+08:00 ] 180.76.15.11 /index.php/component/virtuemart/19158349-phospholamban-1-detail
ERR: 无法加载模块:Component

[ 2018-03-28T19:34:36+08:00 ] 180.76.15.13 /index.php/datahub/aptamers/rna-aptamers/9245404-dopamine-1-detail
ERR: 无法加载模块:Datahub

[ 2018-03-28T19:46:00+08:00 ] 67.192.51.26 /index.php/contact-us
INFO: [ app_init ] --START--
INFO: Run Behavior\BuildLiteBehavior [ RunTime:0.000023s ]
INFO: [ app_init ] --END-- [ RunTime:0.000237s ]
ERR: 无法加载模块:Contact-us

[ 2018-03-28T19:46:53+08:00 ] 121.17.18.178 /wp-content/plugins/dzs-videogallery/admin/admin_global.js
INFO: [ app_init ] --START--
INFO: Run Behavior\BuildLiteBehavior [ RunTime:0.000016s ]
INFO: [ app_init ] --END-- [ RunTime:0.000164s ]
ERR: 无法加载模块:Wp-content

[ 2018-03-28T19:47:31+08:00 ] 87.226.213.86 /wp-content/plugins/dzs-videogallery/admin/admin_global.js
INFO: [ app_init ] --START--
INFO: Run Behavior\BuildLiteBehavior [ RunTime:0.000019s ]
INFO: [ app_init ] --END-- [ RunTime:0.000212s ]
ERR: 无法加载模块:Wp-content

[ 2018-03-28T19:49:17+08:00 ] 97.107.133.85 /wp-content/plugins/cardoza-facebook-like-box/admin_cardozafacebook.css
INFO: [ app_init ] --START--
INFO: Run Behavior\BuildLiteBehavior [ RunTime:0.000012s ]
INFO: [ app_init ] --END-- [ RunTime:0.000141s ]
ERR: 无法加载模块:Wp-content

[ 2018-03-28T19:50:02+08:00 ] 159.192.247.67 /index.php/component/users/?view=login
INFO: [ app_init ] --START--
INFO: Run Behavior\BuildLiteBehavior [ RunTime:0.000015s ]
INFO: [ app_init ] --END-- [ RunTime:0.000150s ]
ERR: 无法加载模块:Component

[ 2018-03-28T19:50:26+08:00 ] 220.137.16.73 /index.php/component/users/?view=login
INFO: [ app_init ] --START--
INFO: Run Behavior\BuildLiteBehavior [ RunTime:0.000013s ]
INFO: [ app_init ] --END-- [ RunTime:0.000147s ]
ERR: 无法加载模块:Component

[ 2018-03-28T19:50:53+08:00 ] 31.4.53.178 /index.php/component/users/?view=login
INFO: [ app_init ] --START--
INFO: Run Behavior\BuildLiteBehavior [ RunTime:0.000021s ]
INFO: [ app_init ] --END-- [ RunTime:0.000231s ]
ERR: 无法加载模块:Component

[ 2018-03-28T19:51:13+08:00 ] 178.159.37.118 /index.php/component/users/?view=login
INFO: [ app_init ] --START--
INFO: Run Behavior\BuildLiteBehavior [ RunTime:0.000024s ]
INFO: [ app_init ] --END-- [ RunTime:0.000215s ]
ERR: 无法加载模块:Component

[ 2018-03-28T19:51:21+08:00 ] 117.5.117.222 /index.php/component/users/?view=login
INFO: [ app_init ] --START--
INFO: Run Behavior\BuildLiteBehavior [ RunTime:0.000016s ]
INFO: [ app_init ] --END-- [ RunTime:0.000155s ]
ERR: 无法加载模块:Component

[ 2018-03-28T19:51:48+08:00 ] 180.76.15.25 /index.php/datahub/aptamers/rna-aptamers/9245404-dopamine-Ma-1-detail
INFO: [ app_init ] --START--
INFO: Run Behavior\BuildLiteBehavior [ RunTime:0.000017s ]
INFO: [ app_init ] --END-- [ RunTime:0.000200s ]
ERR: 无法加载模块:Datahub

[ 2018-03-28T19:53:12+08:00 ] 180.76.15.145 /index.php/component/virtuemart/by,category_name/results,1225-1224?Itemid=0
INFO: [ app_init ] --START--
INFO: Run Behavior\BuildLiteBehavior [ RunTime:0.000015s ]
INFO: [ app_init ] --END-- [ RunTime:0.000154s ]
ERR: 无法加载模块:Component

[ 2018-03-28T19:58:54+08:00 ] 220.181.125.186 /index.php/component/virtuemart/18177018-Liver%20cancer%20(MEAR%20cells)-8-detail
INFO: [ app_init ] --START--
INFO: Run Behavior\BuildLiteBehavior [ RunTime:0.000017s ]
INFO: [ app_init ] --END-- [ RunTime:0.000403s ]
ERR: 无法加载模块:Component

[ 2018-03-28T20:01:47+08:00 ] 87.175.20.108 /index.php/component/virtuemart/18252191-Rabbit%20IgG-1-detail
INFO: [ app_init ] --START--
INFO: Run Behavior\BuildLiteBehavior [ RunTime:0.000020s ]
INFO: [ app_init ] --END-- [ RunTime:0.000412s ]
ERR: 无法加载模块:Component

[ 2018-03-28T20:01:48+08:00 ] 87.175.20.108 /favicon.ico
INFO: [ app_init ] --START--
INFO: Run Behavior\BuildLiteBehavior [ RunTime:0.000016s ]
INFO: [ app_init ] --END-- [ RunTime:0.000168s ]
ERR: 无法加载模块:Favicon

[ 2018-03-28T20:01:48+08:00 ] 87.175.20.108 /favicon.ico
INFO: [ app_init ] --START--
INFO: Run Behavior\BuildLiteBehavior [ RunTime:0.000017s ]
INFO: [ app_init ] --END-- [ RunTime:0.000197s ]
ERR: 无法加载模块:Favicon

[ 2018-03-28T20:02:11+08:00 ] 87.175.20.108 /favicon.ico
INFO: [ app_init ] --START--
INFO: Run Behavior\BuildLiteBehavior [ RunTime:0.000028s ]
INFO: [ app_init ] --END-- [ RunTime:0.000182s ]
ERR: 无法加载模块:Favicon

[ 2018-03-28T20:05:16+08:00 ] 66.249.79.157 /index.php/component/virtuemart/by,mf_name/results,3526-3540
INFO: [ app_init ] --START--
INFO: Run Behavior\BuildLiteBehavior [ RunTime:0.000017s ]
INFO: [ app_init ] --END-- [ RunTime:0.000394s ]
ERR: 无法加载模块:Component

[ 2018-03-28T20:07:54+08:00 ] 66.249.79.158 /index.php/component/virtuemart/by,mf_name/results,3406-3420
INFO: [ app_init ] --START--
INFO: Run Behavior\BuildLiteBehavior [ RunTime:0.000018s ]
INFO: [ app_init ] --END-- [ RunTime:0.000388s ]
ERR: 无法加载模块:Component

[ 2018-03-28T20:10:32+08:00 ] 66.249.79.158 /index.php/component/virtuemart/by,mf_name/results,3601-3615
INFO: [ app_init ] --START--
INFO: Run Behavior\BuildLiteBehavior [ RunTime:0.000014s ]
INFO: [ app_init ] --END-- [ RunTime:0.000147s ]
ERR: 无法加载模块:Component

[ 2018-03-28T20:11:54+08:00 ] 180.76.15.140 /index.php/component/virtuemart/19243167-Thrombin-4-detail?tmpl=component&print=1&Itemid=168
INFO: [ app_init ] --START--
INFO: Run Behavior\BuildLiteBehavior [ RunTime:0.000020s ]
INFO: [ app_init ] --END-- [ RunTime:0.000217s ]
ERR: 无法加载模块:Component

[ 2018-03-28T20:13:44+08:00 ] 66.249.79.157 /index.php/component/virtuemart/by,mf_name/results,3391-3405
INFO: [ app_init ] --START--
INFO: Run Behavior\BuildLiteBehavior [ RunTime:0.000014s ]
INFO: [ app_init ] --END-- [ RunTime:0.000153s ]
ERR: 无法加载模块:Component

[ 2018-03-28T20:13:47+08:00 ] 183.240.202.9 /favicon.ico
INFO: [ app_init ] --START--
INFO: Run Behavior\BuildLiteBehavior [ RunTime:0.000015s ]
INFO: [ app_init ] --END-- [ RunTime:0.000171s ]
ERR: 无法加载模块:Favicon

[ 2018-03-28T20:13:56+08:00 ] 117.184.117.19 /favicon.ico
INFO: [ app_init ] --START--
INFO: Run Behavior\BuildLiteBehavior [ RunTime:0.000014s ]
INFO: [ app_init ] --END-- [ RunTime:0.000155s ]
ERR: 无法加载模块:Favicon

[ 2018-03-28T20:13:56+08:00 ] 117.184.117.19 /favicon.ico
INFO: [ app_init ] --START--
INFO: Run Behavior\BuildLiteBehavior [ RunTime:0.000015s ]
INFO: [ app_init ] --END-- [ RunTime:0.000158s ]
ERR: 无法加载模块:Favicon

[ 2018-03-28T20:14:02+08:00 ] 183.240.202.9 /html/js/wow.min.js
INFO: [ app_init ] --START--
INFO: Run Behavior\BuildLiteBehavior [ RunTime:0.000014s ]
INFO: [ app_init ] --END-- [ RunTime:0.000148s ]
ERR: 无法加载模块:Html

[ 2018-03-28T20:14:18+08:00 ] 183.240.202.9 /favicon.ico
INFO: [ app_init ] --START--
INFO: Run Behavior\BuildLiteBehavior [ RunTime:0.000021s ]
INFO: [ app_init ] --END-- [ RunTime:0.000235s ]
ERR: 无法加载模块:Favicon

[ 2018-03-28T20:14:29+08:00 ] 66.249.79.156 /index.php/component/virtuemart/16042414-MC1-12-detail
INFO: [ app_init ] --START--
INFO: Run Behavior\BuildLiteBehavior [ RunTime:0.000017s ]
INFO: [ app_init ] --END-- [ RunTime:0.000193s ]
ERR: 无法加载模块:Component

[ 2018-03-28T20:15:27+08:00 ] 183.240.202.9 /css/home.css
INFO: [ app_init ] --START--
INFO: Run Behavior\BuildLiteBehavior [ RunTime:0.000020s ]
INFO: [ app_init ] --END-- [ RunTime:0.000220s ]
ERR: 无法加载模块:Css

[ 2018-03-28T20:15:27+08:00 ] 183.240.202.9 /img/angellist.png
INFO: [ app_init ] --START--
INFO: Run Behavior\BuildLiteBehavior [ RunTime:0.000015s ]
INFO: [ app_init ] --END-- [ RunTime:0.000156s ]
ERR: 无法加载模块:Img

[ 2018-03-28T20:15:27+08:00 ] 183.240.202.9 /js/bootstrap.min.js
INFO: [ app_init ] --START--
INFO: Run Behavior\BuildLiteBehavior [ RunTime:0.000014s ]
INFO: [ app_init ] --END-- [ RunTime:0.000148s ]
ERR: 无法加载模块:Js

[ 2018-03-28T20:15:28+08:00 ] 183.240.202.9 /js/jquery.min.js
INFO: [ app_init ] --START--
INFO: Run Behavior\BuildLiteBehavior [ RunTime:0.000015s ]
INFO: [ app_init ] --END-- [ RunTime:0.000153s ]
ERR: 无法加载模块:Js

[ 2018-03-28T20:15:28+08:00 ] 183.240.202.9 /js/wow.min.js
INFO: [ app_init ] --START--
INFO: Run Behavior\BuildLiteBehavior [ RunTime:0.000013s ]
INFO: [ app_init ] --END-- [ RunTime:0.000147s ]
ERR: 无法加载模块:Js

[ 2018-03-28T20:15:28+08:00 ] 183.240.202.9 /img/xibao.png
INFO: [ app_init ] --START--
INFO: Run Behavior\BuildLiteBehavior [ RunTime:0.000020s ]
INFO: [ app_init ] --END-- [ RunTime:0.000223s ]
ERR: 无法加载模块:Img

[ 2018-03-28T20:15:28+08:00 ] 183.240.202.9 /img/startbc.png
INFO: [ app_init ] --START--
INFO: Run Behavior\BuildLiteBehavior [ RunTime:0.000014s ]
INFO: [ app_init ] --END-- [ RunTime:0.000146s ]
ERR: 无法加载模块:Img

[ 2018-03-28T20:15:28+08:00 ] 183.240.202.9 /img/cyberport.png
INFO: [ app_init ] --START--
INFO: Run Behavior\BuildLiteBehavior [ RunTime:0.000014s ]
INFO: [ app_init ] --END-- [ RunTime:0.000145s ]
ERR: 无法加载模块:Img

[ 2018-03-28T20:15:28+08:00 ] 183.240.202.9 /img/CrunchBase.png
INFO: [ app_init ] --START--
INFO: Run Behavior\BuildLiteBehavior [ RunTime:0.000021s ]
INFO: [ app_init ] --END-- [ RunTime:0.000219s ]
ERR: 无法加载模块:Img

[ 2018-03-28T20:15:28+08:00 ] 183.240.202.9 /img/cambridge.png
INFO: [ app_init ] --START--
INFO: Run Behavior\BuildLiteBehavior [ RunTime:0.000019s ]
INFO: [ app_init ] --END-- [ RunTime:0.000198s ]
ERR: 无法加载模块:Img

[ 2018-03-28T20:15:28+08:00 ] 183.240.202.9 /img/ARM.png
INFO: [ app_init ] --START--
INFO: Run Behavior\BuildLiteBehavior [ RunTime:0.000018s ]
INFO: [ app_init ] --END-- [ RunTime:0.000184s ]
ERR: 无法加载模块:Img

[ 2018-03-28T20:15:29+08:00 ] 183.240.202.9 /img/johnson.png
INFO: [ app_init ] --START--
INFO: Run Behavior\BuildLiteBehavior [ RunTime:0.000022s ]
INFO: [ app_init ] --END-- [ RunTime:0.000229s ]
ERR: 无法加载模块:Img

[ 2018-03-28T20:15:29+08:00 ] 183.240.202.9 /img/hax.png
INFO: [ app_init ] --START--
INFO: Run Behavior\BuildLiteBehavior [ RunTime:0.000021s ]
INFO: [ app_init ] --END-- [ RunTime:0.000223s ]
ERR: 无法加载模块:Img

[ 2018-03-28T20:15:49+08:00 ] 66.249.79.157 /index.php/component/virtuemart/by,mf_name/results,3376-3390
INFO: [ app_init ] --START--
INFO: Run Behavior\BuildLiteBehavior [ RunTime:0.000012s ]
INFO: [ app_init ] --END-- [ RunTime:0.000145s ]
ERR: 无法加载模块:Component

[ 2018-03-28T20:17:38+08:00 ] 183.240.202.9 /html/download.html
INFO: [ app_init ] --START--
INFO: Run Behavior\BuildLiteBehavior [ RunTime:0.000014s ]
INFO: [ app_init ] --END-- [ RunTime:0.000147s ]
ERR: 无法加载模块:Html

[ 2018-03-28T20:17:41+08:00 ] 183.240.202.9 /html/download.html
INFO: [ app_init ] --START--
INFO: Run Behavior\BuildLiteBehavior [ RunTime:0.000044s ]
INFO: [ app_init ] --END-- [ RunTime:0.000233s ]
ERR: 无法加载模块:Html

[ 2018-03-28T20:18:27+08:00 ] 66.249.79.156 /index.php/component/virtuemart/by,mf_name/results,3421-3435
INFO: [ app_init ] --START--
INFO: Run Behavior\BuildLiteBehavior [ RunTime:0.000014s ]
INFO: [ app_init ] --END-- [ RunTime:0.000152s ]
ERR: 无法加载模块:Component

[ 2018-03-28T20:21:05+08:00 ] 66.249.79.156 /index.php/component/virtuemart/by,mf_name/results,3436-3450
INFO: [ app_init ] --START--
INFO: Run Behavior\BuildLiteBehavior [ RunTime:0.000017s ]
INFO: [ app_init ] --END-- [ RunTime:0.000179s ]
ERR: 无法加载模块:Component

[ 2018-03-28T20:21:10+08:00 ] 117.136.40.222 /favicon.ico
INFO: [ app_init ] --START--
INFO: Run Behavior\BuildLiteBehavior [ RunTime:0.000016s ]
INFO: [ app_init ] --END-- [ RunTime:0.000166s ]
ERR: 无法加载模块:Favicon

[ 2018-03-28T20:23:43+08:00 ] 66.249.79.156 /index.php/component/virtuemart/by,product_sku/results,3526-3540
INFO: [ app_init ] --START--
INFO: Run Behavior\BuildLiteBehavior [ RunTime:0.000014s ]
INFO: [ app_init ] --END-- [ RunTime:0.000367s ]
ERR: 无法加载模块:Component

[ 2018-03-28T20:25:48+08:00 ] 183.240.202.9 /html/solutions.html
INFO: [ app_init ] --START--
INFO: Run Behavior\BuildLiteBehavior [ RunTime:0.000021s ]
INFO: [ app_init ] --END-- [ RunTime:0.000224s ]
ERR: 无法加载模块:Html

[ 2018-03-28T20:26:15+08:00 ] 180.76.15.135 /index.php/datahub/aptamers/dna-aptamers/17033199B-MUC1%20peptide%20APDTRPAPG-2-detail
INFO: [ app_init ] --START--
INFO: Run Behavior\BuildLiteBehavior [ RunTime:0.000020s ]
INFO: [ app_init ] --END-- [ RunTime:0.000213s ]
ERR: 无法加载模块:Datahub

[ 2018-03-28T20:26:21+08:00 ] 66.249.79.157 /index.php/component/virtuemart/by,product_sku/results,3616-3630
INFO: [ app_init ] --START--
INFO: Run Behavior\BuildLiteBehavior [ RunTime:0.000012s ]
INFO: [ app_init ] --END-- [ RunTime:0.000140s ]
ERR: 无法加载模块:Component

[ 2018-03-28T20:28:59+08:00 ] 66.249.79.158 /index.php/component/virtuemart/by,product_sku/results,3391-3405
INFO: [ app_init ] --START--
INFO: Run Behavior\BuildLiteBehavior [ RunTime:0.000023s ]
INFO: [ app_init ] --END-- [ RunTime:0.000562s ]
ERR: 无法加载模块:Component

[ 2018-03-28T20:30:36+08:00 ] 180.76.15.139 /index.php/component/virtuemart/16940549-eIF4G-6-detail?tmpl=component&print=1
INFO: [ app_init ] --START--
INFO: Run Behavior\BuildLiteBehavior [ RunTime:0.000023s ]
INFO: [ app_init ] --END-- [ RunTime:0.000181s ]
ERR: 无法加载模块:Component

[ 2018-03-28T20:32:28+08:00 ] 183.240.202.9 /html/solutions.html
INFO: [ app_init ] --START--
INFO: Run Behavior\BuildLiteBehavior [ RunTime:0.000015s ]
INFO: [ app_init ] --END-- [ RunTime:0.000163s ]
ERR: 无法加载模块:Html

[ 2018-03-28T20:32:31+08:00 ] 183.240.202.9 /html/solutions.html
INFO: [ app_init ] --START--
INFO: Run Behavior\BuildLiteBehavior [ RunTime:0.000021s ]
INFO: [ app_init ] --END-- [ RunTime:0.000213s ]
ERR: 无法加载模块:Html

[ 2018-03-28T20:32:58+08:00 ] 66.249.79.158 /index.php/component/virtuemart/by,product_sku/results,3631-3645
INFO: [ app_init ] --START--
INFO: Run Behavior\BuildLiteBehavior [ RunTime:0.000020s ]
INFO: [ app_init ] --END-- [ RunTime:0.000200s ]
ERR: 无法加载模块:Component

[ 2018-03-28T20:33:01+08:00 ] 183.240.202.9 /html/solutions.html
INFO: [ app_init ] --START--
INFO: Run Behavior\BuildLiteBehavior [ RunTime:0.000016s ]
INFO: [ app_init ] --END-- [ RunTime:0.000161s ]
ERR: 无法加载模块:Html

[ 2018-03-28T20:33:12+08:00 ] 183.240.202.9 /html/solutions.html
INFO: [ app_init ] --START--
INFO: Run Behavior\BuildLiteBehavior [ RunTime:0.000016s ]
INFO: [ app_init ] --END-- [ RunTime:0.000160s ]
ERR: 无法加载模块:Html

[ 2018-03-28T20:33:16+08:00 ] 183.240.202.9 /html/solutions.html
INFO: [ app_init ] --START--
INFO: Run Behavior\BuildLiteBehavior [ RunTime:0.000015s ]
INFO: [ app_init ] --END-- [ RunTime:0.000157s ]
ERR: 无法加载模块:Html

[ 2018-03-28T20:34:16+08:00 ] 66.249.79.156 /index.php/component/virtuemart/by,product_sku/results,3601-3615
INFO: [ app_init ] --START--
INFO: Run Behavior\BuildLiteBehavior [ RunTime:0.000022s ]
INFO: [ app_init ] --END-- [ RunTime:0.000232s ]
ERR: 无法加载模块:Component

[ 2018-03-28T20:36:54+08:00 ] 66.249.79.157 /index.php/component/virtuemart/by,product_sku/results,3646-3660
INFO: [ app_init ] --START--
INFO: Run Behavior\BuildLiteBehavior [ RunTime:0.000016s ]
INFO: [ app_init ] --END-- [ RunTime:0.000158s ]
ERR: 无法加载模块:Component

[ 2018-03-28T20:39:32+08:00 ] 66.249.79.156 /index.php/component/virtuemart/by,product_sku/results,3376-3390
INFO: [ app_init ] --START--
INFO: Run Behavior\BuildLiteBehavior [ RunTime:0.000017s ]
INFO: [ app_init ] --END-- [ RunTime:0.000381s ]
ERR: 无法加载模块:Component

[ 2018-03-28T20:42:10+08:00 ] 66.249.79.158 /index.php/component/virtuemart/by,product_sku/results,3436-3450
INFO: [ app_init ] --START--
INFO: Run Behavior\BuildLiteBehavior [ RunTime:0.000017s ]
INFO: [ app_init ] --END-- [ RunTime:0.000388s ]
ERR: 无法加载模块:Component

[ 2018-03-28T20:42:22+08:00 ] 183.240.202.9 /favicon.ico
INFO: [ app_init ] --START--
INFO: Run Behavior\BuildLiteBehavior [ RunTime:0.000013s ]
INFO: [ app_init ] --END-- [ RunTime:0.000157s ]
ERR: 无法加载模块:Favicon

[ 2018-03-28T20:42:29+08:00 ] 183.240.202.9 /html/solutions.html
INFO: [ app_init ] --START--
INFO: Run Behavior\BuildLiteBehavior [ RunTime:0.000015s ]
INFO: [ app_init ] --END-- [ RunTime:0.000157s ]
ERR: 无法加载模块:Html

[ 2018-03-28T20:42:32+08:00 ] 183.240.202.9 /html/solutions.html
INFO: [ app_init ] --START--
INFO: Run Behavior\BuildLiteBehavior [ RunTime:0.000020s ]
INFO: [ app_init ] --END-- [ RunTime:0.000215s ]
ERR: 无法加载模块:Html

[ 2018-03-28T20:42:34+08:00 ] 183.240.202.9 /html/download.html
INFO: [ app_init ] --START--
INFO: Run Behavior\BuildLiteBehavior [ RunTime:0.000017s ]
INFO: [ app_init ] --END-- [ RunTime:0.000156s ]
ERR: 无法加载模块:Html

[ 2018-03-28T20:44:48+08:00 ] 66.249.79.158 /index.php/component/virtuemart/by,product_sku/results,3406-3420
INFO: [ app_init ] --START--
INFO: Run Behavior\BuildLiteBehavior [ RunTime:0.000014s ]
INFO: [ app_init ] --END-- [ RunTime:0.000157s ]
ERR: 无法加载模块:Component

[ 2018-03-28T20:47:47+08:00 ] 66.249.79.156 /index.php/component/virtuemart/by,product_sku/results,3421-3435
INFO: [ app_init ] --START--
INFO: Run Behavior\BuildLiteBehavior [ RunTime:0.000018s ]
INFO: [ app_init ] --END-- [ RunTime:0.000395s ]
ERR: 无法加载模块:Component

[ 2018-03-28T20:49:18+08:00 ] 180.76.15.18 /index.php/datahub/aptamers/rna-aptamers/9722591-26%20S%20subgenomic%20RNA%20of%20Sindbis%20virus-20-detail
INFO: [ app_init ] --START--
INFO: Run Behavior\BuildLiteBehavior [ RunTime:0.000013s ]
INFO: [ app_init ] --END-- [ RunTime:0.000157s ]
ERR: 无法加载模块:Datahub

[ 2018-03-28T20:50:05+08:00 ] 66.249.79.157 /index.php/component/virtuemart/by,product_name/results,3601-3615
INFO: [ app_init ] --START--
INFO: Run Behavior\BuildLiteBehavior [ RunTime:0.000014s ]
INFO: [ app_init ] --END-- [ RunTime:0.000148s ]
ERR: 无法加载模块:Component

[ 2018-03-28T20:52:43+08:00 ] 66.249.79.156 /index.php/component/virtuemart/by,product_name/results,3436-3450
INFO: [ app_init ] --START--
INFO: Run Behavior\BuildLiteBehavior [ RunTime:0.000017s ]
INFO: [ app_init ] --END-- [ RunTime:0.000421s ]
ERR: 无法加载模块:Component

[ 2018-03-28T20:55:21+08:00 ] 66.249.79.158 /index.php/component/virtuemart/by,product_name/results,3631-3645
INFO: [ app_init ] --START--
INFO: Run Behavior\BuildLiteBehavior [ RunTime:0.000016s ]
INFO: [ app_init ] --END-- [ RunTime:0.000168s ]
ERR: 无法加载模块:Component

[ 2018-03-28T20:55:44+08:00 ] 183.240.202.9 /favicon.ico
INFO: [ app_init ] --START--
INFO: Run Behavior\BuildLiteBehavior [ RunTime:0.000016s ]
INFO: [ app_init ] --END-- [ RunTime:0.000155s ]
ERR: 无法加载模块:Favicon

[ 2018-03-28T20:55:48+08:00 ] 183.240.202.9 /html/solutions.html
INFO: [ app_init ] --START--
INFO: Run Behavior\BuildLiteBehavior [ RunTime:0.000016s ]
INFO: [ app_init ] --END-- [ RunTime:0.000155s ]
ERR: 无法加载模块:Html

[ 2018-03-28T20:57:46+08:00 ] 185.100.222.177 /aptacam.bck.sql
INFO: [ app_init ] --START--
INFO: Run Behavior\BuildLiteBehavior [ RunTime:0.000013s ]
INFO: [ app_init ] --END-- [ RunTime:0.000147s ]
ERR: 无法加载模块:Aptacam.bck

[ 2018-03-28T20:58:02+08:00 ] 66.249.79.156 /index.php/component/virtuemart/by,product_name/results,3646-3660
INFO: [ app_init ] --START--
INFO: Run Behavior\BuildLiteBehavior [ RunTime:0.000020s ]
INFO: [ app_init ] --END-- [ RunTime:0.000294s ]
ERR: 无法加载模块:Component

[ 2018-03-28T21:00:38+08:00 ] 66.249.79.157 /index.php/component/virtuemart/by,product_name/results,3616-3630
INFO: [ app_init ] --START--
INFO: Run Behavior\BuildLiteBehavior [ RunTime:0.000015s ]
INFO: [ app_init ] --END-- [ RunTime:0.000165s ]
ERR: 无法加载模块:Component

[ 2018-03-28T21:03:16+08:00 ] 183.240.202.9 /index.php/Home/Tab/about
INFO: [ app_init ] --START--
INFO: Run Behavior\BuildLiteBehavior [ RunTime:0.000022s ]
INFO: [ app_init ] --END-- [ RunTime:0.000601s ]
ERR: 无法加载模块:500

[ 2018-03-28T21:03:17+08:00 ] 183.240.202.9 /index.php/Home/Tab/about
INFO: [ app_init ] --START--
INFO: Run Behavior\BuildLiteBehavior [ RunTime:0.000023s ]
INFO: [ app_init ] --END-- [ RunTime:0.000544s ]
ERR: 无法加载模块:500

[ 2018-03-28T21:03:19+08:00 ] 66.249.79.156 /index.php/component/virtuemart/by,product_name/results,3376-3390
INFO: [ app_init ] --START--
INFO: Run Behavior\BuildLiteBehavior [ RunTime:0.000016s ]
INFO: [ app_init ] --END-- [ RunTime:0.000503s ]
ERR: 无法加载模块:Component

[ 2018-03-28T21:03:32+08:00 ] 194.187.170.108 /index.php/contact-us
INFO: [ app_init ] --START--
INFO: Run Behavior\BuildLiteBehavior [ RunTime:0.000015s ]
INFO: [ app_init ] --END-- [ RunTime:0.000172s ]
ERR: 无法加载模块:Contact-us

[ 2018-03-28T21:05:54+08:00 ] 66.249.79.157 /index.php/component/virtuemart/by,product_name/results,3391-3405
INFO: [ app_init ] --START--
INFO: Run Behavior\BuildLiteBehavior [ RunTime:0.000018s ]
INFO: [ app_init ] --END-- [ RunTime:0.000172s ]
ERR: 无法加载模块:Component

[ 2018-03-28T21:08:00+08:00 ] 180.76.15.25 /index.php/component/virtuemart/19468044-FFRP-7-detail?tmpl=component&print=1&Itemid=168
INFO: [ app_init ] --START--
INFO: Run Behavior\BuildLiteBehavior [ RunTime:0.000016s ]
INFO: [ app_init ] --END-- [ RunTime:0.000160s ]
ERR: 无法加载模块:Component

[ 2018-03-28T21:08:32+08:00 ] 66.249.79.157 /index.php/component/virtuemart/by,product_name/results,3526-3540
INFO: [ app_init ] --START--
INFO: Run Behavior\BuildLiteBehavior [ RunTime:0.000024s ]
INFO: [ app_init ] --END-- [ RunTime:0.000241s ]
ERR: 无法加载模块:Component

[ 2018-03-28T21:13:48+08:00 ] 66.249.79.157 /index.php/component/virtuemart/by,product_name/results,3421-3435
INFO: [ app_init ] --START--
INFO: Run Behavior\BuildLiteBehavior [ RunTime:0.000019s ]
INFO: [ app_init ] --END-- [ RunTime:0.000401s ]
ERR: 无法加载模块:Component

[ 2018-03-28T21:15:51+08:00 ] 216.244.66.236 /index.php/datahub/aptamers/dna-aptamers?error=404
INFO: [ app_init ] --START--
INFO: Run Behavior\BuildLiteBehavior [ RunTime:0.000015s ]
INFO: [ app_init ] --END-- [ RunTime:0.000165s ]
ERR: 无法加载模块:Datahub

[ 2018-03-28T21:17:30+08:00 ] 194.187.170.108 /index.php/aboutus
INFO: [ app_init ] --START--
INFO: Run Behavior\BuildLiteBehavior [ RunTime:0.000017s ]
INFO: [ app_init ] --END-- [ RunTime:0.000169s ]
ERR: 无法加载模块:Aboutus

[ 2018-03-28T21:18:09+08:00 ] 66.249.79.158 /index.php/component/virtuemart/by,product_name/results,3406-3420
INFO: [ app_init ] --START--
INFO: Run Behavior\BuildLiteBehavior [ RunTime:0.000015s ]
INFO: [ app_init ] --END-- [ RunTime:0.000159s ]
ERR: 无法加载模块:Component

[ 2018-03-28T21:19:14+08:00 ] 40.77.167.185 /index.php/datahub/aptamers/rna-aptamers/9245404-dopamine-Ma-1-detail
INFO: [ app_init ] --START--
INFO: Run Behavior\BuildLiteBehavior [ RunTime:0.000015s ]
INFO: [ app_init ] --END-- [ RunTime:0.000165s ]
ERR: 无法加载模块:Datahub

[ 2018-03-28T21:26:42+08:00 ] 180.76.15.145 /index.php/component/virtuemart/by,category_description/results,1153-1152
INFO: [ app_init ] --START--
INFO: Run Behavior\BuildLiteBehavior [ RunTime:0.000017s ]
INFO: [ app_init ] --END-- [ RunTime:0.000394s ]
ERR: 无法加载模块:Component

[ 2018-03-28T21:28:39+08:00 ] 194.187.170.108 /index.php/datahub/aptamers
INFO: [ app_init ] --START--
INFO: Run Behavior\BuildLiteBehavior [ RunTime:0.000014s ]
INFO: [ app_init ] --END-- [ RunTime:0.000156s ]
ERR: 无法加载模块:Datahub

[ 2018-03-28T21:30:38+08:00 ] 194.187.170.108 /index.php/component/users/?view=login
INFO: [ app_init ] --START--
INFO: Run Behavior\BuildLiteBehavior [ RunTime:0.000019s ]
INFO: [ app_init ] --END-- [ RunTime:0.000255s ]
ERR: 无法加载模块:Component

[ 2018-03-28T21:45:24+08:00 ] 180.76.15.26 /index.php/datahub/aptamers/rna-aptamers/9383430-AMGs-3-detail
INFO: [ app_init ] --START--
INFO: Run Behavior\BuildLiteBehavior [ RunTime:0.000014s ]
INFO: [ app_init ] --END-- [ RunTime:0.000151s ]
ERR: 无法加载模块:Datahub

[ 2018-03-28T21:54:05+08:00 ] 194.187.170.108 /index.php/component/users/?view=remind
INFO: [ app_init ] --START--
INFO: Run Behavior\BuildLiteBehavior [ RunTime:0.000019s ]
INFO: [ app_init ] --END-- [ RunTime:0.000403s ]
ERR: 无法加载模块:Component

[ 2018-03-28T21:55:32+08:00 ] 180.76.15.157 /index.php/datahub/aptamers/dna-aptamers/9831529-sulforhodamine%20B-Ma-3-detail
INFO: [ app_init ] --START--
INFO: Run Behavior\BuildLiteBehavior [ RunTime:0.000015s ]
INFO: [ app_init ] --END-- [ RunTime:0.000165s ]
ERR: 无法加载模块:Datahub

[ 2018-03-28T22:01:16+08:00 ] 66.249.79.157 /index.php/component/virtuemart/by,product_sku/results,3541-3690?Itemid=0
INFO: [ app_init ] --START--
INFO: Run Behavior\BuildLiteBehavior [ RunTime:0.000021s ]
INFO: [ app_init ] --END-- [ RunTime:0.000412s ]
ERR: 无法加载模块:Component

[ 2018-03-28T22:04:06+08:00 ] 180.76.15.19 /index.php/component/virtuemart/18983163-ochratoxin%20A-6-detail?Itemid=168
INFO: [ app_init ] --START--
INFO: Run Behavior\BuildLiteBehavior [ RunTime:0.000015s ]
INFO: [ app_init ] --END-- [ RunTime:0.000385s ]
ERR: 无法加载模块:Component

[ 2018-03-28T22:08:43+08:00 ] 192.0.102.142 /images/00562564.jpg
INFO: [ app_init ] --START--
INFO: Run Behavior\BuildLiteBehavior [ RunTime:0.000015s ]
INFO: [ app_init ] --END-- [ RunTime:0.000381s ]
ERR: 无法加载模块:Images

[ 2018-03-28T22:09:12+08:00 ] 66.249.79.158 /index.php/component/virtuemart/by,product_desc/results,3586-3600?Itemid=0
INFO: [ app_init ] --START--
INFO: Run Behavior\BuildLiteBehavior [ RunTime:0.000014s ]
INFO: [ app_init ] --END-- [ RunTime:0.000172s ]
ERR: 无法加载模块:Component

[ 2018-03-28T22:09:29+08:00 ] 216.244.66.236 /index.php/component/virtuemart/12873145-ATP-49-detail
INFO: [ app_init ] --START--
INFO: Run Behavior\BuildLiteBehavior [ RunTime:0.000020s ]
INFO: [ app_init ] --END-- [ RunTime:0.000217s ]
ERR: 无法加载模块:Component

[ 2018-03-28T22:12:31+08:00 ] 66.249.79.109 /favicon.ico
INFO: [ app_init ] --START--
INFO: Run Behavior\BuildLiteBehavior [ RunTime:0.000018s ]
INFO: [ app_init ] --END-- [ RunTime:0.000398s ]
ERR: 无法加载模块:Favicon

[ 2018-03-28T22:18:41+08:00 ] 117.40.44.143 /favicon.ico
INFO: [ app_init ] --START--
INFO: Run Behavior\BuildLiteBehavior [ RunTime:0.000020s ]
INFO: [ app_init ] --END-- [ RunTime:0.000410s ]
ERR: 无法加载模块:Favicon

[ 2018-03-28T22:19:02+08:00 ] 89.197.71.236 /index.php/component/virtuemart/18252191-Rabbit%20IgG-1-detail
INFO: [ app_init ] --START--
INFO: Run Behavior\BuildLiteBehavior [ RunTime:0.000022s ]
INFO: [ app_init ] --END-- [ RunTime:0.000173s ]
ERR: 无法加载模块:Component

[ 2018-03-28T22:19:02+08:00 ] 89.197.71.236 /favicon.ico
INFO: [ app_init ] --START--
INFO: Run Behavior\BuildLiteBehavior [ RunTime:0.000014s ]
INFO: [ app_init ] --END-- [ RunTime:0.000145s ]
ERR: 无法加载模块:Favicon

[ 2018-03-28T22:22:48+08:00 ] 180.76.15.134 /index.php/datahub/aptamers/rna-aptamers/9184141-CCdApPuro-2-detail
INFO: [ app_init ] --START--
INFO: Run Behavior\BuildLiteBehavior [ RunTime:0.000020s ]
INFO: [ app_init ] --END-- [ RunTime:0.000403s ]
ERR: 无法加载模块:Datahub

[ 2018-03-28T22:24:52+08:00 ] 40.77.167.112 /index.php/component/users/?view=remind
INFO: [ app_init ] --START--
INFO: Run Behavior\BuildLiteBehavior [ RunTime:0.000013s ]
INFO: [ app_init ] --END-- [ RunTime:0.000157s ]
ERR: 无法加载模块:Component

[ 2018-03-28T22:30:49+08:00 ] 192.0.102.142 /images/00562564.jpg
INFO: [ app_init ] --START--
INFO: Run Behavior\BuildLiteBehavior [ RunTime:0.000018s ]
INFO: [ app_init ] --END-- [ RunTime:0.000403s ]
ERR: 无法加载模块:Images

[ 2018-03-28T22:33:18+08:00 ] 66.249.79.157 /index.php/component/virtuemart/by,product_name/results,3541-3600?Itemid=0
INFO: [ app_init ] --START--
INFO: Run Behavior\BuildLiteBehavior [ RunTime:0.000018s ]
INFO: [ app_init ] --END-- [ RunTime:0.000217s ]
ERR: 无法加载模块:Component

[ 2018-03-28T22:40:00+08:00 ] 120.237.44.57 /index.php/component/users/?view=registration
INFO: [ app_init ] --START--
INFO: Run Behavior\BuildLiteBehavior [ RunTime:0.000017s ]
INFO: [ app_init ] --END-- [ RunTime:0.000387s ]
ERR: 无法加载模块:Component

[ 2018-03-28T22:41:22+08:00 ] 185.100.222.177 /data.sql
INFO: [ app_init ] --START--
INFO: Run Behavior\BuildLiteBehavior [ RunTime:0.000020s ]
INFO: [ app_init ] --END-- [ RunTime:0.000222s ]
ERR: 无法加载模块:Data

[ 2018-03-28T22:41:30+08:00 ] 180.76.15.8 /index.php/2-uncategorised/16-education
INFO: [ app_init ] --START--
INFO: Run Behavior\BuildLiteBehavior [ RunTime:0.000017s ]
INFO: [ app_init ] --END-- [ RunTime:0.000203s ]
ERR: 无法加载模块:2-uncategorised

[ 2018-03-28T22:47:13+08:00 ] 180.76.15.157 /index.php/datahub/aptamers/rna-aptamers/10671532-Pepocin-20-detail
INFO: [ app_init ] --START--
INFO: Run Behavior\BuildLiteBehavior [ RunTime:0.000016s ]
INFO: [ app_init ] --END-- [ RunTime:0.000376s ]
ERR: 无法加载模块:Datahub

[ 2018-03-28T22:48:33+08:00 ] 192.162.167.196 /index.php/datahub/aptamers
INFO: [ app_init ] --START--
INFO: Run Behavior\BuildLiteBehavior [ RunTime:0.000012s ]
INFO: [ app_init ] --END-- [ RunTime:0.000146s ]
ERR: 无法加载模块:Datahub

[ 2018-03-28T22:59:17+08:00 ] 66.249.79.156 /index.php/component/virtuemart/by,mf_name/results,3541-3570?Itemid=0
INFO: [ app_init ] --START--
INFO: Run Behavior\BuildLiteBehavior [ RunTime:0.000017s ]
INFO: [ app_init ] --END-- [ RunTime:0.000398s ]
ERR: 无法加载模块:Component

[ 2018-03-28T23:00:12+08:00 ] 180.76.15.15 /index.php/datahub/aptamers/dna-aptamers/9062133%EF%BC%8DNeutrophil%20elastase%EF%BC%8D34-detail
INFO: [ app_init ] --START--
INFO: Run Behavior\BuildLiteBehavior [ RunTime:0.000022s ]
INFO: [ app_init ] --END-- [ RunTime:0.000234s ]
ERR: 无法加载模块:Datahub

[ 2018-03-28T23:18:55+08:00 ] 180.76.15.154 /index.php/datahub/aptamers/dna-aptamers/1741036-Thrombin-Ma-1-detail
INFO: [ app_init ] --START--
INFO: Run Behavior\BuildLiteBehavior [ RunTime:0.000026s ]
INFO: [ app_init ] --END-- [ RunTime:0.000598s ]
ERR: 无法加载模块:Datahub

[ 2018-03-28T23:23:11+08:00 ] 66.249.79.158 /index.php/component/virtuemart/by,category_name/results,3451-3465?Itemid=0
INFO: [ app_init ] --START--
INFO: Run Behavior\BuildLiteBehavior [ RunTime:0.000017s ]
INFO: [ app_init ] --END-- [ RunTime:0.000385s ]
ERR: 无法加载模块:Component

[ 2018-03-28T23:37:37+08:00 ] 180.76.15.159 /index.php/datahub/aptamers/dna-aptamers/8916928-PDGF-BB-Ma-2-detail
INFO: [ app_init ] --START--
INFO: Run Behavior\BuildLiteBehavior [ RunTime:0.000017s ]
INFO: [ app_init ] --END-- [ RunTime:0.000384s ]
ERR: 无法加载模块:Datahub

[ 2018-03-28T23:38:53+08:00 ] 180.76.15.14 /index.php/datahub/aptamers/dna-aptamers/24043813-plasmodium-lactate-dehydrogenase-detail
INFO: [ app_init ] --START--
INFO: Run Behavior\BuildLiteBehavior [ RunTime:0.000017s ]
INFO: [ app_init ] --END-- [ RunTime:0.000170s ]
ERR: 无法加载模块:Datahub

[ 2018-03-28T23:53:34+08:00 ] 66.249.79.157 /index.php/component/virtuemart/by,product_desc/results,3451-3465?Itemid=0
INFO: [ app_init ] --START--
INFO: Run Behavior\BuildLiteBehavior [ RunTime:0.000017s ]
INFO: [ app_init ] --END-- [ RunTime:0.000385s ]
ERR: 无法加载模块:Component

[ 2018-03-28T23:56:19+08:00 ] 180.76.15.32 /index.php/component/virtuemart/21306108-Acetamiprid-1-detail?tmpl=component&print=1
INFO: [ app_init ] --START--
INFO: Run Behavior\BuildLiteBehavior [ RunTime:0.000016s ]
INFO: [ app_init ] --END-- [ RunTime:0.000174s ]
ERR: 无法加载模块:Component

